#
# A fatal error has been detected by the Java Runtime Environment:
#
#  EXCEPTION_ACCESS_VIOLATION (0xc0000005) at pc=0x00007ffb33d708af, pid=4696, tid=3084
#
# JRE version: Java(TM) SE Runtime Environment (17.0.1+12) (build 17.0.1+12-LTS-39)
# Java VM: Java HotSpot(TM) 64-Bit Server VM (17.0.1+12-LTS-39, mixed mode, sharing, tiered, compressed oops, compressed class ptrs, g1 gc, windows-amd64)
# Problematic frame:
# C  [igd10umd64.dll+0x2e08af]
#
# No core dump will be written. Minidumps are not enabled by default on client versions of Windows
#
# If you would like to submit a bug report, please visit:
#   https://bugreport.java.com/bugreport/crash.jsp
# The crash happened outside the Java Virtual Machine in native code.
# See problematic frame for where to report the bug.
#

---------------  S U M M A R Y ------------

Command Line: -Dfile.encoding=GB18030 -Dminecraft.client.jar=G:\360驱动大师目录\versions\1.16.5\1.16.5.jar -XX:+UnlockExperimentalVMOptions -XX:+UseG1GC -XX:G1NewSizePercent=20 -XX:G1ReservePercent=20 -XX:MaxGCPauseMillis=50 -XX:G1HeapRegionSize=16m -XX:-UseAdaptiveSizePolicy -XX:-OmitStackTraceInFastThrow -XX:-DontCompileHugeMethods -Xmn128m -Xmx4389m -Dfml.ignoreInvalidMinecraftCertificates=true -Dfml.ignorePatchDiscrepancies=true -Djava.rmi.server.useCodebaseOnly=true -Dcom.sun.jndi.rmi.object.trustURLCodebase=false -Dcom.sun.jndi.cosnaming.object.trustURLCodebase=false -Dlog4j2.formatMsgNoLookups=true -Dlog4j.configurationFile=G:\360驱动大师目录\versions\1.16.5\log4j2.xml -XX:HeapDumpPath=MojangTricksIntelDriversForPerformance_javaw.exe_minecraft.exe.heapdump -Djava.library.path=G:\360驱动大师目录\versions\1.16.5\natives-windows-x86_64 -Dminecraft.launcher.brand=HMCL -Dminecraft.launcher.version=3.5.2.218 -javaagent:C:\Users\rongya\AppData\Roaming\.hmcl\log4j-patch-agent-1.0.jar=false net.minecraft.client.main.Main --username z/？ --version 1.16.5 --gameDir G:\360驱动大师目录 --assetsDir G:\360驱动大师目录\assets --assetIndex 1.16 --uuid 9105b5188c88378ea5a65d8919c78a4e --accessToken ed17dcece2394130b5380e07d97d836b --userType mojang --versionType HMCL 3.5.2.218 --width 854 --height 480

Host: Intel(R) Core(TM) i7-2620M CPU @ 2.70GHz, 4 cores, 7G,  Windows 10 , 64 bit Build 14393 (10.0.14393.4651)
Time: Mon Feb 21 11:42:28 2022 中国标准时间 elapsed time: 46.761450 seconds (0d 0h 0m 46s)

---------------  T H R E A D  ---------------

Current thread (0x000001e483e85640):  JavaThread "Render thread" [_thread_in_native, id=3084, stack(0x0000000d57800000,0x0000000d57900000)]

Stack: [0x0000000d57800000,0x0000000d57900000],  sp=0x0000000d578f9a30,  free space=998k
Native frames: (J=compiled Java code, j=interpreted, Vv=VM code, C=native code)
C  [igd10umd64.dll+0x2e08af]

Java frames: (J=compiled Java code, j=interpreted, Vv=VM code)
j  org.lwjgl.system.JNI.invokePV(JJ)V+0
j  org.lwjgl.glfw.GLFW.glfwSwapBuffers(J)V+17
j  com.mojang.blaze3d.systems.RenderSystem.flipFrame(J)V+16
j  dez.e()V+4
j  djz.e(Z)V+504
j  djz.e()V+68
j  net.minecraft.client.main.Main.main([Ljava/lang/String;)V+1366
v  ~StubRoutines::call_stub

siginfo: EXCEPTION_ACCESS_VIOLATION (0xc0000005), writing address 0x00007ffb33d6e89f


Register to memory mapping:

RIP=0x00007ffb33d708af igd10umd64.dll
RAX=0x00007ffb33d6e89f igd10umd64.dll
RBX=0x0000000000000001 is an unknown value
RCX=0x000001e4b104106c points into unknown readable memory: 40 8a 58 34
RDX=0x000000000000003c is an unknown value
RSP=0x0000000d578f9a30 is pointing into the stack for thread: 0x000001e483e85640
RBP=0x000001e4b10451fc points into unknown readable memory: f8 58 59 34
RSI=0x0000000d578f9ae0 is pointing into the stack for thread: 0x000001e483e85640
RDI=0x000001e4b104587c points into unknown readable memory: 28 b8 58 34
R8 =0x0 is NULL
R9 =0x000001e4b104587c points into unknown readable memory: 28 b8 58 34
R10=0x0000000d578f9aa0 is pointing into the stack for thread: 0x000001e483e85640
R11=0x0000000000000060 is an unknown value
R12=0x000001e4aad8fa00 points into unknown readable memory: 0x0000000100000007 | 07 00 00 00 01 00 00 00
R13=0x000001e4ac62ac40 points into unknown readable memory: 0x0400500400000008 | 08 00 00 00 04 50 00 04
R14=0x000001e4b105008c points into unknown readable memory: b8 23 59 34
R15=0x000001e4ab8ab5f0 points into unknown readable memory: 0x0000000000000000 | 00 00 00 00 00 00 00 00


Registers:
RAX=0x00007ffb33d6e89f, RBX=0x0000000000000001, RCX=0x000001e4b104106c, RDX=0x000000000000003c
RSP=0x0000000d578f9a30, RBP=0x000001e4b10451fc, RSI=0x0000000d578f9ae0, RDI=0x000001e4b104587c
R8 =0x0000000000000000, R9 =0x000001e4b104587c, R10=0x0000000d578f9aa0, R11=0x0000000000000060
R12=0x000001e4aad8fa00, R13=0x000001e4ac62ac40, R14=0x000001e4b105008c, R15=0x000001e4ab8ab5f0
RIP=0x00007ffb33d708af, EFLAGS=0x0000000000010206

Top of Stack: (sp=0x0000000d578f9a30)
0x0000000d578f9a30:   0000003c0003116b 0000200300000000
0x0000000d578f9a40:   000026fb4d65d6ad 0000000000000000
0x0000000d578f9a50:   0000000000000000 00007ffb33d706f7
0x0000000d578f9a60:   0000000000000000 0000000000000000
0x0000000d578f9a70:   0000000000000000 0000000000000000
0x0000000d578f9a80:   0000000d578f9b10 000001e4b10451fc
0x0000000d578f9a90:   000001e4b10af5d8 00007ffb33d71408
0x0000000d578f9aa0:   0000000000000001 0000000000000000
0x0000000d578f9ab0:   000001e4b104587c 00007ffb3bd4f21a
0x0000000d578f9ac0:   000001e4ac62ac40 000001e4b1044d68
0x0000000d578f9ad0:   0000000d578f9b48 00007ffb33cf89c5
0x0000000d578f9ae0:   0000000000000001 0000000000000000
0x0000000d578f9af0:   000000000021007f 0000000000000000
0x0000000d578f9b00:   0000000d578f9b90 00007ffb33cff9da
0x0000000d578f9b10:   0000000000000001 000001e4b1044d68
0x0000000d578f9b20:   000001e4b1044d68 0000000000000010 

Instructions: (pc=0x00007ffb33d708af)
0x00007ffb33d707af:   8b c6 48 8b 5c 24 50 48 83 c4 20 5f 5e 5d c3 cc
0x00007ffb33d707bf:   cc cc cc cc cc cc cc cc cc cc cc cc cc cc cc cc
0x00007ffb33d707cf:   cc 48 8b 41 10 48 8b 48 20 48 8b 41 10 48 8b 48
0x00007ffb33d707df:   28 48 8b 49 18 48 8b 01 48 ff a0 d0 00 00 00 cc
0x00007ffb33d707ef:   cc cc cc cc cc cc cc cc cc cc cc cc cc cc cc cc
0x00007ffb33d707ff:   cc 48 83 ec 28 48 8b 05 e5 60 90 00 48 33 c4 48
0x00007ffb33d7080f:   89 44 24 10 4c 8b 05 2e 94 80 00 48 8b 05 2f 94
0x00007ffb33d7081f:   80 00 c7 02 01 00 00 00 4c 8b d2 8b 51 7c 48 89
0x00007ffb33d7082f:   44 24 08 81 c2 00 04 00 00 49 8b c0 4c 89 04 24
0x00007ffb33d7083f:   c1 ea 0a 48 c1 e8 20 49 c1 e8 20 33 d0 4c 8b c9
0x00007ffb33d7084f:   48 8b 49 10 8b 41 78 81 e2 ff 03 00 00 0f ba e8
0x00007ffb33d7085f:   0d 41 33 d0 80 3d b6 53 92 00 00 89 44 24 0c 89
0x00007ffb33d7086f:   54 24 04 75 07 81 0c 24 00 00 10 00 48 8b 41 50
0x00007ffb33d7087f:   48 85 c0 74 16 0f b6 48 18 8b 44 24 08 c1 e1 02
0x00007ffb33d7088f:   33 c8 83 e1 04 33 c1 89 44 24 08 41 83 79 3c 10
0x00007ffb33d7089f:   72 36 49 8b 41 30 48 85 c0 74 2d f3 0f 6f 04 24
0x00007ffb33d708af:   f3 0f 7f 00 41 83 41 40 10 41 83 41 3c f0 41 c6
0x00007ffb33d708bf:   41 78 01 49 8b c2 48 8b 4c 24 10 48 33 cc e8 ee
0x00007ffb33d708cf:   36 f6 ff 48 83 c4 28 c3 41 c7 02 04 00 00 00 49
0x00007ffb33d708df:   8b c2 48 8b 4c 24 10 48 33 cc e8 d2 36 f6 ff 48
0x00007ffb33d708ef:   83 c4 28 c3 cc cc cc cc cc cc cc cc cc cc cc cc
0x00007ffb33d708ff:   cc 48 83 ec 28 4c 8b 41 20 41 80 b8 fc 03 00 00
0x00007ffb33d7090f:   00 75 1e 48 8b 41 28 48 89 44 24 30 48 85 c0 74
0x00007ffb33d7091f:   10 49 8b 48 40 48 8d 54 24 30 41 ff 90 c8 00 00
0x00007ffb33d7092f:   00 32 c0 48 83 c4 28 c3 cc cc cc cc cc cc cc cc
0x00007ffb33d7093f:   cc 40 55 56 57 41 56 48 8d ac 24 48 fe ff ff 48
0x00007ffb33d7094f:   81 ec b8 02 00 00 48 8b f9 48 8b 49 18 48 8b f2
0x00007ffb33d7095f:   48 8b 01 48 89 9c 24 f0 02 00 00 bb 01 00 00 00
0x00007ffb33d7096f:   89 1a 33 d2 ff 90 00 01 00 00 48 8b 47 10 45 33
0x00007ffb33d7097f:   f6 83 b8 80 00 00 00 03 0f 85 f1 00 00 00 48 8b
0x00007ffb33d7098f:   4f 18 4c 89 b5 e8 01 00 00 48 8b 01 ff 90 a8 00
0x00007ffb33d7099f:   00 00 44 8b d8 44 39 b7 94 00 00 00 0f 85 8e 00 


Stack slot to memory mapping:
stack at sp + 0 slots: 0x0000003c0003116b is an unknown value
stack at sp + 1 slots: 0x0000200300000000 is an unknown value
stack at sp + 2 slots: 0x000026fb4d65d6ad is an unknown value
stack at sp + 3 slots: 0x0 is NULL
stack at sp + 4 slots: 0x0 is NULL
stack at sp + 5 slots: 0x00007ffb33d706f7 igd10umd64.dll
stack at sp + 6 slots: 0x0 is NULL
stack at sp + 7 slots: 0x0 is NULL


---------------  P R O C E S S  ---------------

Threads class SMR info:
_java_thread_list=0x000001e4ab03c4a0, length=24, elements={
0x000001e483e85640, 0x000001e4a6e07500, 0x000001e4a6e098e0, 0x000001e4a6e25290,
0x000001e4a6e26e50, 0x000001e4a6e281a0, 0x000001e4a6e2d330, 0x000001e4a6e30bc0,
0x000001e4a6e31d50, 0x000001e4a6e363e0, 0x000001e4a6dfc660, 0x000001e4a80eae70,
0x000001e4a864e020, 0x000001e4ab43f8b0, 0x000001e4a8a5d260, 0x000001e4a8129ab0,
0x000001e4a9194e80, 0x000001e4ab254a60, 0x000001e4a89a6090, 0x000001e4a89a4d50,
0x000001e4a89a43b0, 0x000001e4a89a5220, 0x000001e4a89a56f0, 0x000001e4a89a6560
}

Java Threads: ( => current thread )
=>0x000001e483e85640 JavaThread "Render thread" [_thread_in_native, id=3084, stack(0x0000000d57800000,0x0000000d57900000)]
  0x000001e4a6e07500 JavaThread "Reference Handler" daemon [_thread_blocked, id=944, stack(0x0000000d57f00000,0x0000000d58000000)]
  0x000001e4a6e098e0 JavaThread "Finalizer" daemon [_thread_blocked, id=4564, stack(0x0000000d58000000,0x0000000d58100000)]
  0x000001e4a6e25290 JavaThread "Signal Dispatcher" daemon [_thread_blocked, id=1700, stack(0x0000000d58100000,0x0000000d58200000)]
  0x000001e4a6e26e50 JavaThread "Attach Listener" daemon [_thread_blocked, id=1456, stack(0x0000000d58200000,0x0000000d58300000)]
  0x000001e4a6e281a0 JavaThread "Service Thread" daemon [_thread_blocked, id=8808, stack(0x0000000d58300000,0x0000000d58400000)]
  0x000001e4a6e2d330 JavaThread "Monitor Deflation Thread" daemon [_thread_blocked, id=9420, stack(0x0000000d58400000,0x0000000d58500000)]
  0x000001e4a6e30bc0 JavaThread "C2 CompilerThread0" daemon [_thread_blocked, id=604, stack(0x0000000d58500000,0x0000000d58600000)]
  0x000001e4a6e31d50 JavaThread "C1 CompilerThread0" daemon [_thread_blocked, id=1220, stack(0x0000000d58600000,0x0000000d58700000)]
  0x000001e4a6e363e0 JavaThread "Sweeper thread" daemon [_thread_blocked, id=7252, stack(0x0000000d58700000,0x0000000d58800000)]
  0x000001e4a6dfc660 JavaThread "Common-Cleaner" daemon [_thread_blocked, id=1460, stack(0x0000000d58800000,0x0000000d58900000)]
  0x000001e4a80eae70 JavaThread "Notification Thread" daemon [_thread_blocked, id=1200, stack(0x0000000d58900000,0x0000000d58a00000)]
  0x000001e4a864e020 JavaThread "Worker-Bootstrap-1" daemon [_thread_in_Java, id=4468, stack(0x0000000d59500000,0x0000000d59600000)]
  0x000001e4ab43f8b0 JavaThread "Worker-Bootstrap-2" daemon [_thread_in_Java, id=7192, stack(0x0000000d59600000,0x0000000d59700000)]
  0x000001e4a8a5d260 JavaThread "Worker-Bootstrap-3" daemon [_thread_in_Java, id=10080, stack(0x0000000d59700000,0x0000000d59800000)]
  0x000001e4a8129ab0 JavaThread "Timer hack thread" daemon [_thread_blocked, id=10020, stack(0x0000000d59900000,0x0000000d59a00000)]
  0x000001e4a9194e80 JavaThread "Snooper Timer" daemon [_thread_blocked, id=7512, stack(0x0000000d59a00000,0x0000000d59b00000)]
  0x000001e4ab254a60 JavaThread "Sound engine" daemon [_thread_blocked, id=5608, stack(0x0000000d5a900000,0x0000000d5aa00000)]
  0x000001e4a89a6090 JavaThread "Narrator" [_thread_blocked, id=3360, stack(0x0000000d5ab00000,0x0000000d5ac00000)]
  0x000001e4a89a4d50 JavaThread "Worker-Main-4" daemon [_thread_blocked, id=8984, stack(0x0000000d5ae00000,0x0000000d5af00000)]
  0x000001e4a89a43b0 JavaThread "Worker-Main-5" daemon [_thread_blocked, id=8240, stack(0x0000000d5af00000,0x0000000d5b000000)]
  0x000001e4a89a5220 JavaThread "Worker-Main-6" daemon [_thread_blocked, id=3812, stack(0x0000000d5b000000,0x0000000d5b100000)]
  0x000001e4a89a56f0 JavaThread "Worker-Main-7" daemon [_thread_blocked, id=2840, stack(0x0000000d5b400000,0x0000000d5b500000)]
  0x000001e4a89a6560 JavaThread "Worker-Main-8" daemon [_thread_blocked, id=10120, stack(0x0000000d5b500000,0x0000000d5b600000)]

Other Threads:
  0x000001e483f1e8b0 VMThread "VM Thread" [stack: 0x0000000d57e00000,0x0000000d57f00000] [id=208]
  0x000001e483ed4170 WatcherThread [stack: 0x0000000d58a00000,0x0000000d58b00000] [id=8472]
  0x000001e483ec8480 GCTaskThread "GC Thread#0" [stack: 0x0000000d57900000,0x0000000d57a00000] [id=3620]
  0x000001e4a8cceea0 GCTaskThread "GC Thread#1" [stack: 0x0000000d58f00000,0x0000000d59000000] [id=6072]
  0x000001e4a8ccf150 GCTaskThread "GC Thread#2" [stack: 0x0000000d59000000,0x0000000d59100000] [id=7140]
  0x000001e4a8e1eb60 GCTaskThread "GC Thread#3" [stack: 0x0000000d59100000,0x0000000d59200000] [id=5888]
  0x000001e483ecb610 ConcurrentGCThread "G1 Main Marker" [stack: 0x0000000d57a00000,0x0000000d57b00000] [id=1516]
  0x000001e483ecd470 ConcurrentGCThread "G1 Conc#0" [stack: 0x0000000d57b00000,0x0000000d57c00000] [id=5076]
  0x000001e483ef5cb0 ConcurrentGCThread "G1 Refine#0" [stack: 0x0000000d57c00000,0x0000000d57d00000] [id=7708]
  0x000001e4a8d20890 ConcurrentGCThread "G1 Refine#1" [stack: 0x0000000d59200000,0x0000000d59300000] [id=4784]
  0x000001e4a8d20b70 ConcurrentGCThread "G1 Refine#2" [stack: 0x0000000d59300000,0x0000000d59400000] [id=3608]
  0x000001e4a98cdf30 ConcurrentGCThread "G1 Refine#3" [stack: 0x0000000d59800000,0x0000000d59900000] [id=7276]
  0x000001e483ef66d0 ConcurrentGCThread "G1 Service" [stack: 0x0000000d57d00000,0x0000000d57e00000] [id=8912]

Threads with active compile tasks:

VM state: not at safepoint (normal execution)

VM Mutex/Monitor currently owned by a thread: None

Heap address: 0x00000006ed000000, size: 4400 MB, Compressed Oops mode: Zero based, Oop shift amount: 3

CDS archive(s) mapped at: [0x0000000800000000-0x0000000800bc0000-0x0000000800bc0000), size 12320768, SharedBaseAddress: 0x0000000800000000, ArchiveRelocationMode: 0.
Compressed class space mapped at: 0x0000000800c00000-0x0000000840c00000, reserved size: 1073741824
Narrow klass base: 0x0000000800000000, Narrow klass shift: 0, Narrow klass range: 0x100000000

GC Precious Log:
 CPUs: 4 total, 4 available
 Memory: 8073M
 Large Page Support: Disabled
 NUMA Support: Disabled
 Compressed Oops: Enabled (Zero based)
 Heap Region Size: 16M
 Heap Min Capacity: 144M
 Heap Initial Capacity: 144M
 Heap Max Capacity: 4400M
 Pre-touch: Disabled
 Parallel Workers: 4
 Concurrent Workers: 1
 Concurrent Refinement Workers: 4
 Periodic GC: Disabled

Heap:
 garbage-first heap   total 2785280K, used 276972K [0x00000006ed000000, 0x0000000800000000)
  region size 16384K, 6 young (98304K), 1 survivors (16384K)
 Metaspace       used 54184K, committed 54656K, reserved 1097728K
  class space    used 7457K, committed 7680K, reserved 1048576K

Heap Regions: E=young(eden), S=young(survivor), O=old, HS=humongous(starts), HC=humongous(continues), CS=collection set, F=free, OA=open archive, CA=closed archive, TAMS=top-at-mark-start (previous, next)
|   0|0x00000006ed000000, 0x00000006ee000000, 0x00000006ee000000|100%| O|  |TAMS 0x00000006ee000000, 0x00000006ed000000| Untracked 
|   1|0x00000006ee000000, 0x00000006ef000000, 0x00000006ef000000|100%| O|  |TAMS 0x00000006ef000000, 0x00000006ee000000| Untracked 
|   2|0x00000006ef000000, 0x00000006f0000000, 0x00000006f0000000|100%| O|  |TAMS 0x00000006f0000000, 0x00000006ef000000| Untracked 
|   3|0x00000006f0000000, 0x00000006f1000000, 0x00000006f1000000|100%| O|  |TAMS 0x00000006f1000000, 0x00000006f0000000| Untracked 
|   4|0x00000006f1000000, 0x00000006f2000000, 0x00000006f2000000|100%| O|  |TAMS 0x00000006f2000000, 0x00000006f1000000| Untracked 
|   5|0x00000006f2000000, 0x00000006f3000000, 0x00000006f3000000|100%| O|  |TAMS 0x00000006f3000000, 0x00000006f2000000| Untracked 
|   6|0x00000006f3000000, 0x00000006f4000000, 0x00000006f4000000|100%| O|  |TAMS 0x00000006f4000000, 0x00000006f3000000| Untracked 
|   7|0x00000006f4000000, 0x00000006f5000000, 0x00000006f5000000|100%| O|  |TAMS 0x00000006f5000000, 0x00000006f4000000| Untracked 
|   8|0x00000006f5000000, 0x00000006f6000000, 0x00000006f6000000|100%| O|  |TAMS 0x00000006f6000000, 0x00000006f5000000| Untracked 
|   9|0x00000006f6000000, 0x00000006f7000000, 0x00000006f7000000|100%|HS|  |TAMS 0x00000006f7000000, 0x00000006f6000000| Complete 
|  10|0x00000006f7000000, 0x00000006f8000000, 0x00000006f8000000|100%| O|  |TAMS 0x00000006f8000000, 0x00000006f7000000| Untracked 
|  11|0x00000006f8000000, 0x00000006f9000000, 0x00000006f9000000|100%| O|  |TAMS 0x00000006f8000000, 0x00000006f8000000| Untracked 
|  12|0x00000006f9000000, 0x00000006f9e3fa00, 0x00000006fa000000| 89%| O|  |TAMS 0x00000006f9000000, 0x00000006f9000000| Untracked 
|  13|0x00000006fa000000, 0x00000006fa000000, 0x00000006fb000000|  0%| F|  |TAMS 0x00000006fa000000, 0x00000006fa000000| Untracked 
|  14|0x00000006fb000000, 0x00000006fb000000, 0x00000006fc000000|  0%| F|  |TAMS 0x00000006fb000000, 0x00000006fb000000| Untracked 
|  15|0x00000006fc000000, 0x00000006fc000000, 0x00000006fd000000|  0%| F|  |TAMS 0x00000006fc000000, 0x00000006fc000000| Untracked 
|  16|0x00000006fd000000, 0x00000006fd000000, 0x00000006fe000000|  0%| F|  |TAMS 0x00000006fd000000, 0x00000006fd000000| Untracked 
|  17|0x00000006fe000000, 0x00000006fe000000, 0x00000006ff000000|  0%| F|  |TAMS 0x00000006fe000000, 0x00000006fe000000| Untracked 
|  18|0x00000006ff000000, 0x00000006ff000000, 0x0000000700000000|  0%| F|  |TAMS 0x00000006ff000000, 0x00000006ff000000| Untracked 
|  19|0x0000000700000000, 0x0000000700000000, 0x0000000701000000|  0%| F|  |TAMS 0x0000000700000000, 0x0000000700000000| Untracked 
|  20|0x0000000701000000, 0x0000000701000000, 0x0000000702000000|  0%| F|  |TAMS 0x0000000701000000, 0x0000000701000000| Untracked 
|  21|0x0000000702000000, 0x0000000702000000, 0x0000000703000000|  0%| F|  |TAMS 0x0000000702000000, 0x0000000702000000| Untracked 
|  22|0x0000000703000000, 0x0000000703000000, 0x0000000704000000|  0%| F|  |TAMS 0x0000000703000000, 0x0000000703000000| Untracked 
|  23|0x0000000704000000, 0x0000000704000000, 0x0000000705000000|  0%| F|  |TAMS 0x0000000704000000, 0x0000000704000000| Untracked 
|  24|0x0000000705000000, 0x0000000705000000, 0x0000000706000000|  0%| F|  |TAMS 0x0000000705000000, 0x0000000705000000| Untracked 
|  25|0x0000000706000000, 0x0000000706000000, 0x0000000707000000|  0%| F|  |TAMS 0x0000000706000000, 0x0000000706000000| Untracked 
|  26|0x0000000707000000, 0x0000000707000000, 0x0000000708000000|  0%| F|  |TAMS 0x0000000707000000, 0x0000000707000000| Untracked 
|  27|0x0000000708000000, 0x0000000708000000, 0x0000000709000000|  0%| F|  |TAMS 0x0000000708000000, 0x0000000708000000| Untracked 
|  28|0x0000000709000000, 0x0000000709000000, 0x000000070a000000|  0%| F|  |TAMS 0x0000000709000000, 0x0000000709000000| Untracked 
|  29|0x000000070a000000, 0x000000070a000000, 0x000000070b000000|  0%| F|  |TAMS 0x000000070a000000, 0x000000070a000000| Untracked 
|  30|0x000000070b000000, 0x000000070b000000, 0x000000070c000000|  0%| F|  |TAMS 0x000000070b000000, 0x000000070b000000| Untracked 
|  31|0x000000070c000000, 0x000000070c000000, 0x000000070d000000|  0%| F|  |TAMS 0x000000070c000000, 0x000000070c000000| Untracked 
|  32|0x000000070d000000, 0x000000070d000000, 0x000000070e000000|  0%| F|  |TAMS 0x000000070d000000, 0x000000070d000000| Untracked 
|  33|0x000000070e000000, 0x000000070e000000, 0x000000070f000000|  0%| F|  |TAMS 0x000000070e000000, 0x000000070e000000| Untracked 
|  34|0x000000070f000000, 0x000000070f000000, 0x0000000710000000|  0%| F|  |TAMS 0x000000070f000000, 0x000000070f000000| Untracked 
|  35|0x0000000710000000, 0x0000000710000000, 0x0000000711000000|  0%| F|  |TAMS 0x0000000710000000, 0x0000000710000000| Untracked 
|  36|0x0000000711000000, 0x0000000711000000, 0x0000000712000000|  0%| F|  |TAMS 0x0000000711000000, 0x0000000711000000| Untracked 
|  37|0x0000000712000000, 0x0000000712000000, 0x0000000713000000|  0%| F|  |TAMS 0x0000000712000000, 0x0000000712000000| Untracked 
|  38|0x0000000713000000, 0x0000000713000000, 0x0000000714000000|  0%| F|  |TAMS 0x0000000713000000, 0x0000000713000000| Untracked 
|  39|0x0000000714000000, 0x0000000714000000, 0x0000000715000000|  0%| F|  |TAMS 0x0000000714000000, 0x0000000714000000| Untracked 
|  40|0x0000000715000000, 0x0000000715000000, 0x0000000716000000|  0%| F|  |TAMS 0x0000000715000000, 0x0000000715000000| Untracked 
|  41|0x0000000716000000, 0x0000000716000000, 0x0000000717000000|  0%| F|  |TAMS 0x0000000716000000, 0x0000000716000000| Untracked 
|  42|0x0000000717000000, 0x0000000717000000, 0x0000000718000000|  0%| F|  |TAMS 0x0000000717000000, 0x0000000717000000| Untracked 
|  43|0x0000000718000000, 0x0000000718000000, 0x0000000719000000|  0%| F|  |TAMS 0x0000000718000000, 0x0000000718000000| Untracked 
|  44|0x0000000719000000, 0x0000000719000000, 0x000000071a000000|  0%| F|  |TAMS 0x0000000719000000, 0x0000000719000000| Untracked 
|  45|0x000000071a000000, 0x000000071a000000, 0x000000071b000000|  0%| F|  |TAMS 0x000000071a000000, 0x000000071a000000| Untracked 
|  46|0x000000071b000000, 0x000000071b000000, 0x000000071c000000|  0%| F|  |TAMS 0x000000071b000000, 0x000000071b000000| Untracked 
|  47|0x000000071c000000, 0x000000071c000000, 0x000000071d000000|  0%| F|  |TAMS 0x000000071c000000, 0x000000071c000000| Untracked 
|  48|0x000000071d000000, 0x000000071d000000, 0x000000071e000000|  0%| F|  |TAMS 0x000000071d000000, 0x000000071d000000| Untracked 
|  49|0x000000071e000000, 0x000000071e000000, 0x000000071f000000|  0%| F|  |TAMS 0x000000071e000000, 0x000000071e000000| Untracked 
|  50|0x000000071f000000, 0x000000071f000000, 0x0000000720000000|  0%| F|  |TAMS 0x000000071f000000, 0x000000071f000000| Untracked 
|  51|0x0000000720000000, 0x0000000720000000, 0x0000000721000000|  0%| F|  |TAMS 0x0000000720000000, 0x0000000720000000| Untracked 
|  52|0x0000000721000000, 0x0000000721000000, 0x0000000722000000|  0%| F|  |TAMS 0x0000000721000000, 0x0000000721000000| Untracked 
|  53|0x0000000722000000, 0x0000000722000000, 0x0000000723000000|  0%| F|  |TAMS 0x0000000722000000, 0x0000000722000000| Untracked 
|  54|0x0000000723000000, 0x0000000723000000, 0x0000000724000000|  0%| F|  |TAMS 0x0000000723000000, 0x0000000723000000| Untracked 
|  55|0x0000000724000000, 0x0000000724000000, 0x0000000725000000|  0%| F|  |TAMS 0x0000000724000000, 0x0000000724000000| Untracked 
|  56|0x0000000725000000, 0x0000000725000000, 0x0000000726000000|  0%| F|  |TAMS 0x0000000725000000, 0x0000000725000000| Untracked 
|  57|0x0000000726000000, 0x0000000726000000, 0x0000000727000000|  0%| F|  |TAMS 0x0000000726000000, 0x0000000726000000| Untracked 
|  58|0x0000000727000000, 0x0000000727000000, 0x0000000728000000|  0%| F|  |TAMS 0x0000000727000000, 0x0000000727000000| Untracked 
|  59|0x0000000728000000, 0x0000000728000000, 0x0000000729000000|  0%| F|  |TAMS 0x0000000728000000, 0x0000000728000000| Untracked 
|  60|0x0000000729000000, 0x0000000729000000, 0x000000072a000000|  0%| F|  |TAMS 0x0000000729000000, 0x0000000729000000| Untracked 
|  61|0x000000072a000000, 0x000000072a000000, 0x000000072b000000|  0%| F|  |TAMS 0x000000072a000000, 0x000000072a000000| Untracked 
|  62|0x000000072b000000, 0x000000072b000000, 0x000000072c000000|  0%| F|  |TAMS 0x000000072b000000, 0x000000072b000000| Untracked 
|  63|0x000000072c000000, 0x000000072c000000, 0x000000072d000000|  0%| F|  |TAMS 0x000000072c000000, 0x000000072c000000| Untracked 
|  64|0x000000072d000000, 0x000000072d000000, 0x000000072e000000|  0%| F|  |TAMS 0x000000072d000000, 0x000000072d000000| Untracked 
|  65|0x000000072e000000, 0x000000072e000000, 0x000000072f000000|  0%| F|  |TAMS 0x000000072e000000, 0x000000072e000000| Untracked 
|  66|0x000000072f000000, 0x000000072f000000, 0x0000000730000000|  0%| F|  |TAMS 0x000000072f000000, 0x000000072f000000| Untracked 
|  67|0x0000000730000000, 0x0000000730000000, 0x0000000731000000|  0%| F|  |TAMS 0x0000000730000000, 0x0000000730000000| Untracked 
|  68|0x0000000731000000, 0x0000000731000000, 0x0000000732000000|  0%| F|  |TAMS 0x0000000731000000, 0x0000000731000000| Untracked 
|  69|0x0000000732000000, 0x0000000732000000, 0x0000000733000000|  0%| F|  |TAMS 0x0000000732000000, 0x0000000732000000| Untracked 
|  70|0x0000000733000000, 0x0000000733000000, 0x0000000734000000|  0%| F|  |TAMS 0x0000000733000000, 0x0000000733000000| Untracked 
|  71|0x0000000734000000, 0x0000000734000000, 0x0000000735000000|  0%| F|  |TAMS 0x0000000734000000, 0x0000000734000000| Untracked 
|  72|0x0000000735000000, 0x0000000735000000, 0x0000000736000000|  0%| F|  |TAMS 0x0000000735000000, 0x0000000735000000| Untracked 
|  73|0x0000000736000000, 0x0000000736000000, 0x0000000737000000|  0%| F|  |TAMS 0x0000000736000000, 0x0000000736000000| Untracked 
|  74|0x0000000737000000, 0x0000000737000000, 0x0000000738000000|  0%| F|  |TAMS 0x0000000737000000, 0x0000000737000000| Untracked 
|  75|0x0000000738000000, 0x0000000738000000, 0x0000000739000000|  0%| F|  |TAMS 0x0000000738000000, 0x0000000738000000| Untracked 
|  76|0x0000000739000000, 0x0000000739000000, 0x000000073a000000|  0%| F|  |TAMS 0x0000000739000000, 0x0000000739000000| Untracked 
|  77|0x000000073a000000, 0x000000073a000000, 0x000000073b000000|  0%| F|  |TAMS 0x000000073a000000, 0x000000073a000000| Untracked 
|  78|0x000000073b000000, 0x000000073b000000, 0x000000073c000000|  0%| F|  |TAMS 0x000000073b000000, 0x000000073b000000| Untracked 
|  79|0x000000073c000000, 0x000000073c000000, 0x000000073d000000|  0%| F|  |TAMS 0x000000073c000000, 0x000000073c000000| Untracked 
|  80|0x000000073d000000, 0x000000073d000000, 0x000000073e000000|  0%| F|  |TAMS 0x000000073d000000, 0x000000073d000000| Untracked 
|  81|0x000000073e000000, 0x000000073e000000, 0x000000073f000000|  0%| F|  |TAMS 0x000000073e000000, 0x000000073e000000| Untracked 
|  82|0x000000073f000000, 0x000000073f000000, 0x0000000740000000|  0%| F|  |TAMS 0x000000073f000000, 0x000000073f000000| Untracked 
|  83|0x0000000740000000, 0x0000000740000000, 0x0000000741000000|  0%| F|  |TAMS 0x0000000740000000, 0x0000000740000000| Untracked 
|  84|0x0000000741000000, 0x0000000741000000, 0x0000000742000000|  0%| F|  |TAMS 0x0000000741000000, 0x0000000741000000| Untracked 
|  85|0x0000000742000000, 0x0000000742000000, 0x0000000743000000|  0%| F|  |TAMS 0x0000000742000000, 0x0000000742000000| Untracked 
|  86|0x0000000743000000, 0x0000000743000000, 0x0000000744000000|  0%| F|  |TAMS 0x0000000743000000, 0x0000000743000000| Untracked 
|  87|0x0000000744000000, 0x0000000744000000, 0x0000000745000000|  0%| F|  |TAMS 0x0000000744000000, 0x0000000744000000| Untracked 
|  88|0x0000000745000000, 0x0000000745000000, 0x0000000746000000|  0%| F|  |TAMS 0x0000000745000000, 0x0000000745000000| Untracked 
|  89|0x0000000746000000, 0x0000000746000000, 0x0000000747000000|  0%| F|  |TAMS 0x0000000746000000, 0x0000000746000000| Untracked 
|  90|0x0000000747000000, 0x0000000747000000, 0x0000000748000000|  0%| F|  |TAMS 0x0000000747000000, 0x0000000747000000| Untracked 
|  91|0x0000000748000000, 0x0000000748000000, 0x0000000749000000|  0%| F|  |TAMS 0x0000000748000000, 0x0000000748000000| Untracked 
|  92|0x0000000749000000, 0x0000000749000000, 0x000000074a000000|  0%| F|  |TAMS 0x0000000749000000, 0x0000000749000000| Untracked 
|  93|0x000000074a000000, 0x000000074a000000, 0x000000074b000000|  0%| F|  |TAMS 0x000000074a000000, 0x000000074a000000| Untracked 
|  94|0x000000074b000000, 0x000000074b000000, 0x000000074c000000|  0%| F|  |TAMS 0x000000074b000000, 0x000000074b000000| Untracked 
|  95|0x000000074c000000, 0x000000074c000000, 0x000000074d000000|  0%| F|  |TAMS 0x000000074c000000, 0x000000074c000000| Untracked 
|  96|0x000000074d000000, 0x000000074d000000, 0x000000074e000000|  0%| F|  |TAMS 0x000000074d000000, 0x000000074d000000| Untracked 
|  97|0x000000074e000000, 0x000000074e000000, 0x000000074f000000|  0%| F|  |TAMS 0x000000074e000000, 0x000000074e000000| Untracked 
|  98|0x000000074f000000, 0x000000074f000000, 0x0000000750000000|  0%| F|  |TAMS 0x000000074f000000, 0x000000074f000000| Untracked 
|  99|0x0000000750000000, 0x0000000750000000, 0x0000000751000000|  0%| F|  |TAMS 0x0000000750000000, 0x0000000750000000| Untracked 
| 100|0x0000000751000000, 0x0000000751000000, 0x0000000752000000|  0%| F|  |TAMS 0x0000000751000000, 0x0000000751000000| Untracked 
| 101|0x0000000752000000, 0x0000000752000000, 0x0000000753000000|  0%| F|  |TAMS 0x0000000752000000, 0x0000000752000000| Untracked 
| 102|0x0000000753000000, 0x0000000753000000, 0x0000000754000000|  0%| F|  |TAMS 0x0000000753000000, 0x0000000753000000| Untracked 
| 103|0x0000000754000000, 0x0000000754000000, 0x0000000755000000|  0%| F|  |TAMS 0x0000000754000000, 0x0000000754000000| Untracked 
| 104|0x0000000755000000, 0x0000000755000000, 0x0000000756000000|  0%| F|  |TAMS 0x0000000755000000, 0x0000000755000000| Untracked 
| 105|0x0000000756000000, 0x0000000756000000, 0x0000000757000000|  0%| F|  |TAMS 0x0000000756000000, 0x0000000756000000| Untracked 
| 106|0x0000000757000000, 0x0000000757000000, 0x0000000758000000|  0%| F|  |TAMS 0x0000000757000000, 0x0000000757000000| Untracked 
| 107|0x0000000758000000, 0x0000000758000000, 0x0000000759000000|  0%| F|  |TAMS 0x0000000758000000, 0x0000000758000000| Untracked 
| 108|0x0000000759000000, 0x0000000759000000, 0x000000075a000000|  0%| F|  |TAMS 0x0000000759000000, 0x0000000759000000| Untracked 
| 109|0x000000075a000000, 0x000000075a000000, 0x000000075b000000|  0%| F|  |TAMS 0x000000075a000000, 0x000000075a000000| Untracked 
| 110|0x000000075b000000, 0x000000075b000000, 0x000000075c000000|  0%| F|  |TAMS 0x000000075b000000, 0x000000075b000000| Untracked 
| 111|0x000000075c000000, 0x000000075c000000, 0x000000075d000000|  0%| F|  |TAMS 0x000000075c000000, 0x000000075c000000| Untracked 
| 112|0x000000075d000000, 0x000000075d000000, 0x000000075e000000|  0%| F|  |TAMS 0x000000075d000000, 0x000000075d000000| Untracked 
| 113|0x000000075e000000, 0x000000075e000000, 0x000000075f000000|  0%| F|  |TAMS 0x000000075e000000, 0x000000075e000000| Untracked 
| 114|0x000000075f000000, 0x000000075f000000, 0x0000000760000000|  0%| F|  |TAMS 0x000000075f000000, 0x000000075f000000| Untracked 
| 115|0x0000000760000000, 0x0000000760000000, 0x0000000761000000|  0%| F|  |TAMS 0x0000000760000000, 0x0000000760000000| Untracked 
| 116|0x0000000761000000, 0x0000000761000000, 0x0000000762000000|  0%| F|  |TAMS 0x0000000761000000, 0x0000000761000000| Untracked 
| 117|0x0000000762000000, 0x0000000762000000, 0x0000000763000000|  0%| F|  |TAMS 0x0000000762000000, 0x0000000762000000| Untracked 
| 118|0x0000000763000000, 0x0000000763000000, 0x0000000764000000|  0%| F|  |TAMS 0x0000000763000000, 0x0000000763000000| Untracked 
| 119|0x0000000764000000, 0x0000000764000000, 0x0000000765000000|  0%| F|  |TAMS 0x0000000764000000, 0x0000000764000000| Untracked 
| 120|0x0000000765000000, 0x0000000765000000, 0x0000000766000000|  0%| F|  |TAMS 0x0000000765000000, 0x0000000765000000| Untracked 
| 121|0x0000000766000000, 0x0000000766000000, 0x0000000767000000|  0%| F|  |TAMS 0x0000000766000000, 0x0000000766000000| Untracked 
| 122|0x0000000767000000, 0x0000000767000000, 0x0000000768000000|  0%| F|  |TAMS 0x0000000767000000, 0x0000000767000000| Untracked 
| 123|0x0000000768000000, 0x0000000768000000, 0x0000000769000000|  0%| F|  |TAMS 0x0000000768000000, 0x0000000768000000| Untracked 
| 124|0x0000000769000000, 0x0000000769000000, 0x000000076a000000|  0%| F|  |TAMS 0x0000000769000000, 0x0000000769000000| Untracked 
| 125|0x000000076a000000, 0x000000076a000000, 0x000000076b000000|  0%| F|  |TAMS 0x000000076a000000, 0x000000076a000000| Untracked 
| 126|0x000000076b000000, 0x000000076b000000, 0x000000076c000000|  0%| F|  |TAMS 0x000000076b000000, 0x000000076b000000| Untracked 
| 127|0x000000076c000000, 0x000000076c000000, 0x000000076d000000|  0%| F|  |TAMS 0x000000076c000000, 0x000000076c000000| Untracked 
| 128|0x000000076d000000, 0x000000076d000000, 0x000000076e000000|  0%| F|  |TAMS 0x000000076d000000, 0x000000076d000000| Untracked 
| 129|0x000000076e000000, 0x000000076e000000, 0x000000076f000000|  0%| F|  |TAMS 0x000000076e000000, 0x000000076e000000| Untracked 
| 130|0x000000076f000000, 0x000000076f000000, 0x0000000770000000|  0%| F|  |TAMS 0x000000076f000000, 0x000000076f000000| Untracked 
| 131|0x0000000770000000, 0x0000000770000000, 0x0000000771000000|  0%| F|  |TAMS 0x0000000770000000, 0x0000000770000000| Untracked 
| 132|0x0000000771000000, 0x0000000771000000, 0x0000000772000000|  0%| F|  |TAMS 0x0000000771000000, 0x0000000771000000| Untracked 
| 133|0x0000000772000000, 0x0000000772000000, 0x0000000773000000|  0%| F|  |TAMS 0x0000000772000000, 0x0000000772000000| Untracked 
| 134|0x0000000773000000, 0x0000000773000000, 0x0000000774000000|  0%| F|  |TAMS 0x0000000773000000, 0x0000000773000000| Untracked 
| 135|0x0000000774000000, 0x0000000774000000, 0x0000000775000000|  0%| F|  |TAMS 0x0000000774000000, 0x0000000774000000| Untracked 
| 136|0x0000000775000000, 0x0000000775000000, 0x0000000776000000|  0%| F|  |TAMS 0x0000000775000000, 0x0000000775000000| Untracked 
| 137|0x0000000776000000, 0x0000000776000000, 0x0000000777000000|  0%| F|  |TAMS 0x0000000776000000, 0x0000000776000000| Untracked 
| 138|0x0000000777000000, 0x0000000777000000, 0x0000000778000000|  0%| F|  |TAMS 0x0000000777000000, 0x0000000777000000| Untracked 
| 139|0x0000000778000000, 0x0000000778000000, 0x0000000779000000|  0%| F|  |TAMS 0x0000000778000000, 0x0000000778000000| Untracked 
| 140|0x0000000779000000, 0x0000000779000000, 0x000000077a000000|  0%| F|  |TAMS 0x0000000779000000, 0x0000000779000000| Untracked 
| 141|0x000000077a000000, 0x000000077a000000, 0x000000077b000000|  0%| F|  |TAMS 0x000000077a000000, 0x000000077a000000| Untracked 
| 142|0x000000077b000000, 0x000000077b000000, 0x000000077c000000|  0%| F|  |TAMS 0x000000077b000000, 0x000000077b000000| Untracked 
| 143|0x000000077c000000, 0x000000077c000000, 0x000000077d000000|  0%| F|  |TAMS 0x000000077c000000, 0x000000077c000000| Untracked 
| 144|0x000000077d000000, 0x000000077d000000, 0x000000077e000000|  0%| F|  |TAMS 0x000000077d000000, 0x000000077d000000| Untracked 
| 145|0x000000077e000000, 0x000000077e000000, 0x000000077f000000|  0%| F|  |TAMS 0x000000077e000000, 0x000000077e000000| Untracked 
| 146|0x000000077f000000, 0x000000077f000000, 0x0000000780000000|  0%| F|  |TAMS 0x000000077f000000, 0x000000077f000000| Untracked 
| 147|0x0000000780000000, 0x0000000780000000, 0x0000000781000000|  0%| F|  |TAMS 0x0000000780000000, 0x0000000780000000| Untracked 
| 148|0x0000000781000000, 0x0000000781000000, 0x0000000782000000|  0%| F|  |TAMS 0x0000000781000000, 0x0000000781000000| Untracked 
| 149|0x0000000782000000, 0x0000000782000000, 0x0000000783000000|  0%| F|  |TAMS 0x0000000782000000, 0x0000000782000000| Untracked 
| 150|0x0000000783000000, 0x0000000783000000, 0x0000000784000000|  0%| F|  |TAMS 0x0000000783000000, 0x0000000783000000| Untracked 
| 151|0x0000000784000000, 0x0000000784000000, 0x0000000785000000|  0%| F|  |TAMS 0x0000000784000000, 0x0000000784000000| Untracked 
| 152|0x0000000785000000, 0x0000000785000000, 0x0000000786000000|  0%| F|  |TAMS 0x0000000785000000, 0x0000000785000000| Untracked 
| 153|0x0000000786000000, 0x0000000786000000, 0x0000000787000000|  0%| F|  |TAMS 0x0000000786000000, 0x0000000786000000| Untracked 
| 154|0x0000000787000000, 0x0000000787000000, 0x0000000788000000|  0%| F|  |TAMS 0x0000000787000000, 0x0000000787000000| Untracked 
| 155|0x0000000788000000, 0x0000000788000000, 0x0000000789000000|  0%| F|  |TAMS 0x0000000788000000, 0x0000000788000000| Untracked 
| 156|0x0000000789000000, 0x0000000789000000, 0x000000078a000000|  0%| F|  |TAMS 0x0000000789000000, 0x0000000789000000| Untracked 
| 157|0x000000078a000000, 0x000000078a000000, 0x000000078b000000|  0%| F|  |TAMS 0x000000078a000000, 0x000000078a000000| Untracked 
| 158|0x000000078b000000, 0x000000078b000000, 0x000000078c000000|  0%| F|  |TAMS 0x000000078b000000, 0x000000078b000000| Untracked 
| 159|0x000000078c000000, 0x000000078c000000, 0x000000078d000000|  0%| F|  |TAMS 0x000000078c000000, 0x000000078c000000| Untracked 
| 160|0x000000078d000000, 0x000000078d000000, 0x000000078e000000|  0%| F|  |TAMS 0x000000078d000000, 0x000000078d000000| Untracked 
| 161|0x000000078e000000, 0x000000078e000000, 0x000000078f000000|  0%| F|  |TAMS 0x000000078e000000, 0x000000078e000000| Untracked 
| 162|0x000000078f000000, 0x000000078f03b7e0, 0x0000000790000000|  1%| S|CS|TAMS 0x000000078f000000, 0x000000078f000000| Complete 
| 163|0x0000000790000000, 0x0000000790000000, 0x0000000791000000|  0%| F|  |TAMS 0x0000000790000000, 0x0000000790000000| Untracked 
| 164|0x0000000791000000, 0x000000079116a5f0, 0x0000000792000000|  8%| E|  |TAMS 0x0000000791000000, 0x0000000791000000| Complete 
| 165|0x0000000792000000, 0x0000000793000000, 0x0000000793000000|100%| E|CS|TAMS 0x0000000792000000, 0x0000000792000000| Complete 
| 166|0x0000000793000000, 0x0000000794000000, 0x0000000794000000|100%| E|CS|TAMS 0x0000000793000000, 0x0000000793000000| Complete 
| 167|0x0000000794000000, 0x0000000795000000, 0x0000000795000000|100%| E|CS|TAMS 0x0000000794000000, 0x0000000794000000| Complete 
| 168|0x0000000795000000, 0x0000000796000000, 0x0000000796000000|100%| E|CS|TAMS 0x0000000795000000, 0x0000000795000000| Complete 
| 175|0x000000079c000000, 0x000000079d000000, 0x000000079d000000|100%| E|CS|TAMS 0x000000079c000000, 0x000000079c000000| Complete 

Card table byte_map: [0x000001e49aef0000,0x000001e49b790000] _byte_map_base: 0x000001e497788000

Marking Bits (Prev, Next): (CMBitMap*) 0x000001e483ec8a90, (CMBitMap*) 0x000001e483ec8ad0
 Prev Bits: [0x000001e49c030000, 0x000001e4a04f0000)
 Next Bits: [0x000001e4a04f0000, 0x000001e4a49b0000)

Polling page: 0x000001e481a70000

Metaspace:

Usage:
  Non-class:     45.63 MB used.
      Class:      7.28 MB used.
       Both:     52.91 MB used.

Virtual space:
  Non-class space:       48.00 MB reserved,      45.88 MB ( 96%) committed,  6 nodes.
      Class space:        1.00 GB reserved,       7.50 MB ( <1%) committed,  1 nodes.
             Both:        1.05 GB reserved,      53.38 MB (  5%) committed. 

Chunk freelists:
   Non-Class:  2.00 MB
       Class:  445.00 KB
        Both:  2.43 MB

MaxMetaspaceSize: unlimited
CompressedClassSpaceSize: 1.00 GB
Initial GC threshold: 21.00 MB
Current GC threshold: 88.06 MB
CDS: on
MetaspaceReclaimPolicy: balanced
 - commit_granule_bytes: 65536.
 - commit_granule_words: 8192.
 - virtual_space_node_default_size: 1048576.
 - enlarge_chunks_in_place: 1.
 - new_chunks_are_fully_committed: 0.
 - uncommit_free_chunks: 1.
 - use_allocation_guard: 0.
 - handle_deallocations: 1.


Internal statistics:

num_allocs_failed_limit: 36.
num_arena_births: 540.
num_arena_deaths: 0.
num_vsnodes_births: 7.
num_vsnodes_deaths: 0.
num_space_committed: 851.
num_space_uncommitted: 0.
num_chunks_returned_to_freelist: 36.
num_chunks_taken_from_freelist: 2348.
num_chunk_merges: 27.
num_chunk_splits: 1612.
num_chunks_enlarged: 1223.
num_purges: 0.
num_inconsistent_stats: 0.

CodeHeap 'non-profiled nmethods': size=120000Kb used=4863Kb max_used=4863Kb free=115136Kb
 bounds [0x000001e493120000, 0x000001e4935e0000, 0x000001e49a650000]
CodeHeap 'profiled nmethods': size=120000Kb used=9795Kb max_used=10625Kb free=110204Kb
 bounds [0x000001e48bbf0000, 0x000001e48c670000, 0x000001e493120000]
CodeHeap 'non-nmethods': size=5760Kb used=2007Kb max_used=2064Kb free=3752Kb
 bounds [0x000001e48b650000, 0x000001e48b8c0000, 0x000001e48bbf0000]
 total_blobs=7521 nmethods=5979 adapters=1454
 compilation: enabled
              stopped_count=0, restarted_count=0
 full_count=0

Compilation events (20 events):
Event: 39.395 Thread 0x000001e4a6e31d50 7957       3       java.util.concurrent.CompletableFuture$UniExceptionally::tryFire (82 bytes)
Event: 39.395 Thread 0x000001e4a6e31d50 nmethod 7957 0x000001e48c380390 code [0x000001e48c380560, 0x000001e48c380978]
Event: 39.395 Thread 0x000001e4a6e31d50 7958       3       java.util.concurrent.CompletableFuture::internalComplete (10 bytes)
Event: 39.396 Thread 0x000001e4a6e31d50 nmethod 7958 0x000001e48bf9b490 code [0x000001e48bf9b700, 0x000001e48bf9c198]
Event: 39.667 Thread 0x000001e4a6e31d50 7959   !   3       java.util.concurrent.CompletableFuture::uniExceptionally (76 bytes)
Event: 39.670 Thread 0x000001e4a6e31d50 nmethod 7959 0x000001e48c51c810 code [0x000001e48c51cce0, 0x000001e48c51f2f8]
Event: 40.705 Thread 0x000001e4a6e31d50 7960       3       it.unimi.dsi.fastutil.ints.IntAVLTreeSet::locateKey (65 bytes)
Event: 40.706 Thread 0x000001e4a6e31d50 nmethod 7960 0x000001e48bd21f90 code [0x000001e48bd22180, 0x000001e48bd22888]
Event: 44.026 Thread 0x000001e4a6e31d50 7961       3       com.mojang.datafixers.DataFixerBuilder$$Lambda$904/0x0000000800f2fc78::typeName (8 bytes)
Event: 44.026 Thread 0x000001e4a6e31d50 nmethod 7961 0x000001e48c285210 code [0x000001e48c2853a0, 0x000001e48c285518]
Event: 44.026 Thread 0x000001e4a6e31d50 7962       3       com.mojang.datafixers.DataFixerBuilder::lambda$null$0 (2 bytes)
Event: 44.026 Thread 0x000001e4a6e31d50 nmethod 7962 0x000001e48c128110 code [0x000001e48c1282a0, 0x000001e48c128398]
Event: 44.026 Thread 0x000001e4a6e31d50 7964       3       it.unimi.dsi.fastutil.ints.IntAVLTreeSet::firstInt (23 bytes)
Event: 44.026 Thread 0x000001e4a6e31d50 nmethod 7964 0x000001e48c3fac90 code [0x000001e48c3fae40, 0x000001e48c3fb068]
Event: 44.026 Thread 0x000001e4a6e31d50 7965       3       it.unimi.dsi.fastutil.ints.IntAVLTreeSet$Subset::lastEntry (98 bytes)
Event: 44.027 Thread 0x000001e4a6e31d50 nmethod 7965 0x000001e48c001810 code [0x000001e48c001a40, 0x000001e48c002488]
Event: 44.027 Thread 0x000001e4a6e31d50 7966       3       it.unimi.dsi.fastutil.longs.Long2ObjectMap::computeIfAbsent (7 bytes)
Event: 44.027 Thread 0x000001e4a6e31d50 nmethod 7966 0x000001e48c3fa710 code [0x000001e48c3fa8c0, 0x000001e48c3faa68]
Event: 44.027 Thread 0x000001e4a6e31d50 7963       3       com.mojang.datafixers.DataFixerUpper::getRule (62 bytes)
Event: 44.028 Thread 0x000001e4a6e31d50 nmethod 7963 0x000001e48be03e90 code [0x000001e48be040e0, 0x000001e48be04b78]

GC Heap History (20 events):
Event: 46.043 GC heap before
{Heap before GC invocations=279 (full 0):
 garbage-first heap   total 2785280K, used 325907K [0x00000006ed000000, 0x0000000800000000)
  region size 16384K, 8 young (131072K), 1 survivors (16384K)
 Metaspace       used 54184K, committed 54656K, reserved 1097728K
  class space    used 7457K, committed 7680K, reserved 1048576K
}
Event: 46.044 GC heap after
{Heap after GC invocations=280 (full 0):
 garbage-first heap   total 2785280K, used 211247K [0x00000006ed000000, 0x0000000800000000)
  region size 16384K, 1 young (16384K), 1 survivors (16384K)
 Metaspace       used 54184K, committed 54656K, reserved 1097728K
  class space    used 7457K, committed 7680K, reserved 1048576K
}
Event: 46.078 GC heap before
{Heap before GC invocations=280 (full 0):
 garbage-first heap   total 2785280K, used 325935K [0x00000006ed000000, 0x0000000800000000)
  region size 16384K, 8 young (131072K), 1 survivors (16384K)
 Metaspace       used 54184K, committed 54656K, reserved 1097728K
  class space    used 7457K, committed 7680K, reserved 1048576K
}
Event: 46.079 GC heap after
{Heap after GC invocations=281 (full 0):
 garbage-first heap   total 2785280K, used 211243K [0x00000006ed000000, 0x0000000800000000)
  region size 16384K, 1 young (16384K), 1 survivors (16384K)
 Metaspace       used 54184K, committed 54656K, reserved 1097728K
  class space    used 7457K, committed 7680K, reserved 1048576K
}
Event: 46.125 GC heap before
{Heap before GC invocations=281 (full 0):
 garbage-first heap   total 2785280K, used 325931K [0x00000006ed000000, 0x0000000800000000)
  region size 16384K, 8 young (131072K), 1 survivors (16384K)
 Metaspace       used 54184K, committed 54656K, reserved 1097728K
  class space    used 7457K, committed 7680K, reserved 1048576K
}
Event: 46.126 GC heap after
{Heap after GC invocations=282 (full 0):
 garbage-first heap   total 2785280K, used 211246K [0x00000006ed000000, 0x0000000800000000)
  region size 16384K, 1 young (16384K), 1 survivors (16384K)
 Metaspace       used 54184K, committed 54656K, reserved 1097728K
  class space    used 7457K, committed 7680K, reserved 1048576K
}
Event: 46.208 GC heap before
{Heap before GC invocations=282 (full 0):
 garbage-first heap   total 2785280K, used 325934K [0x00000006ed000000, 0x0000000800000000)
  region size 16384K, 8 young (131072K), 1 survivors (16384K)
 Metaspace       used 54184K, committed 54656K, reserved 1097728K
  class space    used 7457K, committed 7680K, reserved 1048576K
}
Event: 46.209 GC heap after
{Heap after GC invocations=283 (full 0):
 garbage-first heap   total 2785280K, used 211268K [0x00000006ed000000, 0x0000000800000000)
  region size 16384K, 1 young (16384K), 1 survivors (16384K)
 Metaspace       used 54184K, committed 54656K, reserved 1097728K
  class space    used 7457K, committed 7680K, reserved 1048576K
}
Event: 46.283 GC heap before
{Heap before GC invocations=283 (full 0):
 garbage-first heap   total 2785280K, used 325956K [0x00000006ed000000, 0x0000000800000000)
  region size 16384K, 8 young (131072K), 1 survivors (16384K)
 Metaspace       used 54184K, committed 54656K, reserved 1097728K
  class space    used 7457K, committed 7680K, reserved 1048576K
}
Event: 46.283 GC heap after
{Heap after GC invocations=284 (full 0):
 garbage-first heap   total 2785280K, used 211264K [0x00000006ed000000, 0x0000000800000000)
  region size 16384K, 1 young (16384K), 1 survivors (16384K)
 Metaspace       used 54184K, committed 54656K, reserved 1097728K
  class space    used 7457K, committed 7680K, reserved 1048576K
}
Event: 46.371 GC heap before
{Heap before GC invocations=284 (full 0):
 garbage-first heap   total 2785280K, used 325952K [0x00000006ed000000, 0x0000000800000000)
  region size 16384K, 8 young (131072K), 1 survivors (16384K)
 Metaspace       used 54184K, committed 54656K, reserved 1097728K
  class space    used 7457K, committed 7680K, reserved 1048576K
}
Event: 46.372 GC heap after
{Heap after GC invocations=285 (full 0):
 garbage-first heap   total 2785280K, used 211286K [0x00000006ed000000, 0x0000000800000000)
  region size 16384K, 1 young (16384K), 1 survivors (16384K)
 Metaspace       used 54184K, committed 54656K, reserved 1097728K
  class space    used 7457K, committed 7680K, reserved 1048576K
}
Event: 46.466 GC heap before
{Heap before GC invocations=285 (full 0):
 garbage-first heap   total 2785280K, used 325974K [0x00000006ed000000, 0x0000000800000000)
  region size 16384K, 8 young (131072K), 1 survivors (16384K)
 Metaspace       used 54184K, committed 54656K, reserved 1097728K
  class space    used 7457K, committed 7680K, reserved 1048576K
}
Event: 46.467 GC heap after
{Heap after GC invocations=286 (full 0):
 garbage-first heap   total 2785280K, used 211326K [0x00000006ed000000, 0x0000000800000000)
  region size 16384K, 1 young (16384K), 1 survivors (16384K)
 Metaspace       used 54184K, committed 54656K, reserved 1097728K
  class space    used 7457K, committed 7680K, reserved 1048576K
}
Event: 46.531 GC heap before
{Heap before GC invocations=286 (full 0):
 garbage-first heap   total 2785280K, used 326014K [0x00000006ed000000, 0x0000000800000000)
  region size 16384K, 8 young (131072K), 1 survivors (16384K)
 Metaspace       used 54184K, committed 54656K, reserved 1097728K
  class space    used 7457K, committed 7680K, reserved 1048576K
}
Event: 46.532 GC heap after
{Heap after GC invocations=287 (full 0):
 garbage-first heap   total 2785280K, used 211335K [0x00000006ed000000, 0x0000000800000000)
  region size 16384K, 1 young (16384K), 1 survivors (16384K)
 Metaspace       used 54184K, committed 54656K, reserved 1097728K
  class space    used 7457K, committed 7680K, reserved 1048576K
}
Event: 46.615 GC heap before
{Heap before GC invocations=287 (full 0):
 garbage-first heap   total 2785280K, used 326023K [0x00000006ed000000, 0x0000000800000000)
  region size 16384K, 8 young (131072K), 1 survivors (16384K)
 Metaspace       used 54184K, committed 54656K, reserved 1097728K
  class space    used 7457K, committed 7680K, reserved 1048576K
}
Event: 46.616 GC heap after
{Heap after GC invocations=288 (full 0):
 garbage-first heap   total 2785280K, used 211352K [0x00000006ed000000, 0x0000000800000000)
  region size 16384K, 1 young (16384K), 1 survivors (16384K)
 Metaspace       used 54184K, committed 54656K, reserved 1097728K
  class space    used 7457K, committed 7680K, reserved 1048576K
}
Event: 46.689 GC heap before
{Heap before GC invocations=288 (full 0):
 garbage-first heap   total 2785280K, used 326040K [0x00000006ed000000, 0x0000000800000000)
  region size 16384K, 8 young (131072K), 1 survivors (16384K)
 Metaspace       used 54184K, committed 54656K, reserved 1097728K
  class space    used 7457K, committed 7680K, reserved 1048576K
}
Event: 46.690 GC heap after
{Heap after GC invocations=289 (full 0):
 garbage-first heap   total 2785280K, used 211389K [0x00000006ed000000, 0x0000000800000000)
  region size 16384K, 1 young (16384K), 1 survivors (16384K)
 Metaspace       used 54184K, committed 54656K, reserved 1097728K
  class space    used 7457K, committed 7680K, reserved 1048576K
}

Deoptimization events (20 events):
Event: 35.448 Thread 0x000001e4a89a6560 DEOPT PACKING pc=0x000001e48c01e274 sp=0x0000000d5b5feb90
Event: 35.448 Thread 0x000001e4a89a6560 DEOPT UNPACKING pc=0x000001e48b6a2b43 sp=0x0000000d5b5fe080 mode 0
Event: 35.460 Thread 0x000001e4a89a6560 DEOPT PACKING pc=0x000001e48c01e274 sp=0x0000000d5b5fec40
Event: 35.460 Thread 0x000001e4a89a6560 DEOPT UNPACKING pc=0x000001e48b6a2b43 sp=0x0000000d5b5fe130 mode 0
Event: 35.463 Thread 0x000001e4a89a6560 DEOPT PACKING pc=0x000001e48c01e274 sp=0x0000000d5b5fec40
Event: 35.463 Thread 0x000001e4a89a6560 DEOPT UNPACKING pc=0x000001e48b6a2b43 sp=0x0000000d5b5fe130 mode 0
Event: 35.469 Thread 0x000001e4a89a6560 DEOPT PACKING pc=0x000001e48c01e274 sp=0x0000000d5b5fec40
Event: 35.469 Thread 0x000001e4a89a6560 DEOPT UNPACKING pc=0x000001e48b6a2b43 sp=0x0000000d5b5fe130 mode 0
Event: 35.519 Thread 0x000001e4a89a6560 DEOPT PACKING pc=0x000001e48c01e274 sp=0x0000000d5b5fec40
Event: 35.519 Thread 0x000001e4a89a6560 DEOPT UNPACKING pc=0x000001e48b6a2b43 sp=0x0000000d5b5fe130 mode 0
Event: 35.584 Thread 0x000001e4a89a6560 DEOPT PACKING pc=0x000001e48c01e274 sp=0x0000000d5b5fec40
Event: 35.584 Thread 0x000001e4a89a6560 DEOPT UNPACKING pc=0x000001e48b6a2b43 sp=0x0000000d5b5fe130 mode 0
Event: 35.833 Thread 0x000001e4a89a43b0 Uncommon trap: trap_request=0xffffff45 fr.pc=0x000001e4935b513c relative=0x000000000000079c
Event: 35.833 Thread 0x000001e4a89a43b0 Uncommon trap: reason=unstable_if action=reinterpret pc=0x000001e4935b513c method=ejz$b.a(Lejz$a;)Z @ 125 c2
Event: 35.833 Thread 0x000001e4a89a43b0 DEOPT PACKING pc=0x000001e4935b513c sp=0x0000000d5affea30
Event: 35.833 Thread 0x000001e4a89a43b0 DEOPT UNPACKING pc=0x000001e48b6a23a3 sp=0x0000000d5affe9d0 mode 2
Event: 35.888 Thread 0x000001e4a89a6560 Uncommon trap: trap_request=0xffffff45 fr.pc=0x000001e4935c9ba4 relative=0x0000000000000e24
Event: 35.888 Thread 0x000001e4a89a6560 Uncommon trap: reason=unstable_if action=reinterpret pc=0x000001e4935c9ba4 method=eju.a(Ldet;I)[Ldet; @ 12 c2
Event: 35.888 Thread 0x000001e4a89a6560 DEOPT PACKING pc=0x000001e4935c9ba4 sp=0x0000000d5b5fec80
Event: 35.888 Thread 0x000001e4a89a6560 DEOPT UNPACKING pc=0x000001e48b6a23a3 sp=0x0000000d5b5fec38 mode 2

Classes unloaded (0 events):
No events

Classes redefined (0 events):
No events

Internal exceptions (20 events):
Event: 24.397 Thread 0x000001e483e85640 Exception <a 'java/lang/NoSuchMethodError'{0x0000000796110c58}: 'float java.lang.invoke.DirectMethodHandle$Holder.invokeStatic(java.lang.Object)'> (0x0000000796110c58) 
thrown [t:\workspace\open\src\hotspot\share\interpreter\linkResolver.cpp, line 766]
Event: 24.397 Thread 0x000001e483e85640 Exception <a 'java/lang/NoSuchMethodError'{0x00000007961140c0}: 'float java.lang.invoke.DirectMethodHandle$Holder.invokeStaticInit(java.lang.Object)'> (0x00000007961140c0) 
thrown [t:\workspace\open\src\hotspot\share\interpreter\linkResolver.cpp, line 766]
Event: 24.487 Thread 0x000001e483e85640 Exception <a 'java/lang/NoSuchMethodError'{0x00000007983b0098}: 'int java.lang.invoke.DirectMethodHandle$Holder.invokeStatic(java.lang.Object, java.lang.Object, int)'> (0x00000007983b0098) 
thrown [t:\workspace\open\src\hotspot\share\interpreter\linkResolver.cpp, line 766]
Event: 24.488 Thread 0x000001e483e85640 Exception <a 'java/lang/NoSuchMethodError'{0x00000007987575a0}: 'int java.lang.invoke.DirectMethodHandle$Holder.invokeStatic(java.lang.Object, java.lang.Object, java.lang.Object, int)'> (0x00000007987575a0) 
thrown [t:\workspace\open\src\hotspot\share\interpreter\linkResolver.cpp, line 766]
Event: 24.673 Thread 0x000001e483e85640 Exception <a 'java/lang/NoSuchMethodError'{0x0000000797ae6f78}: 'double java.lang.invoke.DirectMethodHandle$Holder.invokeStatic(java.lang.Object, java.lang.Object)'> (0x0000000797ae6f78) 
thrown [t:\workspace\open\src\hotspot\share\interpreter\linkResolver.cpp, line 766]
Event: 24.673 Thread 0x000001e483e85640 Exception <a 'java/lang/NoSuchMethodError'{0x0000000797cf26d8}: 'double java.lang.invoke.DirectMethodHandle$Holder.invokeStaticInit(java.lang.Object, java.lang.Object)'> (0x0000000797cf26d8) 
thrown [t:\workspace\open\src\hotspot\share\interpreter\linkResolver.cpp, line 766]
Event: 24.853 Thread 0x000001e483e85640 Exception <a 'java/lang/NoSuchMethodError'{0x00000007966eff68}: 'int java.lang.invoke.DirectMethodHandle$Holder.invokeVirtual(java.lang.Object, java.lang.Object, java.lang.Object)'> (0x00000007966eff68) 
thrown [t:\workspace\open\src\hotspot\share\interpreter\linkResolver.cpp, line 766]
Event: 25.047 Thread 0x000001e483e85640 Exception <a 'java/lang/NoSuchMethodError'{0x0000000796d396a0}: 'java.lang.Object java.lang.invoke.DirectMethodHandle$Holder.invokeVirtual(java.lang.Object, java.lang.Object, java.lang.Object, java.lang.Object)'> (0x0000000796d396a0) 
thrown [t:\workspace\open\src\hotspot\share\interpreter\linkResolver.cpp, line 766]
Event: 25.779 Thread 0x000001e483e85640 Exception <a 'java/lang/NoSuchMethodError'{0x0000000795f145a8}: 'void java.lang.invoke.DirectMethodHandle$Holder.invokeStaticInit(java.lang.Object, java.lang.Object, java.lang.Object, int, int)'> (0x0000000795f145a8) 
thrown [t:\workspace\open\src\hotspot\share\interpreter\linkResolver.cpp, line 766]
Event: 25.841 Thread 0x000001e483e85640 Exception <a 'java/lang/NoSuchMethodError'{0x000000079a2ca3a0}: 'void java.lang.invoke.DirectMethodHandle$Holder.invokeInterface(java.lang.Object, java.lang.Object)'> (0x000000079a2ca3a0) 
thrown [t:\workspace\open\src\hotspot\share\interpreter\linkResolver.cpp, line 766]
Event: 25.894 Thread 0x000001e483e85640 Exception <a 'java/lang/NoSuchMethodError'{0x00000007998e4608}: 'void java.lang.invoke.DirectMethodHandle$Holder.invokeSpecialIFC(java.lang.Object, java.lang.Object, java.lang.Object, java.lang.Object)'> (0x00000007998e4608) 
thrown [t:\workspace\open\src\hotspot\share\interpreter\linkResolver.cpp, line 766]
Event: 25.911 Thread 0x000001e483e85640 Exception <a 'java/lang/NoSuchMethodError'{0x0000000799a01908}: 'void java.lang.invoke.DirectMethodHandle$Holder.invokeSpecial(java.lang.Object, java.lang.Object, java.lang.Object, java.lang.Object, java.lang.Object)'> (0x0000000799a01908) 
thrown [t:\workspace\open\src\hotspot\share\interpreter\linkResolver.cpp, line 766]
Event: 25.963 Thread 0x000001e483e85640 Exception <a 'java/lang/IncompatibleClassChangeError'{0x0000000798003008}: Found class java.lang.Object, but interface was expected> (0x0000000798003008) 
thrown [t:\workspace\open\src\hotspot\share\interpreter\linkResolver.cpp, line 833]
Event: 26.984 Thread 0x000001e4a89a4d50 Exception <a 'java/lang/NoSuchMethodError'{0x0000000715c28988}: 'void java.lang.invoke.DirectMethodHandle$Holder.invokeStatic(java.lang.Object, java.lang.Object, int)'> (0x0000000715c28988) 
thrown [t:\workspace\open\src\hotspot\share\interpreter\linkResolver.cpp, line 766]
Event: 27.097 Thread 0x000001e4a89a5220 Exception <a 'java/lang/NoSuchMethodError'{0x000000079c468fa0}: 'void java.lang.invoke.DirectMethodHandle$Holder.invokeSpecial(java.lang.Object, java.lang.Object, java.lang.Object, java.lang.Object, java.lang.Object, java.lang.Object, java.lang.Object, java.lang.Object)'> (0x000000079c468fa0) 
thrown [t:\workspace\open\src\hotspot\share\interpreter\linkResolver.cpp, line 766]
Event: 27.198 Thread 0x000001e4a89a43b0 Exception <a 'java/lang/NoSuchMethodError'{0x000000079c1879e0}: 'int java.lang.invoke.DirectMethodHandle$Holder.invokeSpecialIFC(java.lang.Object, java.lang.Object, java.lang.Object, java.lang.Object, java.lang.Object)'> (0x000000079c1879e0) 
thrown [t:\workspace\open\src\hotspot\share\interpreter\linkResolver.cpp, line 766]
Event: 27.672 Thread 0x000001e4a89a5220 Exception <a 'java/lang/NoSuchMethodError'{0x00000007431b0600}: 'void java.lang.invoke.DirectMethodHandle$Holder.invokeSpecial(java.lang.Object, java.lang.Object, int, java.lang.Object)'> (0x00000007431b0600) 
thrown [t:\workspace\open\src\hotspot\share\interpreter\linkResolver.cpp, line 766]
Event: 33.023 Thread 0x000001e4a89a5220 Exception <a 'java/lang/NoSuchMethodError'{0x000000076affdbc0}: 'void java.lang.invoke.DirectMethodHandle$Holder.invokeSpecial(java.lang.Object, java.lang.Object, java.lang.Object, java.lang.Object, java.lang.Object, java.lang.Object)'> (0x000000076affdbc0) 
thrown [t:\workspace\open\src\hotspot\share\interpreter\linkResolver.cpp, line 766]
Event: 34.052 Thread 0x000001e4a89a56f0 Exception <a 'java/lang/NoSuchMethodError'{0x000000079c15e178}: 'void java.lang.invoke.DirectMethodHandle$Holder.invokeVirtual(java.lang.Object, java.lang.Object, long, int)'> (0x000000079c15e178) 
thrown [t:\workspace\open\src\hotspot\share\interpreter\linkResolver.cpp, line 766]
Event: 35.171 Thread 0x000001e4a89a5220 Exception <a 'java/lang/NoSuchMethodError'{0x0000000795e55878}: 'java.lang.Object java.lang.invoke.Invokers$Holder.linkToTargetMethod(java.lang.Object, int, java.lang.Object, java.lang.Object, java.lang.Object, java.lang.Object)'> (0x0000000795e55878) 
thrown [t:\workspace\open\src\hotspot\share\interpreter\linkResolver.cpp, line 766]

VM Operations (20 events):
Event: 46.043 Executing VM operation: G1CollectForAllocation
Event: 46.044 Executing VM operation: G1CollectForAllocation done
Event: 46.078 Executing VM operation: G1CollectForAllocation
Event: 46.079 Executing VM operation: G1CollectForAllocation done
Event: 46.125 Executing VM operation: G1CollectForAllocation
Event: 46.126 Executing VM operation: G1CollectForAllocation done
Event: 46.208 Executing VM operation: G1CollectForAllocation
Event: 46.209 Executing VM operation: G1CollectForAllocation done
Event: 46.283 Executing VM operation: G1CollectForAllocation
Event: 46.284 Executing VM operation: G1CollectForAllocation done
Event: 46.371 Executing VM operation: G1CollectForAllocation
Event: 46.372 Executing VM operation: G1CollectForAllocation done
Event: 46.466 Executing VM operation: G1CollectForAllocation
Event: 46.467 Executing VM operation: G1CollectForAllocation done
Event: 46.531 Executing VM operation: G1CollectForAllocation
Event: 46.532 Executing VM operation: G1CollectForAllocation done
Event: 46.615 Executing VM operation: G1CollectForAllocation
Event: 46.616 Executing VM operation: G1CollectForAllocation done
Event: 46.689 Executing VM operation: G1CollectForAllocation
Event: 46.690 Executing VM operation: G1CollectForAllocation done

Events (20 events):
Event: 30.300 Thread 0x000001e4a6e363e0 flushing nmethod 0x000001e48c5fe210
Event: 30.300 Thread 0x000001e4a6e363e0 flushing nmethod 0x000001e48c5fe790
Event: 30.300 Thread 0x000001e4a6e363e0 flushing nmethod 0x000001e48c607c90
Event: 30.300 Thread 0x000001e4a6e363e0 flushing nmethod 0x000001e48c616c10
Event: 30.300 Thread 0x000001e4a6e363e0 flushing nmethod 0x000001e48c617390
Event: 30.300 Thread 0x000001e4a6e363e0 flushing nmethod 0x000001e48c618a10
Event: 30.300 Thread 0x000001e4a6e363e0 flushing nmethod 0x000001e48c619710
Event: 30.300 Thread 0x000001e4a6e363e0 flushing nmethod 0x000001e48c634810
Event: 32.246 Thread 0x000001e4a89a5bc0 Thread exited: 0x000001e4a89a5bc0
Event: 33.022 loading class java/util/EnumMap$Values
Event: 33.023 loading class java/util/EnumMap$Values done
Event: 33.023 loading class java/util/EnumMap$ValueIterator
Event: 33.023 loading class java/util/EnumMap$ValueIterator done
Event: 33.892 Thread 0x000001e4a9a20380 Thread exited: 0x000001e4a9a20380
Event: 34.009 Thread 0x000001e4ab5bc7e0 Thread added: 0x000001e4ab5bc7e0
Event: 34.015 Thread 0x000001e4a89a56f0 Thread added: 0x000001e4a89a56f0
Event: 34.804 loading class java/util/concurrent/ConcurrentLinkedQueue$Itr
Event: 34.805 loading class java/util/concurrent/ConcurrentLinkedQueue$Itr done
Event: 35.179 Thread 0x000001e4a89a6560 Thread added: 0x000001e4a89a6560
Event: 36.603 Thread 0x000001e4ab5bc7e0 Thread exited: 0x000001e4ab5bc7e0


Dynamic libraries:
0x00007ff702320000 - 0x00007ff702330000 	C:\Program Files\Java\jdk-17.0.1\bin\java.exe
0x00007ffb3c1b0000 - 0x00007ffb3c37f000 	C:\windows\SYSTEM32\ntdll.dll
0x00007ffb3bf40000 - 0x00007ffb3bfed000 	C:\windows\System32\KERNEL32.DLL
0x00007ffb39080000 - 0x00007ffb3929e000 	C:\windows\System32\KERNELBASE.dll
0x00007ffb392a0000 - 0x00007ffb39394000 	C:\windows\System32\ucrtbase.dll
0x00007ffb227b0000 - 0x00007ffb227c8000 	C:\Program Files\Java\jdk-17.0.1\bin\jli.dll
0x00007ffb21010000 - 0x00007ffb2102a000 	C:\Program Files\Java\jdk-17.0.1\bin\VCRUNTIME140.dll
0x00007ffb39dd0000 - 0x00007ffb39e76000 	C:\windows\System32\ADVAPI32.dll
0x00007ffb3a270000 - 0x00007ffb3a30e000 	C:\windows\System32\msvcrt.dll
0x00007ffb3bea0000 - 0x00007ffb3befb000 	C:\windows\System32\sechost.dll
0x00007ffb3bff0000 - 0x00007ffb3c10d000 	C:\windows\System32\RPCRT4.dll
0x00007ffb3bd30000 - 0x00007ffb3be96000 	C:\windows\System32\USER32.dll
0x00007ffb386f0000 - 0x00007ffb3870e000 	C:\windows\System32\win32u.dll
0x00007ffb32200000 - 0x00007ffb3247a000 	C:\windows\WinSxS\amd64_microsoft.windows.common-controls_6595b64144ccf1df_6.0.14393.4169_none_7de0bbf28341b1f2\COMCTL32.dll
0x00007ffb3bf00000 - 0x00007ffb3bf34000 	C:\windows\System32\GDI32.dll
0x00007ffb387c0000 - 0x00007ffb38944000 	C:\windows\System32\gdi32full.dll
0x00007ffb3ba60000 - 0x00007ffb3bd26000 	C:\windows\System32\combase.dll
0x00007ffb38680000 - 0x00007ffb386ec000 	C:\windows\System32\bcryptPrimitives.dll
0x00007ffb37580000 - 0x00007ffb3758a000 	C:\windows\SYSTEM32\VERSION.dll
0x00007ffb39b80000 - 0x00007ffb39bae000 	C:\windows\System32\IMM32.DLL
0x00007ffb37590000 - 0x00007ffb375c1000 	C:\windows\system32\nvinitx.dll
0x000000000f000000 - 0x000000000f006000 	C:\Program Files\NVIDIA Corporation\CoProcManager\_etoured.dll
0x00007ffb36bb0000 - 0x00007ffb36be2000 	C:\Program Files\NVIDIA Corporation\CoProcManager\nvd3d9wrapx.dll
0x00007ffb39750000 - 0x00007ffb39b79000 	C:\windows\System32\SETUPAPI.dll
0x00007ffb39030000 - 0x00007ffb39072000 	C:\windows\System32\cfgmgr32.dll
0x00007ffb35eb0000 - 0x00007ffb35ed2000 	C:\Program Files\NVIDIA Corporation\CoProcManager\nvdxgiwrapx.dll
0x00007ffb2ad90000 - 0x00007ffb2ad9c000 	C:\Program Files\Java\jdk-17.0.1\bin\vcruntime140_1.dll
0x00007ffb1de40000 - 0x00007ffb1decd000 	C:\Program Files\Java\jdk-17.0.1\bin\msvcp140.dll
0x00007ffb13ea0000 - 0x00007ffb14a5e000 	C:\Program Files\Java\jdk-17.0.1\bin\server\jvm.dll
0x00007ffb3a0a0000 - 0x00007ffb3a0a8000 	C:\windows\System32\PSAPI.DLL
0x00007ffb2e750000 - 0x00007ffb2e759000 	C:\windows\SYSTEM32\WSOCK32.dll
0x00007ffb36b00000 - 0x00007ffb36b23000 	C:\windows\SYSTEM32\WINMM.dll
0x00007ffb39d60000 - 0x00007ffb39dca000 	C:\windows\System32\WS2_32.dll
0x000001e481a40000 - 0x000001e481a6b000 	C:\windows\SYSTEM32\WINMMBASE.dll
0x00007ffb38600000 - 0x00007ffb3860f000 	C:\windows\System32\kernel.appcore.dll
0x00007ffb2a8f0000 - 0x00007ffb2a8fa000 	C:\Program Files\Java\jdk-17.0.1\bin\jimage.dll
0x00007ffb2e410000 - 0x00007ffb2e5a2000 	C:\windows\SYSTEM32\DBGHELP.DLL
0x00007ffb2b860000 - 0x00007ffb2b889000 	C:\windows\SYSTEM32\dbgcore.DLL
0x00007ffb29730000 - 0x00007ffb2973e000 	C:\Program Files\Java\jdk-17.0.1\bin\instrument.dll
0x00007ffb20fe0000 - 0x00007ffb21005000 	C:\Program Files\Java\jdk-17.0.1\bin\java.dll
0x00007ffb382f0000 - 0x00007ffb3831c000 	C:\windows\SYSTEM32\SspiCli.dll
0x00007ffb1c770000 - 0x00007ffb1c846000 	C:\Program Files\Java\jdk-17.0.1\bin\svml.dll
0x00007ffb3a310000 - 0x00007ffb3b815000 	C:\windows\System32\SHELL32.dll
0x000001e4a7800000 - 0x000001e4a7ed3000 	C:\windows\System32\windows.storage.dll
0x00007ffb38610000 - 0x00007ffb3865c000 	C:\windows\System32\powrprof.dll
0x00007ffb39ea0000 - 0x00007ffb39ef2000 	C:\windows\System32\shlwapi.dll
0x00007ffb39440000 - 0x00007ffb394e8000 	C:\windows\System32\shcore.dll
0x00007ffb38660000 - 0x00007ffb38674000 	C:\windows\System32\profapi.dll
0x00007ffb20fc0000 - 0x00007ffb20fd8000 	C:\Program Files\Java\jdk-17.0.1\bin\zip.dll
0x00007ffb20fa0000 - 0x00007ffb20fb9000 	C:\Program Files\Java\jdk-17.0.1\bin\net.dll
0x00007ffb2f960000 - 0x00007ffb2fa2d000 	C:\windows\SYSTEM32\WINHTTP.dll
0x00007ffb37f20000 - 0x00007ffb37f7d000 	C:\windows\system32\mswsock.dll
0x00007ffb20da0000 - 0x00007ffb20db5000 	C:\Program Files\Java\jdk-17.0.1\bin\nio.dll
0x00007ffb29600000 - 0x00007ffb29609000 	C:\Program Files\Java\jdk-17.0.1\bin\management.dll
0x00007ffb29200000 - 0x00007ffb2920b000 	C:\Program Files\Java\jdk-17.0.1\bin\management_ext.dll
0x00007ffb2a360000 - 0x00007ffb2a376000 	C:\windows\system32\napinsp.dll
0x00007ffb2a380000 - 0x00007ffb2a39a000 	C:\windows\system32\pnrpnsp.dll
0x00007ffb36340000 - 0x00007ffb36358000 	C:\windows\system32\NLAapi.dll
0x00007ffb37c90000 - 0x00007ffb37d32000 	C:\windows\SYSTEM32\DNSAPI.dll
0x00007ffb3b820000 - 0x00007ffb3b828000 	C:\windows\System32\NSI.dll
0x00007ffb37c50000 - 0x00007ffb37c88000 	C:\windows\SYSTEM32\IPHLPAPI.DLL
0x00007ffb2a800000 - 0x00007ffb2a80e000 	C:\windows\System32\winrnr.dll
0x00007ffb2a3d0000 - 0x00007ffb2a3e5000 	C:\windows\System32\wshbth.dll
0x00007ffb2de70000 - 0x00007ffb2de7a000 	C:\Windows\System32\rasadhlp.dll
0x00007ffb2feb0000 - 0x00007ffb2ff1a000 	C:\windows\System32\fwpuclnt.dll
0x00007ffb381d0000 - 0x00007ffb381fb000 	C:\windows\SYSTEM32\bcrypt.dll
0x00007ffb380c0000 - 0x00007ffb380d7000 	C:\windows\SYSTEM32\CRYPTSP.dll
0x00007ffb37ad0000 - 0x00007ffb37b03000 	C:\windows\system32\rsaenh.dll
0x00007ffb37d50000 - 0x00007ffb37d70000 	C:\windows\SYSTEM32\USERENV.dll
0x00007ffb380e0000 - 0x00007ffb380eb000 	C:\windows\SYSTEM32\CRYPTBASE.dll
0x00007ffb32f60000 - 0x00007ffb32f76000 	C:\windows\SYSTEM32\dhcpcsvc6.DLL
0x00007ffb33090000 - 0x00007ffb330aa000 	C:\windows\SYSTEM32\dhcpcsvc.DLL
0x00007ffb28e40000 - 0x00007ffb28e4e000 	C:\Program Files\Java\jdk-17.0.1\bin\sunmscapi.dll
0x00007ffb39550000 - 0x00007ffb39743000 	C:\windows\System32\CRYPT32.dll
0x00007ffb385f0000 - 0x00007ffb38600000 	C:\windows\System32\MSASN1.dll
0x00007ffb381a0000 - 0x00007ffb381c6000 	C:\windows\SYSTEM32\ncrypt.dll
0x00007ffb38160000 - 0x00007ffb3819b000 	C:\windows\SYSTEM32\NTASN1.dll
0x00007ffb2c260000 - 0x00007ffb2c423000 	C:\windows\system32\urlmon.dll
0x00007ffb30130000 - 0x00007ffb303e2000 	C:\windows\SYSTEM32\iertutil.dll
0x00007ffb2c210000 - 0x00007ffb2c236000 	C:\windows\SYSTEM32\srvcli.dll
0x00007ffb37d40000 - 0x00007ffb37d4d000 	C:\windows\SYSTEM32\netutils.dll
0x00007ffb1cb00000 - 0x00007ffb1cb72000 	G:\360驱动大师目录\versions\1.16.5\natives-windows-x86_64\lwjgl.dll
0x00007ffb1c8b0000 - 0x00007ffb1c90e000 	G:\360驱动大师目录\versions\1.16.5\natives-windows-x86_64\glfw.dll
0x00007ffb1c510000 - 0x00007ffb1c761000 	G:\360驱动大师目录\versions\1.16.5\natives-windows-x86_64\jemalloc.dll
0x00007ffb36db0000 - 0x00007ffb36e45000 	C:\windows\system32\uxtheme.dll
0x00007ffb1ee20000 - 0x00007ffb1ee60000 	C:\windows\SYSTEM32\dinput8.dll
0x00007ffb28d30000 - 0x00007ffb28d3e000 	C:\windows\SYSTEM32\xinput1_4.dll
0x00007ffb372d0000 - 0x00007ffb372f8000 	C:\windows\SYSTEM32\DEVOBJ.dll
0x00007ffb36230000 - 0x00007ffb36256000 	C:\windows\SYSTEM32\dwmapi.dll
0x00007ffb3a0b0000 - 0x00007ffb3a20b000 	C:\windows\System32\MSCTF.dll
0x00007ffb3b9a0000 - 0x00007ffb3ba60000 	C:\windows\System32\OLEAUT32.dll
0x00007ffb393a0000 - 0x00007ffb3943c000 	C:\windows\System32\msvcp_win.dll
0x00007ffb37540000 - 0x00007ffb3754c000 	C:\windows\SYSTEM32\HID.DLL
0x00007ffb394f0000 - 0x00007ffb39545000 	C:\windows\System32\WINTRUST.dll
0x00007ffb13d70000 - 0x00007ffb13e93000 	C:\windows\SYSTEM32\opengl32.dll
0x00007ffb1e090000 - 0x00007ffb1e0bd000 	C:\windows\SYSTEM32\GLU32.dll
0x00007ffb26bf0000 - 0x00007ffb26ce7000 	C:\windows\SYSTEM32\DDRAW.dll
0x00007ffb36b90000 - 0x00007ffb36b98000 	C:\windows\SYSTEM32\DCIMAN32.dll
0x0000000063d10000 - 0x0000000065a59000 	C:\windows\SYSTEM32\nvoglv64.DLL
0x00007ffb35fd0000 - 0x00007ffb35fe3000 	C:\windows\SYSTEM32\WTSAPI32.dll
0x00007ffb37300000 - 0x00007ffb37332000 	C:\windows\SYSTEM32\ntmarta.dll
0x00007ffb37810000 - 0x00007ffb37866000 	C:\windows\SYSTEM32\WINSTA.dll
0x00007ffb33a90000 - 0x00007ffb346e0000 	C:\windows\system32\igd10umd64.dll
0x00007ffb1c4b0000 - 0x00007ffb1c508000 	G:\360驱动大师目录\versions\1.16.5\natives-windows-x86_64\lwjgl_opengl.dll
0x00007ffb1b920000 - 0x00007ffb1b99f000 	G:\360驱动大师目录\versions\1.16.5\natives-windows-x86_64\lwjgl_stb.dll
0x00007ffb324c0000 - 0x00007ffb32551000 	C:\windows\SYSTEM32\mscms.dll
0x00007ffb1c460000 - 0x00007ffb1c4a2000 	C:\windows\SYSTEM32\icm32.dll
0x00007ffb28280000 - 0x00007ffb28290000 	C:\Program Files\Java\jdk-17.0.1\bin\verify.dll
0x00007ffb13d20000 - 0x00007ffb13d62000 	C:\Users\rongya\AppData\Local\Temp\jna--925353410\jna8434730642654356889.dll
0x00007ffb203e0000 - 0x00007ffb203fa000 	G:\360驱动大师目录\versions\1.16.5\natives-windows-x86_64\SAPIWrapper_x64.dll
0x00007ffb39f60000 - 0x00007ffb3a099000 	C:\windows\System32\ole32.dll
0x00007ffb3c110000 - 0x00007ffb3c1af000 	C:\windows\System32\clbcatq.dll
0x00007ffb139f0000 - 0x00007ffb13b73000 	C:\windows\System32\Speech\Common\sapi.dll
0x00007ffb28fb0000 - 0x00007ffb28fcc000 	C:\windows\SYSTEM32\MSACM32.dll
0x00007ffb27fa0000 - 0x00007ffb27faa000 	C:\windows\SYSTEM32\msdmo.dll
0x00007ffb32980000 - 0x00007ffb329ef000 	C:\windows\System32\MMDevApi.dll
0x00007ffb35ff0000 - 0x00007ffb36175000 	C:\windows\System32\PROPSYS.dll

dbghelp: loaded successfully - version: 4.0.5 - missing functions: none
symbol engine: initialized successfully - sym options: 0x614 - pdb path: .;C:\Program Files\Java\jdk-17.0.1\bin;C:\windows\SYSTEM32;C:\windows\WinSxS\amd64_microsoft.windows.common-controls_6595b64144ccf1df_6.0.14393.4169_none_7de0bbf28341b1f2;C:\Program Files\NVIDIA Corporation\CoProcManager;C:\Program Files\Java\jdk-17.0.1\bin\server;G:\360驱动大师目录\versions\1.16.5\natives-windows-;G:\360驱动大师目录\versions\1.16.5\natives-wi;G:\360驱动大师目录\versions\1.16.5\nati;G:\360驱动大师目录\versions\1.16.;G:\360驱动大师目录\versions\1.16.5\natives-windows-x86_64;C:\Users\rongya\App;C:\Users\rongya\AppData\Local\Temp\jna--925353410;C:\

VM Arguments:
jvm_args: -Dfile.encoding=GB18030 -Dminecraft.client.jar=G:\360驱动大师目录\versions\1.16.5\1.16.5.jar -XX:+UnlockExperimentalVMOptions -XX:+UseG1GC -XX:G1NewSizePercent=20 -XX:G1ReservePercent=20 -XX:MaxGCPauseMillis=50 -XX:G1HeapRegionSize=16m -XX:-UseAdaptiveSizePolicy -XX:-OmitStackTraceInFastThrow -XX:-DontCompileHugeMethods -Xmn128m -Xmx4389m -Dfml.ignoreInvalidMinecraftCertificates=true -Dfml.ignorePatchDiscrepancies=true -Djava.rmi.server.useCodebaseOnly=true -Dcom.sun.jndi.rmi.object.trustURLCodebase=false -Dcom.sun.jndi.cosnaming.object.trustURLCodebase=false -Dlog4j2.formatMsgNoLookups=true -Dlog4j.configurationFile=G:\360驱动大师目录\versions\1.16.5\log4j2.xml -XX:HeapDumpPath=MojangTricksIntelDriversForPerformance_javaw.exe_minecraft.exe.heapdump -Djava.library.path=G:\360驱动大师目录\versions\1.16.5\natives-windows-x86_64 -Dminecraft.launcher.brand=HMCL -Dminecraft.launcher.version=3.5.2.218 -javaagent:C:\Users\rongya\AppData\Roaming\.hmcl\log4j-patch-agent-1.0.jar=false 
java_command: net.minecraft.client.main.Main --username z/？ --version 1.16.5 --gameDir G:\360驱动大师目录 --assetsDir G:\360驱动大师目录\assets --assetIndex 1.16 --uuid 9105b5188c88378ea5a65d8919c78a4e --accessToken ed17dcece2394130b5380e07d97d836b --userType mojang --versionType HMCL 3.5.2.218 --width 854 --height 480
java_class_path (initial): G:\360驱动大师目录\libraries\com\mojang\patchy\1.3.9\patchy-1.3.9.jar;G:\360驱动大师目录\libraries\oshi-project\oshi-core\1.1\oshi-core-1.1.jar;G:\360驱动大师目录\libraries\net\java\dev\jna\jna\4.4.0\jna-4.4.0.jar;G:\360驱动大师目录\libraries\net\java\dev\jna\platform\3.4.0\platform-3.4.0.jar;G:\360驱动大师目录\libraries\com\ibm\icu\icu4j\66.1\icu4j-66.1.jar;G:\360驱动大师目录\libraries\com\mojang\javabridge\1.0.22\javabridge-1.0.22.jar;G:\360驱动大师目录\libraries\net\sf\jopt-simple\jopt-simple\5.0.3\jopt-simple-5.0.3.jar;G:\360驱动大师目录\libraries\io\netty\netty-all\4.1.25.Final\netty-all-4.1.25.Final.jar;G:\360驱动大师目录\libraries\com\google\guava\guava\21.0\guava-21.0.jar;G:\360驱动大师目录\libraries\org\apache\commons\commons-lang3\3.5\commons-lang3-3.5.jar;G:\360驱动大师目录\libraries\commons-io\commons-io\2.5\commons-io-2.5.jar;G:\360驱动大师目录\libraries\commons-codec\commons-codec\1.10\commons-codec-1.10.jar;G:\360驱动大师目录\libraries\net\java\jinput\jinput\2.0.5\jinput-2.0.5.jar;G:\360驱动大师目录\libraries\net\java\jutils\jutils\1.0.0\jutils-1.0.0.jar;G:\360驱动大师目录\libraries\com\mojang\brigadier\1.0.17\brigadier-1.0.17.jar;G:\360驱动大师目录\libraries\com\mojang\datafixerupper\4.0.26\datafixerupper-4.0.26.jar;G:\360驱动大师目录\libraries\com\google\code\gson\gson\2.8.0\gson-2.8.0.jar;G:\360驱动大师目录\libraries\com\mojang\authlib\2.1.28\authlib-2.1.28.jar;G:\360驱动大师目录\libraries\org\apache\commons\commons-compress\1.8.1\commons-compress-1.8.1.jar;G:\360驱动大师目录\libraries\org\apache\httpcomponents\httpclient\4.3.3\httpclient-4.3.3.jar;G:\360驱动大师目录\libraries\commons-logging\commons-logging\1.1.3\commons-logging-1.1.3.jar;G:\360驱动大师目录\libraries\org\apache\httpcomponents\httpcore\4.3.2\httpcore-4.3.2.jar;G:\360驱动大师目录\libraries\it\unimi\dsi\fastutil\8.2.1\fastutil-8.2.1.jar;G:\360驱动大师目录\libraries\org\apache\logging\log4j\log4j-api\2.8.1\log4j-api-2.8.1.jar;G:\360驱动大师目录\libraries\o
Launcher Type: SUN_STANDARD

[Global flags]
     intx CICompilerCount                          = 3                                         {product} {ergonomic}
     uint ConcGCThreads                            = 1                                         {product} {ergonomic}
     bool DontCompileHugeMethods                   = false                                     {product} {command line}
     uint G1ConcRefinementThreads                  = 4                                         {product} {ergonomic}
     uint G1EagerReclaimRemSetThreshold            = 128                                  {experimental} {ergonomic}
   size_t G1HeapRegionSize                         = 16777216                                  {product} {command line}
    uintx G1NewSizePercent                         = 20                                   {experimental} {command line}
    uintx G1ReservePercent                         = 20                                        {product} {command line}
    uintx GCDrainStackTargetSize                   = 64                                        {product} {ergonomic}
    ccstr HeapDumpPath                             = MojangTricksIntelDriversForPerformance_javaw.exe_minecraft.exe.heapdump         {manageable} {command line}
   size_t InitialHeapSize                          = 150994944                                 {product} {ergonomic}
   size_t MarkStackSize                            = 4194304                                   {product} {ergonomic}
    uintx MaxGCPauseMillis                         = 50                                        {product} {command line}
   size_t MaxHeapSize                              = 4613734400                                {product} {command line, ergonomic}
   size_t MaxNewSize                               = 134217728                                 {product} {command line}
   size_t MinHeapDeltaBytes                        = 16777216                                  {product} {ergonomic}
   size_t MinHeapSize                              = 150994944                                 {product} {ergonomic}
   size_t NewSize                                  = 134217728                                 {product} {command line}
    uintx NonNMethodCodeHeapSize                   = 5832780                                {pd product} {ergonomic}
    uintx NonProfiledCodeHeapSize                  = 122912730                              {pd product} {ergonomic}
     bool OmitStackTraceInFastThrow                = false                                     {product} {command line}
    uintx ProfiledCodeHeapSize                     = 122912730                              {pd product} {ergonomic}
    uintx ReservedCodeCacheSize                    = 251658240                              {pd product} {ergonomic}
     bool SegmentedCodeCache                       = true                                      {product} {ergonomic}
   size_t SoftMaxHeapSize                          = 4613734400                             {manageable} {ergonomic}
     bool UnlockExperimentalVMOptions              = true                                 {experimental} {command line}
     bool UseAdaptiveSizePolicy                    = false                                     {product} {command line}
     bool UseCompressedClassPointers               = true                           {product lp64_product} {ergonomic}
     bool UseCompressedOops                        = true                           {product lp64_product} {ergonomic}
     bool UseFastUnorderedTimeStamps               = true                                 {experimental} {ergonomic}
     bool UseG1GC                                  = true                                      {product} {command line}
     bool UseLargePagesIndividualAllocation        = false                                  {pd product} {ergonomic}

Logging:
Log output configuration:
 #0: stdout all=warning uptime,level,tags
 #1: stderr all=off uptime,level,tags

Environment Variables:
PATH=C:\Program Files (x86)\NVIDIA Corporation\PhysX\Common;C:\Program Files\Common Files\Oracle\Java\javapath;C:\Program Files (x86)\Common Files\Oracle\Java\javapath;C:\windows\system32;C:\windows;C:\windows\System32\Wbem;C:\windows\System32\WindowsPowerShell\v1.0\;C:\Users\rongya\AppData\Local\Microsoft\WindowsApps
OS=Windows_NT
PROCESSOR_IDENTIFIER=Intel64 Family 6 Model 42 Stepping 7, GenuineIntel



---------------  S Y S T E M  ---------------

OS:
 Windows 10 , 64 bit Build 14393 (10.0.14393.4651)
OS uptime: 0 days 15:50 hours

CPU: total 4 (initial active 4) (2 cores per cpu, 2 threads per core) family 6 model 42 stepping 7 microcode 0x2f, cx8, cmov, fxsr, ht, mmx, sse, sse2, sse3, ssse3, sse4.1, sse4.2, popcnt, tsc, tscinvbit, avx, aes, clmul, vzeroupper, clflush

Memory: 4k page, system-wide physical 8073M (4211M free)
TotalPageFile size 11017M (AvailPageFile size 5387M)
current process WorkingSet (physical memory assigned to process): 1527M, peak: 1568M
current process commit charge ("private bytes"): 3290M, peak: 3326M

vm_info: Java HotSpot(TM) 64-Bit Server VM (17.0.1+12-LTS-39) for windows-amd64 JRE (17.0.1+12-LTS-39), built on Sep 27 2021 18:41:35 by "mach5one" with MS VC++ 16.8 (VS2019)

END.
