#
# A fatal error has been detected by the Java Runtime Environment:
#
#  EXCEPTION_ACCESS_VIOLATION (0xc0000005) at pc=0x00007ffb33d708af, pid=7484, tid=4052
#
# JRE version: Java(TM) SE Runtime Environment (16.0.1+9) (build 16.0.1+9-24)
# Java VM: Java HotSpot(TM) 64-Bit Server VM (16.0.1+9-24, mixed mode, sharing, tiered, compressed oops, compressed class ptrs, g1 gc, windows-amd64)
# Problematic frame:
# C  [igd10umd64.dll+0x2e08af]
#
# No core dump will be written. Minidumps are not enabled by default on client versions of Windows
#
# If you would like to submit a bug report, please visit:
#   https://bugreport.java.com/bugreport/crash.jsp
# The crash happened outside the Java Virtual Machine in native code.
# See problematic frame for where to report the bug.
#

---------------  S U M M A R Y ------------

Command Line: -Dfile.encoding=GB18030 -Dminecraft.client.jar=G:\360驱动大师目录\versions\1.16.5\1.16.5.jar -XX:+UnlockExperimentalVMOptions -XX:+UseG1GC -XX:G1NewSizePercent=20 -XX:G1ReservePercent=20 -XX:MaxGCPauseMillis=50 -XX:G1HeapRegionSize=16m -XX:-UseAdaptiveSizePolicy -XX:-OmitStackTraceInFastThrow -XX:-DontCompileHugeMethods -Xmn128m -Xmx4674m --illegal-access=permit -Dfml.ignoreInvalidMinecraftCertificates=true -Dfml.ignorePatchDiscrepancies=true -Djava.rmi.server.useCodebaseOnly=true -Dcom.sun.jndi.rmi.object.trustURLCodebase=false -Dcom.sun.jndi.cosnaming.object.trustURLCodebase=false -Dlog4j2.formatMsgNoLookups=true -Dlog4j.configurationFile=G:\360驱动大师目录\versions\1.16.5\log4j2.xml -XX:HeapDumpPath=MojangTricksIntelDriversForPerformance_javaw.exe_minecraft.exe.heapdump -Djava.library.path=G:\360驱动大师目录\versions\1.16.5\natives-windows-x86_64 -Dminecraft.launcher.brand=HMCL -Dminecraft.launcher.version=3.5.2.218 -javaagent:C:\Users\rongya\AppData\Roaming\.hmcl\log4j-patch-agent-1.0.jar=false net.minecraft.client.main.Main --username z/？ --version 1.16.5 --gameDir G:\360驱动大师目录 --assetsDir G:\360驱动大师目录\assets --assetIndex 1.16 --uuid 9105b5188c88378ea5a65d8919c78a4e --accessToken e715840e17b94bf7b9f3239998c5f79a --userType mojang --versionType HMCL 3.5.2.218 --width 854 --height 480

Host: Intel(R) Core(TM) i7-2620M CPU @ 2.70GHz, 4 cores, 7G,  Windows 10 , 64 bit Build 14393 (10.0.14393.4651)
Time: Sun Feb 20 22:02:48 2022 中国标准时间 elapsed time: 37.733717 seconds (0d 0h 0m 37s)

---------------  T H R E A D  ---------------

Current thread (0x000001f45689c6e0):  JavaThread "Render thread" [_thread_in_native, id=4052, stack(0x0000004ccd500000,0x0000004ccd600000)]

Stack: [0x0000004ccd500000,0x0000004ccd600000],  sp=0x0000004ccd5f9980,  free space=998k
Native frames: (J=compiled Java code, j=interpreted, Vv=VM code, C=native code)
C  [igd10umd64.dll+0x2e08af]

Java frames: (J=compiled Java code, j=interpreted, Vv=VM code)
j  org.lwjgl.system.JNI.invokePV(JJ)V+0
j  org.lwjgl.glfw.GLFW.glfwSwapBuffers(J)V+17
j  com.mojang.blaze3d.systems.RenderSystem.flipFrame(J)V+16
j  dez.e()V+4
j  djz.e(Z)V+504
j  djz.e()V+68
j  net.minecraft.client.main.Main.main([Ljava/lang/String;)V+1366
v  ~StubRoutines::call_stub

siginfo: EXCEPTION_ACCESS_VIOLATION (0xc0000005), writing address 0x00007ffb33d6e89f


Register to memory mapping:

RIP=0x00007ffb33d708af igd10umd64.dll
RAX=0x00007ffb33d6e89f igd10umd64.dll
RBX=0x0000000000000001 is an unknown value
RCX=0x000001f406e3106c points into unknown readable memory: 40 8a 58 34
RDX=0x000000000000003c is an unknown value
RSP=0x0000004ccd5f9980 is pointing into the stack for thread: 0x000001f45689c6e0
RBP=0x000001f406e351fc points into unknown readable memory: f8 58 59 34
RSI=0x0000004ccd5f9a30 is pointing into the stack for thread: 0x000001f45689c6e0
RDI=0x000001f406e3587c points into unknown readable memory: 28 b8 58 34
R8 =0x0 is NULL
R9 =0x000001f406e3587c points into unknown readable memory: 28 b8 58 34
R10=0x0000004ccd5f99f0 is pointing into the stack for thread: 0x000001f45689c6e0
R11=0x0000000000000060 is an unknown value
R12=0x000001f40269af00 points into unknown readable memory: 0x0000000000000000 | 00 00 00 00 00 00 00 00
R13=0x000001f4029dbf80 points into unknown readable memory: 0x0400500400000008 | 08 00 00 00 04 50 00 04
R14=0x000001f406c9008c points into unknown readable memory: b8 23 59 34
R15=0x000001f47d6ee0b0 points into unknown readable memory: 0x0000000000000000 | 00 00 00 00 00 00 00 00


Registers:
RAX=0x00007ffb33d6e89f, RBX=0x0000000000000001, RCX=0x000001f406e3106c, RDX=0x000000000000003c
RSP=0x0000004ccd5f9980, RBP=0x000001f406e351fc, RSI=0x0000004ccd5f9a30, RDI=0x000001f406e3587c
R8 =0x0000000000000000, R9 =0x000001f406e3587c, R10=0x0000004ccd5f99f0, R11=0x0000000000000060
R12=0x000001f40269af00, R13=0x000001f4029dbf80, R14=0x000001f406c9008c, R15=0x000001f47d6ee0b0
RIP=0x00007ffb33d708af, EFLAGS=0x0000000000010206

Top of Stack: (sp=0x0000004ccd5f9980)
0x0000004ccd5f9980:   0000003c0003116b 0000200300000000
0x0000004ccd5f9990:   0000262a79c11b80 0000000000000000
0x0000004ccd5f99a0:   0000000000000000 00007ffb33d706f7
0x0000004ccd5f99b0:   0000000000000000 0000000000000000
0x0000004ccd5f99c0:   0000000000000000 0000000000000000
0x0000004ccd5f99d0:   0000004ccd5f9a60 000001f406e351fc
0x0000004ccd5f99e0:   000001f406cef9e8 00007ffb33d71408
0x0000004ccd5f99f0:   0000000000000001 0000000000000000
0x0000004ccd5f9a00:   000001f406e3587c 00007ffb3bd4f21a
0x0000004ccd5f9a10:   000001f4029dbf80 000001f406e34d68
0x0000004ccd5f9a20:   0000004ccd5f9a98 00007ffb33cf89c5
0x0000004ccd5f9a30:   0000000000000001 0000000000000000
0x0000004ccd5f9a40:   000000000021007f 0000000000000000
0x0000004ccd5f9a50:   0000004ccd5f9ae0 00007ffb33cff9da
0x0000004ccd5f9a60:   0000000000000001 000001f406e34d68
0x0000004ccd5f9a70:   000001f406e34d68 0000000000000010 

Instructions: (pc=0x00007ffb33d708af)
0x00007ffb33d707af:   8b c6 48 8b 5c 24 50 48 83 c4 20 5f 5e 5d c3 cc
0x00007ffb33d707bf:   cc cc cc cc cc cc cc cc cc cc cc cc cc cc cc cc
0x00007ffb33d707cf:   cc 48 8b 41 10 48 8b 48 20 48 8b 41 10 48 8b 48
0x00007ffb33d707df:   28 48 8b 49 18 48 8b 01 48 ff a0 d0 00 00 00 cc
0x00007ffb33d707ef:   cc cc cc cc cc cc cc cc cc cc cc cc cc cc cc cc
0x00007ffb33d707ff:   cc 48 83 ec 28 48 8b 05 e5 60 90 00 48 33 c4 48
0x00007ffb33d7080f:   89 44 24 10 4c 8b 05 2e 94 80 00 48 8b 05 2f 94
0x00007ffb33d7081f:   80 00 c7 02 01 00 00 00 4c 8b d2 8b 51 7c 48 89
0x00007ffb33d7082f:   44 24 08 81 c2 00 04 00 00 49 8b c0 4c 89 04 24
0x00007ffb33d7083f:   c1 ea 0a 48 c1 e8 20 49 c1 e8 20 33 d0 4c 8b c9
0x00007ffb33d7084f:   48 8b 49 10 8b 41 78 81 e2 ff 03 00 00 0f ba e8
0x00007ffb33d7085f:   0d 41 33 d0 80 3d b6 53 92 00 00 89 44 24 0c 89
0x00007ffb33d7086f:   54 24 04 75 07 81 0c 24 00 00 10 00 48 8b 41 50
0x00007ffb33d7087f:   48 85 c0 74 16 0f b6 48 18 8b 44 24 08 c1 e1 02
0x00007ffb33d7088f:   33 c8 83 e1 04 33 c1 89 44 24 08 41 83 79 3c 10
0x00007ffb33d7089f:   72 36 49 8b 41 30 48 85 c0 74 2d f3 0f 6f 04 24
0x00007ffb33d708af:   f3 0f 7f 00 41 83 41 40 10 41 83 41 3c f0 41 c6
0x00007ffb33d708bf:   41 78 01 49 8b c2 48 8b 4c 24 10 48 33 cc e8 ee
0x00007ffb33d708cf:   36 f6 ff 48 83 c4 28 c3 41 c7 02 04 00 00 00 49
0x00007ffb33d708df:   8b c2 48 8b 4c 24 10 48 33 cc e8 d2 36 f6 ff 48
0x00007ffb33d708ef:   83 c4 28 c3 cc cc cc cc cc cc cc cc cc cc cc cc
0x00007ffb33d708ff:   cc 48 83 ec 28 4c 8b 41 20 41 80 b8 fc 03 00 00
0x00007ffb33d7090f:   00 75 1e 48 8b 41 28 48 89 44 24 30 48 85 c0 74
0x00007ffb33d7091f:   10 49 8b 48 40 48 8d 54 24 30 41 ff 90 c8 00 00
0x00007ffb33d7092f:   00 32 c0 48 83 c4 28 c3 cc cc cc cc cc cc cc cc
0x00007ffb33d7093f:   cc 40 55 56 57 41 56 48 8d ac 24 48 fe ff ff 48
0x00007ffb33d7094f:   81 ec b8 02 00 00 48 8b f9 48 8b 49 18 48 8b f2
0x00007ffb33d7095f:   48 8b 01 48 89 9c 24 f0 02 00 00 bb 01 00 00 00
0x00007ffb33d7096f:   89 1a 33 d2 ff 90 00 01 00 00 48 8b 47 10 45 33
0x00007ffb33d7097f:   f6 83 b8 80 00 00 00 03 0f 85 f1 00 00 00 48 8b
0x00007ffb33d7098f:   4f 18 4c 89 b5 e8 01 00 00 48 8b 01 ff 90 a8 00
0x00007ffb33d7099f:   00 00 44 8b d8 44 39 b7 94 00 00 00 0f 85 8e 00 


Stack slot to memory mapping:
stack at sp + 0 slots: 0x0000003c0003116b is an unknown value
stack at sp + 1 slots: 0x0000200300000000 is an unknown value
stack at sp + 2 slots: 0x0000262a79c11b80 is an unknown value
stack at sp + 3 slots: 0x0 is NULL
stack at sp + 4 slots: 0x0 is NULL
stack at sp + 5 slots: 0x00007ffb33d706f7 igd10umd64.dll
stack at sp + 6 slots: 0x0 is NULL
stack at sp + 7 slots: 0x0 is NULL


---------------  P R O C E S S  ---------------

Threads class SMR info:
_java_thread_list=0x000001f47d75a150, length=23, elements={
0x000001f45689c6e0, 0x000001f47c452b20, 0x000001f47c4538f0, 0x000001f47c46f470,
0x000001f47c473000, 0x000001f47c473910, 0x000001f47c474b20, 0x000001f47c4816f0,
0x000001f47c482040, 0x000001f47c48eed0, 0x000001f47c434e40, 0x000001f47d9e2400,
0x000001f47f1c0380, 0x000001f400c2e6b0, 0x000001f400c2dc10, 0x000001f47e24e5c0,
0x000001f47e250050, 0x000001f47f0ee640, 0x000001f40a107490, 0x000001f40a1079e0,
0x000001f40a1034d0, 0x000001f40a105f50, 0x000001f40a103a20
}

Java Threads: ( => current thread )
=>0x000001f45689c6e0 JavaThread "Render thread" [_thread_in_native, id=4052, stack(0x0000004ccd500000,0x0000004ccd600000)]
  0x000001f47c452b20 JavaThread "Reference Handler" daemon [_thread_blocked, id=1872, stack(0x0000004ccdc00000,0x0000004ccdd00000)]
  0x000001f47c4538f0 JavaThread "Finalizer" daemon [_thread_blocked, id=5260, stack(0x0000004ccdd00000,0x0000004ccde00000)]
  0x000001f47c46f470 JavaThread "Signal Dispatcher" daemon [_thread_blocked, id=4252, stack(0x0000004ccde00000,0x0000004ccdf00000)]
  0x000001f47c473000 JavaThread "Attach Listener" daemon [_thread_blocked, id=756, stack(0x0000004ccdf00000,0x0000004cce000000)]
  0x000001f47c473910 JavaThread "Service Thread" daemon [_thread_blocked, id=7332, stack(0x0000004cce000000,0x0000004cce100000)]
  0x000001f47c474b20 JavaThread "Monitor Deflation Thread" daemon [_thread_blocked, id=7352, stack(0x0000004cce100000,0x0000004cce200000)]
  0x000001f47c4816f0 JavaThread "C2 CompilerThread0" daemon [_thread_blocked, id=224, stack(0x0000004cce200000,0x0000004cce300000)]
  0x000001f47c482040 JavaThread "C1 CompilerThread0" daemon [_thread_blocked, id=5264, stack(0x0000004cce300000,0x0000004cce400000)]
  0x000001f47c48eed0 JavaThread "Sweeper thread" daemon [_thread_blocked, id=4780, stack(0x0000004cce400000,0x0000004cce500000)]
  0x000001f47c434e40 JavaThread "Common-Cleaner" daemon [_thread_blocked, id=4836, stack(0x0000004cce500000,0x0000004cce600000)]
  0x000001f47d9e2400 JavaThread "Notification Thread" daemon [_thread_blocked, id=7824, stack(0x0000004cce600000,0x0000004cce700000)]
  0x000001f47f1c0380 JavaThread "Worker-Bootstrap-1" daemon [_thread_in_Java, id=6768, stack(0x0000004ccef00000,0x0000004ccf000000)]
  0x000001f400c2e6b0 JavaThread "Worker-Bootstrap-2" daemon [_thread_in_Java, id=1580, stack(0x0000004ccf000000,0x0000004ccf100000)]
  0x000001f400c2dc10 JavaThread "Worker-Bootstrap-3" daemon [_thread_in_Java, id=3964, stack(0x0000004ccf100000,0x0000004ccf200000)]
  0x000001f47e24e5c0 JavaThread "Timer hack thread" daemon [_thread_blocked, id=4868, stack(0x0000004ccf300000,0x0000004ccf400000)]
  0x000001f47e250050 JavaThread "Snooper Timer" daemon [_thread_blocked, id=4964, stack(0x0000004ccf400000,0x0000004ccf500000)]
  0x000001f47f0ee640 JavaThread "Sound engine" daemon [_thread_blocked, id=6428, stack(0x0000004cd0300000,0x0000004cd0400000)]
  0x000001f40a107490 JavaThread "Narrator" [_thread_blocked, id=4480, stack(0x0000004cd0400000,0x0000004cd0500000)]
  0x000001f40a1079e0 JavaThread "Worker-Main-4" daemon [_thread_blocked, id=7736, stack(0x0000004cd0600000,0x0000004cd0700000)]
  0x000001f40a1034d0 JavaThread "Worker-Main-5" daemon [_thread_blocked, id=8992, stack(0x0000004cd0700000,0x0000004cd0800000)]
  0x000001f40a105f50 JavaThread "Worker-Main-6" daemon [_thread_blocked, id=3560, stack(0x0000004cd0800000,0x0000004cd0900000)]
  0x000001f40a103a20 JavaThread "Worker-Main-7" daemon [_thread_blocked, id=6576, stack(0x0000004cd0c00000,0x0000004cd0d00000)]

Other Threads:
  0x000001f47c44db30 VMThread "VM Thread" [stack: 0x0000004ccdb00000,0x0000004ccdc00000] [id=7340]
  0x000001f47d97f430 WatcherThread [stack: 0x0000004cce700000,0x0000004cce800000] [id=9204]
  0x000001f4568e6ee0 GCTaskThread "GC Thread#0" [stack: 0x0000004ccd600000,0x0000004ccd700000] [id=3468]
  0x000001f47dfaab70 GCTaskThread "GC Thread#1" [stack: 0x0000004ccea00000,0x0000004cceb00000] [id=3380]
  0x000001f47dfaae80 GCTaskThread "GC Thread#2" [stack: 0x0000004cceb00000,0x0000004ccec00000] [id=5744]
  0x000001f47e54e890 GCTaskThread "GC Thread#3" [stack: 0x0000004ccec00000,0x0000004cced00000] [id=7132]
  0x000001f4568ea3c0 ConcurrentGCThread "G1 Main Marker" [stack: 0x0000004ccd700000,0x0000004ccd800000] [id=216]
  0x000001f4568ebe00 ConcurrentGCThread "G1 Conc#0" [stack: 0x0000004ccd800000,0x0000004ccd900000] [id=7368]
  0x000001f47c2fe0f0 ConcurrentGCThread "G1 Refine#0" [stack: 0x0000004ccd900000,0x0000004ccda00000] [id=232]
  0x000001f47e54eba0 ConcurrentGCThread "G1 Refine#1" [stack: 0x0000004cced00000,0x0000004ccee00000] [id=832]
  0x000001f47dff9950 ConcurrentGCThread "G1 Refine#2" [stack: 0x0000004ccee00000,0x0000004ccef00000] [id=8940]
  0x000001f47eebcfc0 ConcurrentGCThread "G1 Refine#3" [stack: 0x0000004ccf200000,0x0000004ccf300000] [id=5596]
  0x000001f47c2fe980 ConcurrentGCThread "G1 Service" [stack: 0x0000004ccda00000,0x0000004ccdb00000] [id=4496]

Threads with active compile tasks:

VM state: not at safepoint (normal execution)

VM Mutex/Monitor currently owned by a thread: None

Heap address: 0x00000006db000000, size: 4688 MB, Compressed Oops mode: Zero based, Oop shift amount: 3

CDS archive(s) mapped at: [0x0000000800000000-0x0000000800bb0000-0x0000000800bb0000), size 12255232, SharedBaseAddress: 0x0000000800000000, ArchiveRelocationMode: 0.
Compressed class space mapped at: 0x0000000800c00000-0x0000000840c00000, reserved size: 1073741824
Narrow klass base: 0x0000000800000000, Narrow klass shift: 3, Narrow klass range: 0x100000000

GC Precious Log:
 CPUs: 4 total, 4 available
 Memory: 8073M
 Large Page Support: Disabled
 NUMA Support: Disabled
 Compressed Oops: Enabled (Zero based)
 Heap Region Size: 16M
 Heap Min Capacity: 144M
 Heap Initial Capacity: 144M
 Heap Max Capacity: 4688M
 Pre-touch: Disabled
 Parallel Workers: 4
 Concurrent Workers: 1
 Concurrent Refinement Workers: 4
 Periodic GC: Disabled

Heap:
 garbage-first heap   total 2785280K, used 309045K [0x00000006db000000, 0x0000000800000000)
  region size 16384K, 8 young (131072K), 1 survivors (16384K)
 Metaspace       used 55004K, committed 55424K, reserved 1097728K
  class space    used 7483K, committed 7680K, reserved 1048576K

Heap Regions: E=young(eden), S=young(survivor), O=old, HS=humongous(starts), HC=humongous(continues), CS=collection set, F=free, OA=open archive, CA=closed archive, TAMS=top-at-mark-start (previous, next)
|   0|0x00000006db000000, 0x00000006dc000000, 0x00000006dc000000|100%| O|  |TAMS 0x00000006dc000000, 0x00000006db000000| Untracked 
|   1|0x00000006dc000000, 0x00000006dd000000, 0x00000006dd000000|100%| O|  |TAMS 0x00000006dd000000, 0x00000006dc000000| Untracked 
|   2|0x00000006dd000000, 0x00000006de000000, 0x00000006de000000|100%|HS|  |TAMS 0x00000006de000000, 0x00000006dd000000| Complete 
|   3|0x00000006de000000, 0x00000006df000000, 0x00000006df000000|100%| O|  |TAMS 0x00000006df000000, 0x00000006de000000| Untracked 
|   4|0x00000006df000000, 0x00000006dff65400, 0x00000006e0000000| 96%| O|  |TAMS 0x00000006dff65400, 0x00000006df000000| Untracked 
|   5|0x00000006e0000000, 0x00000006e00d1800, 0x00000006e1000000|  5%| O|  |TAMS 0x00000006e0026a00, 0x00000006e0000000| Untracked 
|   6|0x00000006e1000000, 0x00000006e2000000, 0x00000006e2000000|100%| O|  |TAMS 0x00000006e1000000, 0x00000006e1000000| Untracked 
|   7|0x00000006e2000000, 0x00000006e2d56000, 0x00000006e3000000| 83%| O|  |TAMS 0x00000006e2000000, 0x00000006e2000000| Untracked 
|   8|0x00000006e3000000, 0x00000006e3000000, 0x00000006e4000000|  0%| F|  |TAMS 0x00000006e3000000, 0x00000006e3000000| Untracked 
|   9|0x00000006e4000000, 0x00000006e4000000, 0x00000006e5000000|  0%| F|  |TAMS 0x00000006e4000000, 0x00000006e4000000| Untracked 
|  10|0x00000006e5000000, 0x00000006e5000000, 0x00000006e6000000|  0%| F|  |TAMS 0x00000006e5000000, 0x00000006e5000000| Untracked 
|  11|0x00000006e6000000, 0x00000006e6000000, 0x00000006e7000000|  0%| F|  |TAMS 0x00000006e6000000, 0x00000006e6000000| Untracked 
|  12|0x00000006e7000000, 0x00000006e7000000, 0x00000006e8000000|  0%| F|  |TAMS 0x00000006e7000000, 0x00000006e7000000| Untracked 
|  13|0x00000006e8000000, 0x00000006e8000000, 0x00000006e9000000|  0%| F|  |TAMS 0x00000006e8000000, 0x00000006e8000000| Untracked 
|  14|0x00000006e9000000, 0x00000006e9000000, 0x00000006ea000000|  0%| F|  |TAMS 0x00000006e9000000, 0x00000006e9000000| Untracked 
|  15|0x00000006ea000000, 0x00000006ea000000, 0x00000006eb000000|  0%| F|  |TAMS 0x00000006ea000000, 0x00000006ea000000| Untracked 
|  16|0x00000006eb000000, 0x00000006eb000000, 0x00000006ec000000|  0%| F|  |TAMS 0x00000006eb000000, 0x00000006eb000000| Untracked 
|  17|0x00000006ec000000, 0x00000006ec000000, 0x00000006ed000000|  0%| F|  |TAMS 0x00000006ec000000, 0x00000006ec000000| Untracked 
|  18|0x00000006ed000000, 0x00000006ed000000, 0x00000006ee000000|  0%| F|  |TAMS 0x00000006ed000000, 0x00000006ed000000| Untracked 
|  19|0x00000006ee000000, 0x00000006ee000000, 0x00000006ef000000|  0%| F|  |TAMS 0x00000006ee000000, 0x00000006ee000000| Untracked 
|  20|0x00000006ef000000, 0x00000006ef000000, 0x00000006f0000000|  0%| F|  |TAMS 0x00000006ef000000, 0x00000006ef000000| Untracked 
|  21|0x00000006f0000000, 0x00000006f0000000, 0x00000006f1000000|  0%| F|  |TAMS 0x00000006f0000000, 0x00000006f0000000| Untracked 
|  22|0x00000006f1000000, 0x00000006f1000000, 0x00000006f2000000|  0%| F|  |TAMS 0x00000006f1000000, 0x00000006f1000000| Untracked 
|  23|0x00000006f2000000, 0x00000006f2000000, 0x00000006f3000000|  0%| F|  |TAMS 0x00000006f2000000, 0x00000006f2000000| Untracked 
|  24|0x00000006f3000000, 0x00000006f3000000, 0x00000006f4000000|  0%| F|  |TAMS 0x00000006f3000000, 0x00000006f3000000| Untracked 
|  25|0x00000006f4000000, 0x00000006f4000000, 0x00000006f5000000|  0%| F|  |TAMS 0x00000006f4000000, 0x00000006f4000000| Untracked 
|  26|0x00000006f5000000, 0x00000006f5000000, 0x00000006f6000000|  0%| F|  |TAMS 0x00000006f5000000, 0x00000006f5000000| Untracked 
|  27|0x00000006f6000000, 0x00000006f6000000, 0x00000006f7000000|  0%| F|  |TAMS 0x00000006f6000000, 0x00000006f6000000| Untracked 
|  28|0x00000006f7000000, 0x00000006f7000000, 0x00000006f8000000|  0%| F|  |TAMS 0x00000006f7000000, 0x00000006f7000000| Untracked 
|  29|0x00000006f8000000, 0x00000006f8000000, 0x00000006f9000000|  0%| F|  |TAMS 0x00000006f8000000, 0x00000006f8000000| Untracked 
|  30|0x00000006f9000000, 0x00000006f9000000, 0x00000006fa000000|  0%| F|  |TAMS 0x00000006f9000000, 0x00000006f9000000| Untracked 
|  31|0x00000006fa000000, 0x00000006fa000000, 0x00000006fb000000|  0%| F|  |TAMS 0x00000006fa000000, 0x00000006fa000000| Untracked 
|  32|0x00000006fb000000, 0x00000006fb000000, 0x00000006fc000000|  0%| F|  |TAMS 0x00000006fb000000, 0x00000006fb000000| Untracked 
|  33|0x00000006fc000000, 0x00000006fc000000, 0x00000006fd000000|  0%| F|  |TAMS 0x00000006fc000000, 0x00000006fc000000| Untracked 
|  34|0x00000006fd000000, 0x00000006fd000000, 0x00000006fe000000|  0%| F|  |TAMS 0x00000006fd000000, 0x00000006fd000000| Untracked 
|  35|0x00000006fe000000, 0x00000006fe000000, 0x00000006ff000000|  0%| F|  |TAMS 0x00000006fe000000, 0x00000006fe000000| Untracked 
|  36|0x00000006ff000000, 0x00000006ff000000, 0x0000000700000000|  0%| F|  |TAMS 0x00000006ff000000, 0x00000006ff000000| Untracked 
|  37|0x0000000700000000, 0x0000000700000000, 0x0000000701000000|  0%| F|  |TAMS 0x0000000700000000, 0x0000000700000000| Untracked 
|  38|0x0000000701000000, 0x0000000701000000, 0x0000000702000000|  0%| F|  |TAMS 0x0000000701000000, 0x0000000701000000| Untracked 
|  39|0x0000000702000000, 0x0000000702000000, 0x0000000703000000|  0%| F|  |TAMS 0x0000000702000000, 0x0000000702000000| Untracked 
|  40|0x0000000703000000, 0x0000000703000000, 0x0000000704000000|  0%| F|  |TAMS 0x0000000703000000, 0x0000000703000000| Untracked 
|  41|0x0000000704000000, 0x0000000704000000, 0x0000000705000000|  0%| F|  |TAMS 0x0000000704000000, 0x0000000704000000| Untracked 
|  42|0x0000000705000000, 0x0000000705000000, 0x0000000706000000|  0%| F|  |TAMS 0x0000000705000000, 0x0000000705000000| Untracked 
|  43|0x0000000706000000, 0x0000000706000000, 0x0000000707000000|  0%| F|  |TAMS 0x0000000706000000, 0x0000000706000000| Untracked 
|  44|0x0000000707000000, 0x0000000707000000, 0x0000000708000000|  0%| F|  |TAMS 0x0000000707000000, 0x0000000707000000| Untracked 
|  45|0x0000000708000000, 0x0000000708000000, 0x0000000709000000|  0%| F|  |TAMS 0x0000000708000000, 0x0000000708000000| Untracked 
|  46|0x0000000709000000, 0x0000000709000000, 0x000000070a000000|  0%| F|  |TAMS 0x0000000709000000, 0x0000000709000000| Untracked 
|  47|0x000000070a000000, 0x000000070a000000, 0x000000070b000000|  0%| F|  |TAMS 0x000000070a000000, 0x000000070a000000| Untracked 
|  48|0x000000070b000000, 0x000000070b000000, 0x000000070c000000|  0%| F|  |TAMS 0x000000070b000000, 0x000000070b000000| Untracked 
|  49|0x000000070c000000, 0x000000070c000000, 0x000000070d000000|  0%| F|  |TAMS 0x000000070c000000, 0x000000070c000000| Untracked 
|  50|0x000000070d000000, 0x000000070d000000, 0x000000070e000000|  0%| F|  |TAMS 0x000000070d000000, 0x000000070d000000| Untracked 
|  51|0x000000070e000000, 0x000000070e000000, 0x000000070f000000|  0%| F|  |TAMS 0x000000070e000000, 0x000000070e000000| Untracked 
|  52|0x000000070f000000, 0x000000070f000000, 0x0000000710000000|  0%| F|  |TAMS 0x000000070f000000, 0x000000070f000000| Untracked 
|  53|0x0000000710000000, 0x0000000710000000, 0x0000000711000000|  0%| F|  |TAMS 0x0000000710000000, 0x0000000710000000| Untracked 
|  54|0x0000000711000000, 0x0000000711000000, 0x0000000712000000|  0%| F|  |TAMS 0x0000000711000000, 0x0000000711000000| Untracked 
|  55|0x0000000712000000, 0x0000000712000000, 0x0000000713000000|  0%| F|  |TAMS 0x0000000712000000, 0x0000000712000000| Untracked 
|  56|0x0000000713000000, 0x0000000713000000, 0x0000000714000000|  0%| F|  |TAMS 0x0000000713000000, 0x0000000713000000| Untracked 
|  57|0x0000000714000000, 0x0000000714000000, 0x0000000715000000|  0%| F|  |TAMS 0x0000000714000000, 0x0000000714000000| Untracked 
|  58|0x0000000715000000, 0x0000000715000000, 0x0000000716000000|  0%| F|  |TAMS 0x0000000715000000, 0x0000000715000000| Untracked 
|  59|0x0000000716000000, 0x0000000716000000, 0x0000000717000000|  0%| F|  |TAMS 0x0000000716000000, 0x0000000716000000| Untracked 
|  60|0x0000000717000000, 0x0000000717000000, 0x0000000718000000|  0%| F|  |TAMS 0x0000000717000000, 0x0000000717000000| Untracked 
|  61|0x0000000718000000, 0x0000000718000000, 0x0000000719000000|  0%| F|  |TAMS 0x0000000718000000, 0x0000000718000000| Untracked 
|  62|0x0000000719000000, 0x0000000719000000, 0x000000071a000000|  0%| F|  |TAMS 0x0000000719000000, 0x0000000719000000| Untracked 
|  63|0x000000071a000000, 0x000000071a000000, 0x000000071b000000|  0%| F|  |TAMS 0x000000071a000000, 0x000000071a000000| Untracked 
|  64|0x000000071b000000, 0x000000071b000000, 0x000000071c000000|  0%| F|  |TAMS 0x000000071b000000, 0x000000071b000000| Untracked 
|  65|0x000000071c000000, 0x000000071c000000, 0x000000071d000000|  0%| F|  |TAMS 0x000000071c000000, 0x000000071c000000| Untracked 
|  66|0x000000071d000000, 0x000000071d000000, 0x000000071e000000|  0%| F|  |TAMS 0x000000071d000000, 0x000000071d000000| Untracked 
|  67|0x000000071e000000, 0x000000071e000000, 0x000000071f000000|  0%| F|  |TAMS 0x000000071e000000, 0x000000071e000000| Untracked 
|  68|0x000000071f000000, 0x000000071f000000, 0x0000000720000000|  0%| F|  |TAMS 0x000000071f000000, 0x000000071f000000| Untracked 
|  69|0x0000000720000000, 0x0000000720000000, 0x0000000721000000|  0%| F|  |TAMS 0x0000000720000000, 0x0000000720000000| Untracked 
|  70|0x0000000721000000, 0x0000000721000000, 0x0000000722000000|  0%| F|  |TAMS 0x0000000721000000, 0x0000000721000000| Untracked 
|  71|0x0000000722000000, 0x0000000722000000, 0x0000000723000000|  0%| F|  |TAMS 0x0000000722000000, 0x0000000722000000| Untracked 
|  72|0x0000000723000000, 0x0000000723000000, 0x0000000724000000|  0%| F|  |TAMS 0x0000000723000000, 0x0000000723000000| Untracked 
|  73|0x0000000724000000, 0x0000000724000000, 0x0000000725000000|  0%| F|  |TAMS 0x0000000724000000, 0x0000000724000000| Untracked 
|  74|0x0000000725000000, 0x0000000725000000, 0x0000000726000000|  0%| F|  |TAMS 0x0000000725000000, 0x0000000725000000| Untracked 
|  75|0x0000000726000000, 0x0000000726000000, 0x0000000727000000|  0%| F|  |TAMS 0x0000000726000000, 0x0000000726000000| Untracked 
|  76|0x0000000727000000, 0x0000000727000000, 0x0000000728000000|  0%| F|  |TAMS 0x0000000727000000, 0x0000000727000000| Untracked 
|  77|0x0000000728000000, 0x0000000728000000, 0x0000000729000000|  0%| F|  |TAMS 0x0000000728000000, 0x0000000728000000| Untracked 
|  78|0x0000000729000000, 0x0000000729000000, 0x000000072a000000|  0%| F|  |TAMS 0x0000000729000000, 0x0000000729000000| Untracked 
|  79|0x000000072a000000, 0x000000072a000000, 0x000000072b000000|  0%| F|  |TAMS 0x000000072a000000, 0x000000072a000000| Untracked 
|  80|0x000000072b000000, 0x000000072b000000, 0x000000072c000000|  0%| F|  |TAMS 0x000000072b000000, 0x000000072b000000| Untracked 
|  81|0x000000072c000000, 0x000000072c000000, 0x000000072d000000|  0%| F|  |TAMS 0x000000072c000000, 0x000000072c000000| Untracked 
|  82|0x000000072d000000, 0x000000072d000000, 0x000000072e000000|  0%| F|  |TAMS 0x000000072d000000, 0x000000072d000000| Untracked 
|  83|0x000000072e000000, 0x000000072e000000, 0x000000072f000000|  0%| F|  |TAMS 0x000000072e000000, 0x000000072e000000| Untracked 
|  84|0x000000072f000000, 0x000000072f000000, 0x0000000730000000|  0%| F|  |TAMS 0x000000072f000000, 0x000000072f000000| Untracked 
|  85|0x0000000730000000, 0x0000000730000000, 0x0000000731000000|  0%| F|  |TAMS 0x0000000730000000, 0x0000000730000000| Untracked 
|  86|0x0000000731000000, 0x0000000731000000, 0x0000000732000000|  0%| F|  |TAMS 0x0000000731000000, 0x0000000731000000| Untracked 
|  87|0x0000000732000000, 0x0000000732000000, 0x0000000733000000|  0%| F|  |TAMS 0x0000000732000000, 0x0000000732000000| Untracked 
|  88|0x0000000733000000, 0x0000000733000000, 0x0000000734000000|  0%| F|  |TAMS 0x0000000733000000, 0x0000000733000000| Untracked 
|  89|0x0000000734000000, 0x0000000734000000, 0x0000000735000000|  0%| F|  |TAMS 0x0000000734000000, 0x0000000734000000| Untracked 
|  90|0x0000000735000000, 0x0000000735000000, 0x0000000736000000|  0%| F|  |TAMS 0x0000000735000000, 0x0000000735000000| Untracked 
|  91|0x0000000736000000, 0x0000000736000000, 0x0000000737000000|  0%| F|  |TAMS 0x0000000736000000, 0x0000000736000000| Untracked 
|  92|0x0000000737000000, 0x0000000737000000, 0x0000000738000000|  0%| F|  |TAMS 0x0000000737000000, 0x0000000737000000| Untracked 
|  93|0x0000000738000000, 0x0000000738000000, 0x0000000739000000|  0%| F|  |TAMS 0x0000000738000000, 0x0000000738000000| Untracked 
|  94|0x0000000739000000, 0x0000000739000000, 0x000000073a000000|  0%| F|  |TAMS 0x0000000739000000, 0x0000000739000000| Untracked 
|  95|0x000000073a000000, 0x000000073a000000, 0x000000073b000000|  0%| F|  |TAMS 0x000000073a000000, 0x000000073a000000| Untracked 
|  96|0x000000073b000000, 0x000000073b000000, 0x000000073c000000|  0%| F|  |TAMS 0x000000073b000000, 0x000000073b000000| Untracked 
|  97|0x000000073c000000, 0x000000073c000000, 0x000000073d000000|  0%| F|  |TAMS 0x000000073c000000, 0x000000073c000000| Untracked 
|  98|0x000000073d000000, 0x000000073d000000, 0x000000073e000000|  0%| F|  |TAMS 0x000000073d000000, 0x000000073d000000| Untracked 
|  99|0x000000073e000000, 0x000000073e000000, 0x000000073f000000|  0%| F|  |TAMS 0x000000073e000000, 0x000000073e000000| Untracked 
| 100|0x000000073f000000, 0x000000073f000000, 0x0000000740000000|  0%| F|  |TAMS 0x000000073f000000, 0x000000073f000000| Untracked 
| 101|0x0000000740000000, 0x0000000740000000, 0x0000000741000000|  0%| F|  |TAMS 0x0000000740000000, 0x0000000740000000| Untracked 
| 102|0x0000000741000000, 0x0000000741000000, 0x0000000742000000|  0%| F|  |TAMS 0x0000000741000000, 0x0000000741000000| Untracked 
| 103|0x0000000742000000, 0x0000000742000000, 0x0000000743000000|  0%| F|  |TAMS 0x0000000742000000, 0x0000000742000000| Untracked 
| 104|0x0000000743000000, 0x0000000743000000, 0x0000000744000000|  0%| F|  |TAMS 0x0000000743000000, 0x0000000743000000| Untracked 
| 105|0x0000000744000000, 0x0000000744000000, 0x0000000745000000|  0%| F|  |TAMS 0x0000000744000000, 0x0000000744000000| Untracked 
| 106|0x0000000745000000, 0x0000000745000000, 0x0000000746000000|  0%| F|  |TAMS 0x0000000745000000, 0x0000000745000000| Untracked 
| 107|0x0000000746000000, 0x0000000746000000, 0x0000000747000000|  0%| F|  |TAMS 0x0000000746000000, 0x0000000746000000| Untracked 
| 108|0x0000000747000000, 0x0000000747000000, 0x0000000748000000|  0%| F|  |TAMS 0x0000000747000000, 0x0000000747000000| Untracked 
| 109|0x0000000748000000, 0x0000000748000000, 0x0000000749000000|  0%| F|  |TAMS 0x0000000748000000, 0x0000000748000000| Untracked 
| 110|0x0000000749000000, 0x0000000749000000, 0x000000074a000000|  0%| F|  |TAMS 0x0000000749000000, 0x0000000749000000| Untracked 
| 111|0x000000074a000000, 0x000000074a000000, 0x000000074b000000|  0%| F|  |TAMS 0x000000074a000000, 0x000000074a000000| Untracked 
| 112|0x000000074b000000, 0x000000074b000000, 0x000000074c000000|  0%| F|  |TAMS 0x000000074b000000, 0x000000074b000000| Untracked 
| 113|0x000000074c000000, 0x000000074c000000, 0x000000074d000000|  0%| F|  |TAMS 0x000000074c000000, 0x000000074c000000| Untracked 
| 114|0x000000074d000000, 0x000000074d000000, 0x000000074e000000|  0%| F|  |TAMS 0x000000074d000000, 0x000000074d000000| Untracked 
| 115|0x000000074e000000, 0x000000074e000000, 0x000000074f000000|  0%| F|  |TAMS 0x000000074e000000, 0x000000074e000000| Untracked 
| 116|0x000000074f000000, 0x000000074f000000, 0x0000000750000000|  0%| F|  |TAMS 0x000000074f000000, 0x000000074f000000| Untracked 
| 117|0x0000000750000000, 0x0000000750000000, 0x0000000751000000|  0%| F|  |TAMS 0x0000000750000000, 0x0000000750000000| Untracked 
| 118|0x0000000751000000, 0x0000000751000000, 0x0000000752000000|  0%| F|  |TAMS 0x0000000751000000, 0x0000000751000000| Untracked 
| 119|0x0000000752000000, 0x0000000752000000, 0x0000000753000000|  0%| F|  |TAMS 0x0000000752000000, 0x0000000752000000| Untracked 
| 120|0x0000000753000000, 0x0000000753000000, 0x0000000754000000|  0%| F|  |TAMS 0x0000000753000000, 0x0000000753000000| Untracked 
| 121|0x0000000754000000, 0x0000000754000000, 0x0000000755000000|  0%| F|  |TAMS 0x0000000754000000, 0x0000000754000000| Untracked 
| 122|0x0000000755000000, 0x0000000755000000, 0x0000000756000000|  0%| F|  |TAMS 0x0000000755000000, 0x0000000755000000| Untracked 
| 123|0x0000000756000000, 0x0000000756000000, 0x0000000757000000|  0%| F|  |TAMS 0x0000000756000000, 0x0000000756000000| Untracked 
| 124|0x0000000757000000, 0x0000000757000000, 0x0000000758000000|  0%| F|  |TAMS 0x0000000757000000, 0x0000000757000000| Untracked 
| 125|0x0000000758000000, 0x0000000758000000, 0x0000000759000000|  0%| F|  |TAMS 0x0000000758000000, 0x0000000758000000| Untracked 
| 126|0x0000000759000000, 0x0000000759000000, 0x000000075a000000|  0%| F|  |TAMS 0x0000000759000000, 0x0000000759000000| Untracked 
| 127|0x000000075a000000, 0x000000075a000000, 0x000000075b000000|  0%| F|  |TAMS 0x000000075a000000, 0x000000075a000000| Untracked 
| 128|0x000000075b000000, 0x000000075b000000, 0x000000075c000000|  0%| F|  |TAMS 0x000000075b000000, 0x000000075b000000| Untracked 
| 129|0x000000075c000000, 0x000000075c000000, 0x000000075d000000|  0%| F|  |TAMS 0x000000075c000000, 0x000000075c000000| Untracked 
| 130|0x000000075d000000, 0x000000075d000000, 0x000000075e000000|  0%| F|  |TAMS 0x000000075d000000, 0x000000075d000000| Untracked 
| 131|0x000000075e000000, 0x000000075e000000, 0x000000075f000000|  0%| F|  |TAMS 0x000000075e000000, 0x000000075e000000| Untracked 
| 132|0x000000075f000000, 0x000000075f000000, 0x0000000760000000|  0%| F|  |TAMS 0x000000075f000000, 0x000000075f000000| Untracked 
| 133|0x0000000760000000, 0x0000000760000000, 0x0000000761000000|  0%| F|  |TAMS 0x0000000760000000, 0x0000000760000000| Untracked 
| 134|0x0000000761000000, 0x0000000761000000, 0x0000000762000000|  0%| F|  |TAMS 0x0000000761000000, 0x0000000761000000| Untracked 
| 135|0x0000000762000000, 0x0000000762000000, 0x0000000763000000|  0%| F|  |TAMS 0x0000000762000000, 0x0000000762000000| Untracked 
| 136|0x0000000763000000, 0x0000000763000000, 0x0000000764000000|  0%| F|  |TAMS 0x0000000763000000, 0x0000000763000000| Untracked 
| 137|0x0000000764000000, 0x0000000764000000, 0x0000000765000000|  0%| F|  |TAMS 0x0000000764000000, 0x0000000764000000| Untracked 
| 138|0x0000000765000000, 0x0000000765000000, 0x0000000766000000|  0%| F|  |TAMS 0x0000000765000000, 0x0000000765000000| Untracked 
| 139|0x0000000766000000, 0x0000000766000000, 0x0000000767000000|  0%| F|  |TAMS 0x0000000766000000, 0x0000000766000000| Untracked 
| 140|0x0000000767000000, 0x0000000767000000, 0x0000000768000000|  0%| F|  |TAMS 0x0000000767000000, 0x0000000767000000| Untracked 
| 141|0x0000000768000000, 0x0000000768000000, 0x0000000769000000|  0%| F|  |TAMS 0x0000000768000000, 0x0000000768000000| Untracked 
| 142|0x0000000769000000, 0x0000000769000000, 0x000000076a000000|  0%| F|  |TAMS 0x0000000769000000, 0x0000000769000000| Untracked 
| 143|0x000000076a000000, 0x000000076a000000, 0x000000076b000000|  0%| F|  |TAMS 0x000000076a000000, 0x000000076a000000| Untracked 
| 144|0x000000076b000000, 0x000000076b000000, 0x000000076c000000|  0%| F|  |TAMS 0x000000076b000000, 0x000000076b000000| Untracked 
| 145|0x000000076c000000, 0x000000076c000000, 0x000000076d000000|  0%| F|  |TAMS 0x000000076c000000, 0x000000076c000000| Untracked 
| 146|0x000000076d000000, 0x000000076d000000, 0x000000076e000000|  0%| F|  |TAMS 0x000000076d000000, 0x000000076d000000| Untracked 
| 147|0x000000076e000000, 0x000000076e000000, 0x000000076f000000|  0%| F|  |TAMS 0x000000076e000000, 0x000000076e000000| Untracked 
| 148|0x000000076f000000, 0x000000076f000000, 0x0000000770000000|  0%| F|  |TAMS 0x000000076f000000, 0x000000076f000000| Untracked 
| 149|0x0000000770000000, 0x0000000770000000, 0x0000000771000000|  0%| F|  |TAMS 0x0000000770000000, 0x0000000770000000| Untracked 
| 150|0x0000000771000000, 0x0000000771000000, 0x0000000772000000|  0%| F|  |TAMS 0x0000000771000000, 0x0000000771000000| Untracked 
| 151|0x0000000772000000, 0x0000000772000000, 0x0000000773000000|  0%| F|  |TAMS 0x0000000772000000, 0x0000000772000000| Untracked 
| 152|0x0000000773000000, 0x0000000773000000, 0x0000000774000000|  0%| F|  |TAMS 0x0000000773000000, 0x0000000773000000| Untracked 
| 153|0x0000000774000000, 0x0000000774000000, 0x0000000775000000|  0%| F|  |TAMS 0x0000000774000000, 0x0000000774000000| Untracked 
| 154|0x0000000775000000, 0x0000000775000000, 0x0000000776000000|  0%| F|  |TAMS 0x0000000775000000, 0x0000000775000000| Untracked 
| 155|0x0000000776000000, 0x0000000776000000, 0x0000000777000000|  0%| F|  |TAMS 0x0000000776000000, 0x0000000776000000| Untracked 
| 156|0x0000000777000000, 0x0000000777040a00, 0x0000000778000000|  1%| S|CS|TAMS 0x0000000777000000, 0x0000000777000000| Complete 
| 186|0x0000000795000000, 0x0000000795000000, 0x0000000796000000|  0%| F|  |TAMS 0x0000000795000000, 0x0000000795000000| Untracked 
| 189|0x0000000798000000, 0x0000000798000000, 0x0000000799000000|  0%| F|  |TAMS 0x0000000798000000, 0x0000000798000000| Untracked 
| 190|0x0000000799000000, 0x0000000799000000, 0x000000079a000000|  0%| F|  |TAMS 0x0000000799000000, 0x0000000799000000| Untracked 
| 191|0x000000079a000000, 0x000000079a000000, 0x000000079b000000|  0%| F|  |TAMS 0x000000079a000000, 0x000000079a000000| Untracked 
| 192|0x000000079b000000, 0x000000079b000000, 0x000000079c000000|  0%| F|  |TAMS 0x000000079b000000, 0x000000079b000000| Untracked 
| 193|0x000000079c000000, 0x000000079c000000, 0x000000079d000000|  0%| F|  |TAMS 0x000000079c000000, 0x000000079c000000| Untracked 
| 194|0x000000079d000000, 0x000000079d2f0a70, 0x000000079e000000| 18%| E|  |TAMS 0x000000079d000000, 0x000000079d000000| Complete 
| 287|0x00000007fa000000, 0x00000007fb000000, 0x00000007fb000000|100%| O|  |TAMS 0x00000007fb000000, 0x00000007fa000000| Untracked 
| 288|0x00000007fb000000, 0x00000007fc000000, 0x00000007fc000000|100%| O|  |TAMS 0x00000007fc000000, 0x00000007fb000000| Untracked 
| 289|0x00000007fc000000, 0x00000007fd000000, 0x00000007fd000000|100%| O|  |TAMS 0x00000007fd000000, 0x00000007fc000000| Untracked 
| 290|0x00000007fd000000, 0x00000007fe000000, 0x00000007fe000000|100%| O|  |TAMS 0x00000007fe000000, 0x00000007fd000000| Untracked 
| 291|0x00000007fe000000, 0x00000007ff000000, 0x00000007ff000000|100%| O|  |TAMS 0x00000007ff000000, 0x00000007fe000000| Untracked 
| 292|0x00000007ff000000, 0x0000000800000000, 0x0000000800000000|100%| O|  |TAMS 0x0000000800000000, 0x00000007ff000000| Untracked 

Card table byte_map: [0x000001f46f9d0000,0x000001f470300000] _byte_map_base: 0x000001f46c2f8000

Marking Bits (Prev, Next): (CMBitMap*) 0x000001f4568e74e0, (CMBitMap*) 0x000001f4568e7520
 Prev Bits: [0x000001f470c30000, 0x000001f475570000)
 Next Bits: [0x000001f475570000, 0x000001f479eb0000)

Polling page: 0x000001f456630000

Metaspace:

Usage:
  Non-class:     46.41 MB used.
      Class:      7.31 MB used.
       Both:     53.72 MB used.

Virtual space:
  Non-class space:       48.00 MB reserved,      46.63 MB ( 97%) committed,  6 nodes.
      Class space:        1.00 GB reserved,       7.50 MB ( <1%) committed,  1 nodes.
              Both:        1.05 GB reserved,      54.13 MB (  5%) committed. 

Chunk freelists:
   Non-Class:  1.19 MB
       Class:  392.00 KB
        Both:  1.58 MB

MaxMetaspaceSize: 17179869184.00 GB
CompressedClassSpaceSize: 1.00 GB
 - commit_granule_bytes: 65536.
 - commit_granule_words: 8192.
 - virtual_space_node_default_size: 1048576.
 - enlarge_chunks_in_place: 1.
 - new_chunks_are_fully_committed: 0.
 - uncommit_free_chunks: 1.
 - use_allocation_guard: 0.
 - handle_deallocations: 1.


Internal statistics:

num_allocs_failed_limit: 18.
num_arena_births: 540.
num_arena_deaths: 8.
num_vsnodes_births: 7.
num_vsnodes_deaths: 0.
num_space_committed: 863.
num_space_uncommitted: 0.
num_chunks_returned_to_freelist: 28.
num_chunks_taken_from_freelist: 2418.
num_chunk_merges: 19.
num_chunk_splits: 1615.
num_chunks_enlarged: 1233.
num_purges: 2.

CodeHeap 'non-profiled nmethods': size=120000Kb used=5452Kb max_used=5452Kb free=114547Kb
 bounds [0x000001f467550000, 0x000001f467ab0000, 0x000001f46ea80000]
CodeHeap 'profiled nmethods': size=120000Kb used=10521Kb max_used=10991Kb free=109479Kb
 bounds [0x000001f460020000, 0x000001f460af0000, 0x000001f467550000]
CodeHeap 'non-nmethods': size=5760Kb used=2027Kb max_used=2096Kb free=3732Kb
 bounds [0x000001f45fa80000, 0x000001f45fcf0000, 0x000001f460020000]
 total_blobs=7720 nmethods=6154 adapters=1478
 compilation: enabled
              stopped_count=0, restarted_count=0
 full_count=0

Compilation events (20 events):
Event: 34.552 Thread 0x000001f47c482040 8077       3       it.unimi.dsi.fastutil.longs.Long2ObjectFunction::get (51 bytes)
Event: 34.552 Thread 0x000001f47c482040 nmethod 8077 0x000001f4606bc990 code [0x000001f4606bcb80, 0x000001f4606bd148]
Event: 34.836 Thread 0x000001f47c482040 8078       3       it.unimi.dsi.fastutil.ints.AbstractIntSortedSet::<init> (5 bytes)
Event: 34.837 Thread 0x000001f47c482040 nmethod 8078 0x000001f460757810 code [0x000001f4607579c0, 0x000001f460757c38]
Event: 34.984 Thread 0x000001f47c482040 8079       3       it.unimi.dsi.fastutil.ints.IntAVLTreeSet::firstInt (23 bytes)
Event: 34.984 Thread 0x000001f47c482040 nmethod 8079 0x000001f460757310 code [0x000001f4607574c0, 0x000001f4607576e8]
Event: 34.986 Thread 0x000001f47c482040 8080       3       com.mojang.datafixers.DataFixerUpper::getRule (62 bytes)
Event: 34.987 Thread 0x000001f47c482040 nmethod 8080 0x000001f4605ecf10 code [0x000001f4605ed180, 0x000001f4605edcb8]
Event: 34.987 Thread 0x000001f47c482040 8081       3       com.mojang.datafixers.DataFixerUpper::getLowestFixSameVersion (44 bytes)
Event: 34.987 Thread 0x000001f47c482040 nmethod 8081 0x000001f4606cb410 code [0x000001f4606cb600, 0x000001f4606cbad8]
Event: 34.987 Thread 0x000001f47c482040 8082       3       com.mojang.datafixers.DataFixerUpper$$Lambda$917/0x0000000800f2b830::<init> (20 bytes)
Event: 34.988 Thread 0x000001f47c482040 nmethod 8082 0x000001f460756c90 code [0x000001f460756e40, 0x000001f460757018]
Event: 35.307 Thread 0x000001f47c482040 8083       3       java.util.concurrent.CompletableFuture$UniExceptionally::tryFire (82 bytes)
Event: 35.307 Thread 0x000001f47c482040 nmethod 8083 0x000001f4606caa90 code [0x000001f4606cac60, 0x000001f4606cb078]
Event: 35.307 Thread 0x000001f47c482040 8085       3       java.util.concurrent.CompletableFuture::internalComplete (10 bytes)
Event: 35.309 Thread 0x000001f47c482040 nmethod 8085 0x000001f4601fc810 code [0x000001f4601fca60, 0x000001f4601fd4b8]
Event: 35.309 Thread 0x000001f47c482040 8084   !   3       java.util.concurrent.CompletableFuture::uniExceptionally (76 bytes)
Event: 35.315 Thread 0x000001f47c482040 nmethod 8084 0x000001f4608eb090 code [0x000001f4608eb540, 0x000001f4608edaf8]
Event: 37.219 Thread 0x000001f47c482040 8086       3       it.unimi.dsi.fastutil.ints.IntAVLTreeSet::locateKey (65 bytes)
Event: 37.220 Thread 0x000001f47c482040 nmethod 8086 0x000001f460597d90 code [0x000001f460597f80, 0x000001f460598688]

GC Heap History (20 events):
Event: 36.855 GC heap before
{Heap before GC invocations=197 (full 0):
 garbage-first heap   total 2785280K, used 325235K [0x00000006db000000, 0x0000000800000000)
  region size 16384K, 8 young (131072K), 1 survivors (16384K)
 Metaspace       used 55003K, committed 55424K, reserved 1097728K
  class space    used 7483K, committed 7680K, reserved 1048576K
}
Event: 36.856 GC heap after
{Heap after GC invocations=198 (full 0):
 garbage-first heap   total 2785280K, used 210566K [0x00000006db000000, 0x0000000800000000)
  region size 16384K, 1 young (16384K), 1 survivors (16384K)
 Metaspace       used 55003K, committed 55424K, reserved 1097728K
  class space    used 7483K, committed 7680K, reserved 1048576K
}
Event: 37.027 GC heap before
{Heap before GC invocations=198 (full 0):
 garbage-first heap   total 2785280K, used 325254K [0x00000006db000000, 0x0000000800000000)
  region size 16384K, 8 young (131072K), 1 survivors (16384K)
 Metaspace       used 55003K, committed 55424K, reserved 1097728K
  class space    used 7483K, committed 7680K, reserved 1048576K
}
Event: 37.028 GC heap after
{Heap after GC invocations=199 (full 0):
 garbage-first heap   total 2785280K, used 210620K [0x00000006db000000, 0x0000000800000000)
  region size 16384K, 1 young (16384K), 1 survivors (16384K)
 Metaspace       used 55003K, committed 55424K, reserved 1097728K
  class space    used 7483K, committed 7680K, reserved 1048576K
}
Event: 37.127 GC heap before
{Heap before GC invocations=199 (full 0):
 garbage-first heap   total 2785280K, used 325308K [0x00000006db000000, 0x0000000800000000)
  region size 16384K, 8 young (131072K), 1 survivors (16384K)
 Metaspace       used 55003K, committed 55424K, reserved 1097728K
  class space    used 7483K, committed 7680K, reserved 1048576K
}
Event: 37.128 GC heap after
{Heap after GC invocations=200 (full 0):
 garbage-first heap   total 2785280K, used 210637K [0x00000006db000000, 0x0000000800000000)
  region size 16384K, 1 young (16384K), 1 survivors (16384K)
 Metaspace       used 55003K, committed 55424K, reserved 1097728K
  class space    used 7483K, committed 7680K, reserved 1048576K
}
Event: 37.239 GC heap before
{Heap before GC invocations=200 (full 0):
 garbage-first heap   total 2785280K, used 325325K [0x00000006db000000, 0x0000000800000000)
  region size 16384K, 8 young (131072K), 1 survivors (16384K)
 Metaspace       used 55004K, committed 55424K, reserved 1097728K
  class space    used 7483K, committed 7680K, reserved 1048576K
}
Event: 37.240 GC heap after
{Heap after GC invocations=201 (full 0):
 garbage-first heap   total 2785280K, used 210642K [0x00000006db000000, 0x0000000800000000)
  region size 16384K, 1 young (16384K), 1 survivors (16384K)
 Metaspace       used 55004K, committed 55424K, reserved 1097728K
  class space    used 7483K, committed 7680K, reserved 1048576K
}
Event: 37.337 GC heap before
{Heap before GC invocations=201 (full 0):
 garbage-first heap   total 2785280K, used 325330K [0x00000006db000000, 0x0000000800000000)
  region size 16384K, 8 young (131072K), 1 survivors (16384K)
 Metaspace       used 55004K, committed 55424K, reserved 1097728K
  class space    used 7483K, committed 7680K, reserved 1048576K
}
Event: 37.338 GC heap after
{Heap after GC invocations=202 (full 0):
 garbage-first heap   total 2785280K, used 210654K [0x00000006db000000, 0x0000000800000000)
  region size 16384K, 1 young (16384K), 1 survivors (16384K)
 Metaspace       used 55004K, committed 55424K, reserved 1097728K
  class space    used 7483K, committed 7680K, reserved 1048576K
}
Event: 37.403 GC heap before
{Heap before GC invocations=202 (full 0):
 garbage-first heap   total 2785280K, used 325342K [0x00000006db000000, 0x0000000800000000)
  region size 16384K, 8 young (131072K), 1 survivors (16384K)
 Metaspace       used 55004K, committed 55424K, reserved 1097728K
  class space    used 7483K, committed 7680K, reserved 1048576K
}
Event: 37.404 GC heap after
{Heap after GC invocations=203 (full 0):
 garbage-first heap   total 2785280K, used 210677K [0x00000006db000000, 0x0000000800000000)
  region size 16384K, 1 young (16384K), 1 survivors (16384K)
 Metaspace       used 55004K, committed 55424K, reserved 1097728K
  class space    used 7483K, committed 7680K, reserved 1048576K
}
Event: 37.463 GC heap before
{Heap before GC invocations=203 (full 0):
 garbage-first heap   total 2785280K, used 325365K [0x00000006db000000, 0x0000000800000000)
  region size 16384K, 8 young (131072K), 1 survivors (16384K)
 Metaspace       used 55004K, committed 55424K, reserved 1097728K
  class space    used 7483K, committed 7680K, reserved 1048576K
}
Event: 37.464 GC heap after
{Heap after GC invocations=204 (full 0):
 garbage-first heap   total 2785280K, used 210690K [0x00000006db000000, 0x0000000800000000)
  region size 16384K, 1 young (16384K), 1 survivors (16384K)
 Metaspace       used 55004K, committed 55424K, reserved 1097728K
  class space    used 7483K, committed 7680K, reserved 1048576K
}
Event: 37.517 GC heap before
{Heap before GC invocations=204 (full 0):
 garbage-first heap   total 2785280K, used 325378K [0x00000006db000000, 0x0000000800000000)
  region size 16384K, 8 young (131072K), 1 survivors (16384K)
 Metaspace       used 55004K, committed 55424K, reserved 1097728K
  class space    used 7483K, committed 7680K, reserved 1048576K
}
Event: 37.518 GC heap after
{Heap after GC invocations=205 (full 0):
 garbage-first heap   total 2785280K, used 210688K [0x00000006db000000, 0x0000000800000000)
  region size 16384K, 1 young (16384K), 1 survivors (16384K)
 Metaspace       used 55004K, committed 55424K, reserved 1097728K
  class space    used 7483K, committed 7680K, reserved 1048576K
}
Event: 37.561 GC heap before
{Heap before GC invocations=205 (full 0):
 garbage-first heap   total 2785280K, used 325376K [0x00000006db000000, 0x0000000800000000)
  region size 16384K, 8 young (131072K), 1 survivors (16384K)
 Metaspace       used 55004K, committed 55424K, reserved 1097728K
  class space    used 7483K, committed 7680K, reserved 1048576K
}
Event: 37.562 GC heap after
{Heap after GC invocations=206 (full 0):
 garbage-first heap   total 2785280K, used 210700K [0x00000006db000000, 0x0000000800000000)
  region size 16384K, 1 young (16384K), 1 survivors (16384K)
 Metaspace       used 55004K, committed 55424K, reserved 1097728K
  class space    used 7483K, committed 7680K, reserved 1048576K
}
Event: 37.624 GC heap before
{Heap before GC invocations=206 (full 0):
 garbage-first heap   total 2785280K, used 325388K [0x00000006db000000, 0x0000000800000000)
  region size 16384K, 8 young (131072K), 1 survivors (16384K)
 Metaspace       used 55004K, committed 55424K, reserved 1097728K
  class space    used 7483K, committed 7680K, reserved 1048576K
}
Event: 37.625 GC heap after
{Heap after GC invocations=207 (full 0):
 garbage-first heap   total 2785280K, used 210710K [0x00000006db000000, 0x0000000800000000)
  region size 16384K, 1 young (16384K), 1 survivors (16384K)
 Metaspace       used 55004K, committed 55424K, reserved 1097728K
  class space    used 7483K, committed 7680K, reserved 1048576K
}

Deoptimization events (20 events):
Event: 27.033 Thread 0x000001f40a105f50 DEOPT PACKING pc=0x000001f4608215b0 sp=0x0000004cd08fe800
Event: 27.033 Thread 0x000001f40a105f50 DEOPT UNPACKING pc=0x000001f45facdece sp=0x0000004cd08fdcf0 mode 0
Event: 27.035 Thread 0x000001f40a1079e0 DEOPT PACKING pc=0x000001f4608215b0 sp=0x0000004cd06fe5d0
Event: 27.035 Thread 0x000001f40a1079e0 DEOPT UNPACKING pc=0x000001f45facdece sp=0x0000004cd06fdac0 mode 0
Event: 27.036 Thread 0x000001f40a105f50 Uncommon trap: trap_request=0xffffff45 fr.pc=0x000001f467a687c8 relative=0x00000000000001a8
Event: 27.036 Thread 0x000001f40a105f50 Uncommon trap: reason=unstable_if action=reinterpret pc=0x000001f467a687c8 method=java.util.concurrent.CompletableFuture.postComplete()V @ 42 c2
Event: 27.036 Thread 0x000001f40a105f50 DEOPT PACKING pc=0x000001f467a687c8 sp=0x0000004cd08fec90
Event: 27.036 Thread 0x000001f40a105f50 DEOPT UNPACKING pc=0x000001f45facd72e sp=0x0000004cd08fec38 mode 2
Event: 27.039 Thread 0x000001f40a1079e0 DEOPT PACKING pc=0x000001f4608215b0 sp=0x0000004cd06fe670
Event: 27.039 Thread 0x000001f40a1079e0 DEOPT UNPACKING pc=0x000001f45facdece sp=0x0000004cd06fdb60 mode 0
Event: 27.042 Thread 0x000001f40a1079e0 DEOPT PACKING pc=0x000001f460821612 sp=0x0000004cd06fe670
Event: 27.042 Thread 0x000001f40a1079e0 DEOPT UNPACKING pc=0x000001f45facdece sp=0x0000004cd06fdb60 mode 0
Event: 27.044 Thread 0x000001f40a103a20 DEOPT PACKING pc=0x000001f4608215b0 sp=0x0000004cd0cfeca0
Event: 27.044 Thread 0x000001f40a103a20 DEOPT UNPACKING pc=0x000001f45facdece sp=0x0000004cd0cfe190 mode 0
Event: 27.047 Thread 0x000001f40a1079e0 DEOPT PACKING pc=0x000001f4608215b0 sp=0x0000004cd06fe670
Event: 27.047 Thread 0x000001f40a1079e0 DEOPT UNPACKING pc=0x000001f45facdece sp=0x0000004cd06fdb60 mode 0
Event: 27.049 Thread 0x000001f40a103a20 DEOPT PACKING pc=0x000001f460821612 sp=0x0000004cd0cfeca0
Event: 27.049 Thread 0x000001f40a103a20 DEOPT UNPACKING pc=0x000001f45facdece sp=0x0000004cd0cfe190 mode 0
Event: 27.052 Thread 0x000001f40a103a20 DEOPT PACKING pc=0x000001f4608215b0 sp=0x0000004cd0cfeca0
Event: 27.052 Thread 0x000001f40a103a20 DEOPT UNPACKING pc=0x000001f45facdece sp=0x0000004cd0cfe190 mode 0

Classes unloaded (4 events):
Event: 17.079 Thread 0x000001f47c44db30 Unloading class 0x0000000800f31800 'java/lang/invoke/LambdaForm$MH+0x0000000800f31800'
Event: 17.079 Thread 0x000001f47c44db30 Unloading class 0x0000000800f30c00 'java/lang/invoke/LambdaForm$DMH+0x0000000800f30c00'
Event: 17.079 Thread 0x000001f47c44db30 Unloading class 0x0000000800f30800 'java/lang/invoke/LambdaForm$DMH+0x0000000800f30800'
Event: 17.079 Thread 0x000001f47c44db30 Unloading class 0x0000000800f29c00 'java/lang/invoke/LambdaForm$DMH+0x0000000800f29c00'

Classes redefined (0 events):
No events

Internal exceptions (20 events):
Event: 15.810 Thread 0x000001f45689c6e0 Exception <a 'java/lang/NoSuchMethodError'{0x0000000798b6fd90}: 'int java.lang.invoke.DirectMethodHandle$Holder.invokeStatic(java.lang.Object, java.lang.Object, int)'> (0x0000000798b6fd90) 
thrown [t:\workspace\open\src\hotspot\share\interpreter\linkResolver.cpp, line 790]
Event: 15.825 Thread 0x000001f45689c6e0 Exception <a 'java/lang/NoSuchMethodError'{0x0000000798d02ed8}: 'int java.lang.invoke.DirectMethodHandle$Holder.invokeStatic(java.lang.Object, java.lang.Object, java.lang.Object, int)'> (0x0000000798d02ed8) 
thrown [t:\workspace\open\src\hotspot\share\interpreter\linkResolver.cpp, line 790]
Event: 16.042 Thread 0x000001f45689c6e0 Exception <a 'java/lang/NoSuchMethodError'{0x000000079a1dd9e8}: 'double java.lang.invoke.DirectMethodHandle$Holder.invokeStatic(java.lang.Object, java.lang.Object)'> (0x000000079a1dd9e8) 
thrown [t:\workspace\open\src\hotspot\share\interpreter\linkResolver.cpp, line 790]
Event: 16.042 Thread 0x000001f45689c6e0 Exception <a 'java/lang/NoSuchMethodError'{0x000000079a1e0f20}: 'double java.lang.invoke.DirectMethodHandle$Holder.invokeStaticInit(java.lang.Object, java.lang.Object)'> (0x000000079a1e0f20) 
thrown [t:\workspace\open\src\hotspot\share\interpreter\linkResolver.cpp, line 790]
Event: 16.094 Thread 0x000001f45689c6e0 Implicit null exception at 0x000001f46757e08b to 0x000001f46757e2b8
Event: 16.209 Thread 0x000001f45689c6e0 Exception <a 'java/lang/NoSuchMethodError'{0x0000000799adc888}: 'int java.lang.invoke.DirectMethodHandle$Holder.invokeVirtual(java.lang.Object, java.lang.Object, java.lang.Object)'> (0x0000000799adc888) 
thrown [t:\workspace\open\src\hotspot\share\interpreter\linkResolver.cpp, line 790]
Event: 16.455 Thread 0x000001f45689c6e0 Exception <a 'java/lang/NoSuchMethodError'{0x00000007987adf70}: 'java.lang.Object java.lang.invoke.DirectMethodHandle$Holder.invokeVirtual(java.lang.Object, java.lang.Object, java.lang.Object, java.lang.Object)'> (0x00000007987adf70) 
thrown [t:\workspace\open\src\hotspot\share\interpreter\linkResolver.cpp, line 790]
Event: 17.424 Thread 0x000001f45689c6e0 Exception <a 'java/lang/NoSuchMethodError'{0x0000000795c62038}: 'void java.lang.invoke.DirectMethodHandle$Holder.invokeStaticInit(java.lang.Object, java.lang.Object, java.lang.Object, int, int)'> (0x0000000795c62038) 
thrown [t:\workspace\open\src\hotspot\share\interpreter\linkResolver.cpp, line 790]
Event: 17.523 Thread 0x000001f45689c6e0 Exception <a 'java/lang/NoSuchMethodError'{0x000000079b647fa0}: 'void java.lang.invoke.DirectMethodHandle$Holder.invokeInterface(java.lang.Object, java.lang.Object)'> (0x000000079b647fa0) 
thrown [t:\workspace\open\src\hotspot\share\interpreter\linkResolver.cpp, line 790]
Event: 17.540 Thread 0x000001f45689c6e0 Exception <a 'java/lang/NoSuchMethodError'{0x000000079a720780}: 'void java.lang.invoke.DirectMethodHandle$Holder.invokeSpecialIFC(java.lang.Object, java.lang.Object, java.lang.Object, java.lang.Object)'> (0x000000079a720780) 
thrown [t:\workspace\open\src\hotspot\share\interpreter\linkResolver.cpp, line 790]
Event: 17.544 Thread 0x000001f45689c6e0 Exception <a 'java/lang/NoSuchMethodError'{0x000000079a8b53c0}: 'void java.lang.invoke.DirectMethodHandle$Holder.invokeSpecial(java.lang.Object, java.lang.Object, java.lang.Object, java.lang.Object, java.lang.Object)'> (0x000000079a8b53c0) 
thrown [t:\workspace\open\src\hotspot\share\interpreter\linkResolver.cpp, line 790]
Event: 17.570 Thread 0x000001f45689c6e0 Exception <a 'java/lang/IncompatibleClassChangeError'{0x00000007983ddd18}: Found class java.lang.Object, but interface was expected> (0x00000007983ddd18) 
thrown [t:\workspace\open\src\hotspot\share\interpreter\linkResolver.cpp, line 857]
Event: 18.007 Thread 0x000001f40a1079e0 Exception <a 'java/lang/NoSuchMethodError'{0x000000079a019718}: 'void java.lang.invoke.DirectMethodHandle$Holder.invokeStatic(java.lang.Object, java.lang.Object, int)'> (0x000000079a019718) 
thrown [t:\workspace\open\src\hotspot\share\interpreter\linkResolver.cpp, line 790]
Event: 18.421 Thread 0x000001f40a1034d0 Exception <a 'java/lang/NoSuchMethodError'{0x000000079a25fe40}: 'void java.lang.invoke.DirectMethodHandle$Holder.invokeSpecial(java.lang.Object, java.lang.Object, java.lang.Object, java.lang.Object, java.lang.Object, java.lang.Object, java.lang.Object, java.lang.Object)'> (0x000000079a25fe40) 
thrown [t:\workspace\open\src\hotspot\share\interpreter\linkResolver.cpp, line 790]
Event: 19.012 Thread 0x000001f40a1034d0 Exception <a 'java/lang/NoSuchMethodError'{0x000000079d90b190}: 'void java.lang.invoke.DirectMethodHandle$Holder.invokeSpecial(java.lang.Object, java.lang.Object, int, java.lang.Object)'> (0x000000079d90b190) 
thrown [t:\workspace\open\src\hotspot\share\interpreter\linkResolver.cpp, line 790]
Event: 19.134 Thread 0x000001f40a105f50 Exception <a 'java/lang/NoSuchMethodError'{0x00000007997bdb80}: 'int java.lang.invoke.DirectMethodHandle$Holder.invokeSpecialIFC(java.lang.Object, java.lang.Object, java.lang.Object, java.lang.Object, java.lang.Object)'> (0x00000007997bdb80) 
thrown [t:\workspace\open\src\hotspot\share\interpreter\linkResolver.cpp, line 790]
Event: 24.715 Thread 0x000001f40a1034d0 Implicit null exception at 0x000001f46784a0f8 to 0x000001f46784a6d4
Event: 25.155 Thread 0x000001f40a1034d0 Exception <a 'java/lang/NoSuchMethodError'{0x000000079a5f0140}: 'void java.lang.invoke.DirectMethodHandle$Holder.invokeSpecial(java.lang.Object, java.lang.Object, java.lang.Object, java.lang.Object, java.lang.Object, java.lang.Object)'> (0x000000079a5f0140) 
thrown [t:\workspace\open\src\hotspot\share\interpreter\linkResolver.cpp, line 790]
Event: 26.100 Thread 0x000001f40a103a20 Exception <a 'java/lang/NoSuchMethodError'{0x000000079d152140}: 'void java.lang.invoke.DirectMethodHandle$Holder.invokeVirtual(java.lang.Object, java.lang.Object, long, int)'> (0x000000079d152140) 
thrown [t:\workspace\open\src\hotspot\share\interpreter\linkResolver.cpp, line 790]
Event: 26.294 Thread 0x000001f40a105f50 Exception <a 'java/lang/NoSuchMethodError'{0x0000000795982560}: 'java.lang.Object java.lang.invoke.Invokers$Holder.linkToTargetMethod(java.lang.Object, int, java.lang.Object, java.lang.Object, java.lang.Object, java.lang.Object)'> (0x0000000795982560) 
thrown [t:\workspace\open\src\hotspot\share\interpreter\linkResolver.cpp, line 790]

Events (20 events):
Event: 36.855 Executing  VM operation: G1CollectForAllocation
Event: 36.856 Executing  VM operation: G1CollectForAllocation done
Event: 37.027 Executing  VM operation: G1CollectForAllocation
Event: 37.028 Executing  VM operation: G1CollectForAllocation done
Event: 37.127 Executing  VM operation: G1CollectForAllocation
Event: 37.128 Executing  VM operation: G1CollectForAllocation done
Event: 37.238 Executing  VM operation: G1CollectForAllocation
Event: 37.240 Executing  VM operation: G1CollectForAllocation done
Event: 37.337 Executing  VM operation: G1CollectForAllocation
Event: 37.338 Executing  VM operation: G1CollectForAllocation done
Event: 37.403 Executing  VM operation: G1CollectForAllocation
Event: 37.404 Executing  VM operation: G1CollectForAllocation done
Event: 37.463 Executing  VM operation: G1CollectForAllocation
Event: 37.464 Executing  VM operation: G1CollectForAllocation done
Event: 37.517 Executing  VM operation: G1CollectForAllocation
Event: 37.518 Executing  VM operation: G1CollectForAllocation done
Event: 37.561 Executing  VM operation: G1CollectForAllocation
Event: 37.562 Executing  VM operation: G1CollectForAllocation done
Event: 37.624 Executing  VM operation: G1CollectForAllocation
Event: 37.625 Executing  VM operation: G1CollectForAllocation done


Dynamic libraries:
0x00007ff6ca100000 - 0x00007ff6ca110000 	C:\Program Files\Java\jdk-16.0.1\bin\java.exe
0x00007ffb3c1b0000 - 0x00007ffb3c37f000 	C:\windows\SYSTEM32\ntdll.dll
0x00007ffb3bf40000 - 0x00007ffb3bfed000 	C:\windows\System32\KERNEL32.DLL
0x00007ffb39080000 - 0x00007ffb3929e000 	C:\windows\System32\KERNELBASE.dll
0x00007ffb392a0000 - 0x00007ffb39394000 	C:\windows\System32\ucrtbase.dll
0x00007ffb2e6b0000 - 0x00007ffb2e6c8000 	C:\Program Files\Java\jdk-16.0.1\bin\jli.dll
0x00007ffb2c060000 - 0x00007ffb2c079000 	C:\Program Files\Java\jdk-16.0.1\bin\VCRUNTIME140.dll
0x00007ffb39dd0000 - 0x00007ffb39e76000 	C:\windows\System32\ADVAPI32.dll
0x00007ffb3a270000 - 0x00007ffb3a30e000 	C:\windows\System32\msvcrt.dll
0x00007ffb3bea0000 - 0x00007ffb3befb000 	C:\windows\System32\sechost.dll
0x00007ffb3bff0000 - 0x00007ffb3c10d000 	C:\windows\System32\RPCRT4.dll
0x00007ffb3bd30000 - 0x00007ffb3be96000 	C:\windows\System32\USER32.dll
0x00007ffb386f0000 - 0x00007ffb3870e000 	C:\windows\System32\win32u.dll
0x00007ffb32200000 - 0x00007ffb3247a000 	C:\windows\WinSxS\amd64_microsoft.windows.common-controls_6595b64144ccf1df_6.0.14393.4169_none_7de0bbf28341b1f2\COMCTL32.dll
0x00007ffb3bf00000 - 0x00007ffb3bf34000 	C:\windows\System32\GDI32.dll
0x00007ffb3ba60000 - 0x00007ffb3bd26000 	C:\windows\System32\combase.dll
0x00007ffb387c0000 - 0x00007ffb38944000 	C:\windows\System32\gdi32full.dll
0x00007ffb38680000 - 0x00007ffb386ec000 	C:\windows\System32\bcryptPrimitives.dll
0x00007ffb37580000 - 0x00007ffb3758a000 	C:\windows\SYSTEM32\VERSION.dll
0x00007ffb39b80000 - 0x00007ffb39bae000 	C:\windows\System32\IMM32.DLL
0x00007ffb37590000 - 0x00007ffb375c1000 	C:\windows\system32\nvinitx.dll
0x000000000f000000 - 0x000000000f006000 	C:\Program Files\NVIDIA Corporation\CoProcManager\_etoured.dll
0x00007ffb35b00000 - 0x00007ffb35b32000 	C:\Program Files\NVIDIA Corporation\CoProcManager\nvd3d9wrapx.dll
0x00007ffb39750000 - 0x00007ffb39b79000 	C:\windows\System32\SETUPAPI.dll
0x00007ffb39030000 - 0x00007ffb39072000 	C:\windows\System32\cfgmgr32.dll
0x00007ffb35a00000 - 0x00007ffb35a22000 	C:\Program Files\NVIDIA Corporation\CoProcManager\nvdxgiwrapx.dll
0x00007ffb2ef40000 - 0x00007ffb2ef4c000 	C:\Program Files\Java\jdk-16.0.1\bin\vcruntime140_1.dll
0x00007ffb20030000 - 0x00007ffb200c1000 	C:\Program Files\Java\jdk-16.0.1\bin\msvcp140.dll
0x00007ffb1ac80000 - 0x00007ffb1b82b000 	C:\Program Files\Java\jdk-16.0.1\bin\server\jvm.dll
0x00007ffb3a0a0000 - 0x00007ffb3a0a8000 	C:\windows\System32\PSAPI.DLL
0x00007ffb2e6a0000 - 0x00007ffb2e6a9000 	C:\windows\SYSTEM32\WSOCK32.dll
0x00007ffb36b00000 - 0x00007ffb36b23000 	C:\windows\SYSTEM32\WINMM.dll
0x00007ffb39d60000 - 0x00007ffb39dca000 	C:\windows\System32\WS2_32.dll
0x00007ffb36a70000 - 0x00007ffb36a9b000 	C:\windows\SYSTEM32\WINMMBASE.dll
0x00007ffb38600000 - 0x00007ffb3860f000 	C:\windows\System32\kernel.appcore.dll
0x00007ffb2dec0000 - 0x00007ffb2deca000 	C:\Program Files\Java\jdk-16.0.1\bin\jimage.dll
0x00007ffb2e410000 - 0x00007ffb2e5a2000 	C:\windows\SYSTEM32\DBGHELP.DLL
0x00007ffb2b860000 - 0x00007ffb2b889000 	C:\windows\SYSTEM32\dbgcore.DLL
0x00007ffb34700000 - 0x00007ffb3470e000 	C:\Program Files\Java\jdk-16.0.1\bin\instrument.dll
0x00007ffb2b7d0000 - 0x00007ffb2b7f5000 	C:\Program Files\Java\jdk-16.0.1\bin\java.dll
0x00007ffb3a310000 - 0x00007ffb3b815000 	C:\windows\System32\SHELL32.dll
0x000001f47d000000 - 0x000001f47d6d3000 	C:\windows\System32\windows.storage.dll
0x00007ffb38610000 - 0x00007ffb3865c000 	C:\windows\System32\powrprof.dll
0x00007ffb39ea0000 - 0x00007ffb39ef2000 	C:\windows\System32\shlwapi.dll
0x00007ffb39440000 - 0x00007ffb394e8000 	C:\windows\System32\shcore.dll
0x00007ffb38660000 - 0x00007ffb38674000 	C:\windows\System32\profapi.dll
0x00007ffb2b790000 - 0x00007ffb2b7a8000 	C:\Program Files\Java\jdk-16.0.1\bin\zip.dll
0x00007ffb2b890000 - 0x00007ffb2b8a9000 	C:\Program Files\Java\jdk-16.0.1\bin\net.dll
0x00007ffb2f960000 - 0x00007ffb2fa2d000 	C:\windows\SYSTEM32\WINHTTP.dll
0x00007ffb37f20000 - 0x00007ffb37f7d000 	C:\windows\system32\mswsock.dll
0x00007ffb2b7b0000 - 0x00007ffb2b7c3000 	C:\Program Files\Java\jdk-16.0.1\bin\nio.dll
0x00007ffb2b5e0000 - 0x00007ffb2b5e9000 	C:\Program Files\Java\jdk-16.0.1\bin\management.dll
0x00007ffb2b5d0000 - 0x00007ffb2b5db000 	C:\Program Files\Java\jdk-16.0.1\bin\management_ext.dll
0x00007ffb2a360000 - 0x00007ffb2a376000 	C:\windows\system32\napinsp.dll
0x00007ffb2a380000 - 0x00007ffb2a39a000 	C:\windows\system32\pnrpnsp.dll
0x00007ffb36340000 - 0x00007ffb36358000 	C:\windows\system32\NLAapi.dll
0x00007ffb37c90000 - 0x00007ffb37d32000 	C:\windows\SYSTEM32\DNSAPI.dll
0x00007ffb3b820000 - 0x00007ffb3b828000 	C:\windows\System32\NSI.dll
0x00007ffb37c50000 - 0x00007ffb37c88000 	C:\windows\SYSTEM32\IPHLPAPI.DLL
0x00007ffb2a800000 - 0x00007ffb2a80e000 	C:\windows\System32\winrnr.dll
0x00007ffb2a3d0000 - 0x00007ffb2a3e5000 	C:\windows\System32\wshbth.dll
0x00007ffb2de70000 - 0x00007ffb2de7a000 	C:\Windows\System32\rasadhlp.dll
0x00007ffb2feb0000 - 0x00007ffb2ff1a000 	C:\windows\System32\fwpuclnt.dll
0x00007ffb381d0000 - 0x00007ffb381fb000 	C:\windows\SYSTEM32\bcrypt.dll
0x00007ffb380c0000 - 0x00007ffb380d7000 	C:\windows\SYSTEM32\CRYPTSP.dll
0x00007ffb37ad0000 - 0x00007ffb37b03000 	C:\windows\system32\rsaenh.dll
0x00007ffb37d50000 - 0x00007ffb37d70000 	C:\windows\SYSTEM32\USERENV.dll
0x00007ffb380e0000 - 0x00007ffb380eb000 	C:\windows\SYSTEM32\CRYPTBASE.dll
0x00007ffb32f60000 - 0x00007ffb32f76000 	C:\windows\SYSTEM32\dhcpcsvc6.DLL
0x00007ffb33090000 - 0x00007ffb330aa000 	C:\windows\SYSTEM32\dhcpcsvc.DLL
0x00007ffb27bd0000 - 0x00007ffb27bde000 	C:\Program Files\Java\jdk-16.0.1\bin\sunmscapi.dll
0x00007ffb39550000 - 0x00007ffb39743000 	C:\windows\System32\CRYPT32.dll
0x00007ffb385f0000 - 0x00007ffb38600000 	C:\windows\System32\MSASN1.dll
0x00007ffb381a0000 - 0x00007ffb381c6000 	C:\windows\SYSTEM32\ncrypt.dll
0x00007ffb38160000 - 0x00007ffb3819b000 	C:\windows\SYSTEM32\NTASN1.dll
0x00007ffb2c260000 - 0x00007ffb2c423000 	C:\windows\system32\urlmon.dll
0x00007ffb30130000 - 0x00007ffb303e2000 	C:\windows\SYSTEM32\iertutil.dll
0x00007ffb2c210000 - 0x00007ffb2c236000 	C:\windows\SYSTEM32\srvcli.dll
0x00007ffb37d40000 - 0x00007ffb37d4d000 	C:\windows\SYSTEM32\netutils.dll
0x00007ffb1f8c0000 - 0x00007ffb1f932000 	G:\360驱动大师目录\versions\1.16.5\natives-windows-x86_64\lwjgl.dll
0x00007ffb1f0c0000 - 0x00007ffb1f11e000 	G:\360驱动大师目录\versions\1.16.5\natives-windows-x86_64\glfw.dll
0x00007ffb1c2f0000 - 0x00007ffb1c541000 	G:\360驱动大师目录\versions\1.16.5\natives-windows-x86_64\jemalloc.dll
0x00007ffb36db0000 - 0x00007ffb36e45000 	C:\windows\system32\uxtheme.dll
0x00007ffb22730000 - 0x00007ffb22770000 	C:\windows\SYSTEM32\dinput8.dll
0x00007ffb2c120000 - 0x00007ffb2c12e000 	C:\windows\SYSTEM32\xinput1_4.dll
0x00007ffb372d0000 - 0x00007ffb372f8000 	C:\windows\SYSTEM32\DEVOBJ.dll
0x00007ffb36230000 - 0x00007ffb36256000 	C:\windows\SYSTEM32\dwmapi.dll
0x00007ffb3a0b0000 - 0x00007ffb3a20b000 	C:\windows\System32\MSCTF.dll
0x00007ffb3b9a0000 - 0x00007ffb3ba60000 	C:\windows\System32\OLEAUT32.dll
0x00007ffb393a0000 - 0x00007ffb3943c000 	C:\windows\System32\msvcp_win.dll
0x00007ffb37540000 - 0x00007ffb3754c000 	C:\windows\SYSTEM32\HID.DLL
0x00007ffb394f0000 - 0x00007ffb39545000 	C:\windows\System32\WINTRUST.dll
0x00007ffb1ef90000 - 0x00007ffb1f0b3000 	C:\windows\SYSTEM32\opengl32.dll
0x00007ffb22970000 - 0x00007ffb2299d000 	C:\windows\SYSTEM32\GLU32.dll
0x00007ffb2a560000 - 0x00007ffb2a657000 	C:\windows\SYSTEM32\DDRAW.dll
0x00007ffb35e50000 - 0x00007ffb35e58000 	C:\windows\SYSTEM32\DCIMAN32.dll
0x0000000063dd0000 - 0x0000000065b19000 	C:\windows\SYSTEM32\nvoglv64.DLL
0x00007ffb35fd0000 - 0x00007ffb35fe3000 	C:\windows\SYSTEM32\WTSAPI32.dll
0x00007ffb37300000 - 0x00007ffb37332000 	C:\windows\SYSTEM32\ntmarta.dll
0x00007ffb37810000 - 0x00007ffb37866000 	C:\windows\SYSTEM32\WINSTA.dll
0x00007ffb33a90000 - 0x00007ffb346e0000 	C:\windows\system32\igd10umd64.dll
0x00007ffb1ee10000 - 0x00007ffb1ee68000 	G:\360驱动大师目录\versions\1.16.5\natives-windows-x86_64\lwjgl_opengl.dll
0x00007ffb1e480000 - 0x00007ffb1e4ff000 	G:\360驱动大师目录\versions\1.16.5\natives-windows-x86_64\lwjgl_stb.dll
0x00007ffb324c0000 - 0x00007ffb32551000 	C:\windows\SYSTEM32\mscms.dll
0x00007ffb1f870000 - 0x00007ffb1f8b2000 	C:\windows\SYSTEM32\icm32.dll
0x00007ffb29d20000 - 0x00007ffb29d30000 	C:\Program Files\Java\jdk-16.0.1\bin\verify.dll
0x00007ffb1e430000 - 0x00007ffb1e472000 	C:\Users\rongya\AppData\Local\Temp\jna--925353410\jna15791607582658419489.dll
0x00007ffb27ff0000 - 0x00007ffb2800a000 	G:\360驱动大师目录\versions\1.16.5\natives-windows-x86_64\SAPIWrapper_x64.dll
0x00007ffb39f60000 - 0x00007ffb3a099000 	C:\windows\System32\ole32.dll
0x00007ffb3c110000 - 0x00007ffb3c1af000 	C:\windows\System32\clbcatq.dll
0x00007ffb1bb20000 - 0x00007ffb1bca3000 	C:\windows\System32\Speech\Common\sapi.dll
0x00007ffb1fb80000 - 0x00007ffb1fb9c000 	C:\windows\SYSTEM32\MSACM32.dll
0x00007ffb29d10000 - 0x00007ffb29d1a000 	C:\windows\SYSTEM32\msdmo.dll
0x00007ffb32980000 - 0x00007ffb329ef000 	C:\windows\System32\MMDevApi.dll
0x00007ffb35ff0000 - 0x00007ffb36175000 	C:\windows\System32\PROPSYS.dll

dbghelp: loaded successfully - version: 4.0.5 - missing functions: none
symbol engine: initialized successfully - sym options: 0x614 - pdb path: .;C:\Program Files\Java\jdk-16.0.1\bin;C:\windows\SYSTEM32;C:\windows\WinSxS\amd64_microsoft.windows.common-controls_6595b64144ccf1df_6.0.14393.4169_none_7de0bbf28341b1f2;C:\Program Files\NVIDIA Corporation\CoProcManager;C:\Program Files\Java\jdk-16.0.1\bin\server;G:\360驱动大师目录\versions\1.16.5\natives-windows-;G:\360驱动大师目录\versions\1.16.5\natives-wi;G:\360驱动大师目录\versions\1.16.5\nati;G:\360驱动大师目录\versions\1.16.;G:\360驱动大师目录\versions\1.16.5\natives-windows-x86_64;C:\Users\rongya\App;C:\Users\rongya\AppData\Local\Temp\jna--925353410;C:\

VM Arguments:
jvm_args: -Dfile.encoding=GB18030 -Dminecraft.client.jar=G:\360驱动大师目录\versions\1.16.5\1.16.5.jar -XX:+UnlockExperimentalVMOptions -XX:+UseG1GC -XX:G1NewSizePercent=20 -XX:G1ReservePercent=20 -XX:MaxGCPauseMillis=50 -XX:G1HeapRegionSize=16m -XX:-UseAdaptiveSizePolicy -XX:-OmitStackTraceInFastThrow -XX:-DontCompileHugeMethods -Xmn128m -Xmx4674m --illegal-access=permit -Dfml.ignoreInvalidMinecraftCertificates=true -Dfml.ignorePatchDiscrepancies=true -Djava.rmi.server.useCodebaseOnly=true -Dcom.sun.jndi.rmi.object.trustURLCodebase=false -Dcom.sun.jndi.cosnaming.object.trustURLCodebase=false -Dlog4j2.formatMsgNoLookups=true -Dlog4j.configurationFile=G:\360驱动大师目录\versions\1.16.5\log4j2.xml -XX:HeapDumpPath=MojangTricksIntelDriversForPerformance_javaw.exe_minecraft.exe.heapdump -Djava.library.path=G:\360驱动大师目录\versions\1.16.5\natives-windows-x86_64 -Dminecraft.launcher.brand=HMCL -Dminecraft.launcher.version=3.5.2.218 -javaagent:C:\Users\rongya\AppData\Roaming\.hmcl\log4j-patch-agent-1.0.jar=false 
java_command: net.minecraft.client.main.Main --username z/？ --version 1.16.5 --gameDir G:\360驱动大师目录 --assetsDir G:\360驱动大师目录\assets --assetIndex 1.16 --uuid 9105b5188c88378ea5a65d8919c78a4e --accessToken e715840e17b94bf7b9f3239998c5f79a --userType mojang --versionType HMCL 3.5.2.218 --width 854 --height 480
java_class_path (initial): G:\360驱动大师目录\libraries\com\mojang\patchy\1.3.9\patchy-1.3.9.jar;G:\360驱动大师目录\libraries\oshi-project\oshi-core\1.1\oshi-core-1.1.jar;G:\360驱动大师目录\libraries\net\java\dev\jna\jna\4.4.0\jna-4.4.0.jar;G:\360驱动大师目录\libraries\net\java\dev\jna\platform\3.4.0\platform-3.4.0.jar;G:\360驱动大师目录\libraries\com\ibm\icu\icu4j\66.1\icu4j-66.1.jar;G:\360驱动大师目录\libraries\com\mojang\javabridge\1.0.22\javabridge-1.0.22.jar;G:\360驱动大师目录\libraries\net\sf\jopt-simple\jopt-simple\5.0.3\jopt-simple-5.0.3.jar;G:\360驱动大师目录\libraries\io\netty\netty-all\4.1.25.Final\netty-all-4.1.25.Final.jar;G:\360驱动大师目录\libraries\com\google\guava\guava\21.0\guava-21.0.jar;G:\360驱动大师目录\libraries\org\apache\commons\commons-lang3\3.5\commons-lang3-3.5.jar;G:\360驱动大师目录\libraries\commons-io\commons-io\2.5\commons-io-2.5.jar;G:\360驱动大师目录\libraries\commons-codec\commons-codec\1.10\commons-codec-1.10.jar;G:\360驱动大师目录\libraries\net\java\jinput\jinput\2.0.5\jinput-2.0.5.jar;G:\360驱动大师目录\libraries\net\java\jutils\jutils\1.0.0\jutils-1.0.0.jar;G:\360驱动大师目录\libraries\com\mojang\brigadier\1.0.17\brigadier-1.0.17.jar;G:\360驱动大师目录\libraries\com\mojang\datafixerupper\4.0.26\datafixerupper-4.0.26.jar;G:\360驱动大师目录\libraries\com\google\code\gson\gson\2.8.0\gson-2.8.0.jar;G:\360驱动大师目录\libraries\com\mojang\authlib\2.1.28\authlib-2.1.28.jar;G:\360驱动大师目录\libraries\org\apache\commons\commons-compress\1.8.1\commons-compress-1.8.1.jar;G:\360驱动大师目录\libraries\org\apache\httpcomponents\httpclient\4.3.3\httpclient-4.3.3.jar;G:\360驱动大师目录\libraries\commons-logging\commons-logging\1.1.3\commons-logging-1.1.3.jar;G:\360驱动大师目录\libraries\org\apache\httpcomponents\httpcore\4.3.2\httpcore-4.3.2.jar;G:\360驱动大师目录\libraries\it\unimi\dsi\fastutil\8.2.1\fastutil-8.2.1.jar;G:\360驱动大师目录\libraries\org\apache\logging\log4j\log4j-api\2.8.1\log4j-api-2.8.1.jar;G:\360驱动大师目录\libraries\o
Launcher Type: SUN_STANDARD

[Global flags]
     intx CICompilerCount                          = 3                                         {product} {ergonomic}
     uint ConcGCThreads                            = 1                                         {product} {ergonomic}
     bool DontCompileHugeMethods                   = false                                     {product} {command line}
     uint G1ConcRefinementThreads                  = 4                                         {product} {ergonomic}
   size_t G1HeapRegionSize                         = 16777216                                  {product} {command line}
    uintx G1NewSizePercent                         = 20                                   {experimental} {command line}
    uintx G1ReservePercent                         = 20                                        {product} {command line}
    uintx GCDrainStackTargetSize                   = 64                                        {product} {ergonomic}
    ccstr HeapDumpPath                             = MojangTricksIntelDriversForPerformance_javaw.exe_minecraft.exe.heapdump         {manageable} {command line}
   size_t InitialHeapSize                          = 150994944                                 {product} {ergonomic}
   size_t MarkStackSize                            = 4194304                                   {product} {ergonomic}
    uintx MaxGCPauseMillis                         = 50                                        {product} {command line}
   size_t MaxHeapSize                              = 4915724288                                {product} {command line, ergonomic}
   size_t MaxNewSize                               = 134217728                                 {product} {command line}
   size_t MinHeapDeltaBytes                        = 16777216                                  {product} {ergonomic}
   size_t MinHeapSize                              = 150994944                                 {product} {ergonomic}
   size_t NewSize                                  = 134217728                                 {product} {command line}
    uintx NonNMethodCodeHeapSize                   = 5832780                                {pd product} {ergonomic}
    uintx NonProfiledCodeHeapSize                  = 122912730                              {pd product} {ergonomic}
     bool OmitStackTraceInFastThrow                = false                                     {product} {command line}
    uintx ProfiledCodeHeapSize                     = 122912730                              {pd product} {ergonomic}
    uintx ReservedCodeCacheSize                    = 251658240                              {pd product} {ergonomic}
     bool SegmentedCodeCache                       = true                                      {product} {ergonomic}
   size_t SoftMaxHeapSize                          = 4915724288                             {manageable} {ergonomic}
     bool UnlockExperimentalVMOptions              = true                                 {experimental} {command line}
     bool UseAOT                                   = false                                {experimental} {ergonomic}
     bool UseAdaptiveSizePolicy                    = false                                     {product} {command line}
     bool UseCompressedClassPointers               = true                           {product lp64_product} {ergonomic}
     bool UseCompressedOops                        = true                           {product lp64_product} {ergonomic}
     bool UseFastUnorderedTimeStamps               = true                                 {experimental} {ergonomic}
     bool UseG1GC                                  = true                                      {product} {command line}
     bool UseLargePagesIndividualAllocation        = false                                  {pd product} {ergonomic}

Logging:
Log output configuration:
 #0: stdout all=warning uptime,level,tags
 #1: stderr all=off uptime,level,tags

Environment Variables:
PATH=C:\Program Files (x86)\NVIDIA Corporation\PhysX\Common;C:\Program Files\Common Files\Oracle\Java\javapath;C:\Program Files (x86)\Common Files\Oracle\Java\javapath;C:\windows\system32;C:\windows;C:\windows\System32\Wbem;C:\windows\System32\WindowsPowerShell\v1.0\;C:\Users\rongya\AppData\Local\Microsoft\WindowsApps;
USERNAME=rongya
OS=Windows_NT
PROCESSOR_IDENTIFIER=Intel64 Family 6 Model 42 Stepping 7, GenuineIntel



---------------  S Y S T E M  ---------------

OS:
 Windows 10 , 64 bit Build 14393 (10.0.14393.4651)
OS uptime: 0 days 2:10 hours

CPU: total 4 (initial active 4) (2 cores per cpu, 2 threads per core) family 6 model 42 stepping 7 microcode 0x2f, cx8, cmov, fxsr, ht, mmx, sse, sse2, sse3, ssse3, sse4.1, sse4.2, popcnt, tsc, tscinvbit, avx, aes, clmul, vzeroupper, clflush

Memory: 4k page, system-wide physical 8073M (4534M free)
TotalPageFile size 11017M (AvailPageFile size 5124M)
current process WorkingSet (physical memory assigned to process): 1076M, peak: 1381M
current process commit charge ("private bytes"): 3294M, peak: 3623M

vm_info: Java HotSpot(TM) 64-Bit Server VM (16.0.1+9-24) for windows-amd64 JRE (16.0.1+9-24), built on Mar 26 2021 19:31:42 by "mach5one" with MS VC++ 16.7 (VS2019)

END.
