#
# A fatal error has been detected by the Java Runtime Environment:
#
#  EXCEPTION_ACCESS_VIOLATION (0xc0000005) at pc=0x00007ffb33d708af, pid=7968, tid=8640
#
# JRE version: Java(TM) SE Runtime Environment (16.0.1+9) (build 16.0.1+9-24)
# Java VM: Java HotSpot(TM) 64-Bit Server VM (16.0.1+9-24, mixed mode, sharing, tiered, compressed oops, compressed class ptrs, g1 gc, windows-amd64)
# Problematic frame:
# C  [igd10umd64.dll+0x2e08af]
#
# No core dump will be written. Minidumps are not enabled by default on client versions of Windows
#
# If you would like to submit a bug report, please visit:
#   https://bugreport.java.com/bugreport/crash.jsp
# The crash happened outside the Java Virtual Machine in native code.
# See problematic frame for where to report the bug.
#

---------------  S U M M A R Y ------------

Command Line: -Dfile.encoding=GB18030 -Dminecraft.client.jar=G:\360驱动大师目录\versions\1.16.5\1.16.5.jar -XX:+UnlockExperimentalVMOptions -XX:+UseG1GC -XX:G1NewSizePercent=20 -XX:G1ReservePercent=20 -XX:MaxGCPauseMillis=50 -XX:G1HeapRegionSize=16m -XX:-UseAdaptiveSizePolicy -XX:-OmitStackTraceInFastThrow -XX:-DontCompileHugeMethods -Xmn128m -Xmx3788m --illegal-access=permit -Dfml.ignoreInvalidMinecraftCertificates=true -Dfml.ignorePatchDiscrepancies=true -Djava.rmi.server.useCodebaseOnly=true -Dcom.sun.jndi.rmi.object.trustURLCodebase=false -Dcom.sun.jndi.cosnaming.object.trustURLCodebase=false -Dlog4j2.formatMsgNoLookups=true -Dlog4j.configurationFile=G:\360驱动大师目录\versions\1.16.5\log4j2.xml -XX:HeapDumpPath=MojangTricksIntelDriversForPerformance_javaw.exe_minecraft.exe.heapdump -Djava.library.path=G:\360驱动大师目录\versions\1.16.5\natives-windows-x86_64 -Dminecraft.launcher.brand=HMCL -Dminecraft.launcher.version=3.5.2.218 -javaagent:C:\Users\rongya\AppData\Roaming\.hmcl\log4j-patch-agent-1.0.jar=false net.minecraft.client.main.Main --username z/？ --version 1.16.5 --gameDir G:\360驱动大师目录 --assetsDir G:\360驱动大师目录\assets --assetIndex 1.16 --uuid 9105b5188c88378ea5a65d8919c78a4e --accessToken 00056099b04547c69da499672840ab4f --userType mojang --versionType HMCL 3.5.2.218 --width 854 --height 480

Host: Intel(R) Core(TM) i7-2620M CPU @ 2.70GHz, 4 cores, 7G,  Windows 10 , 64 bit Build 14393 (10.0.14393.4651)
Time: Sun Feb 20 22:04:18 2022 中国标准时间 elapsed time: 47.851919 seconds (0d 0h 0m 47s)

---------------  T H R E A D  ---------------

Current thread (0x00000271e86fb5f0):  JavaThread "Render thread" [_thread_in_native, id=8640, stack(0x000000e456b00000,0x000000e456c00000)]

Stack: [0x000000e456b00000,0x000000e456c00000],  sp=0x000000e456bf9710,  free space=997k
Native frames: (J=compiled Java code, j=interpreted, Vv=VM code, C=native code)
C  [igd10umd64.dll+0x2e08af]

Java frames: (J=compiled Java code, j=interpreted, Vv=VM code)
j  org.lwjgl.system.JNI.invokePV(JJ)V+0
j  org.lwjgl.glfw.GLFW.glfwSwapBuffers(J)V+17
j  com.mojang.blaze3d.systems.RenderSystem.flipFrame(J)V+16
j  dez.e()V+4
j  djz.e(Z)V+504
j  djz.e()V+68
j  net.minecraft.client.main.Main.main([Ljava/lang/String;)V+1366
v  ~StubRoutines::call_stub

siginfo: EXCEPTION_ACCESS_VIOLATION (0xc0000005), writing address 0x00007ffb33d6e89f


Register to memory mapping:

RIP=0x00007ffb33d708af igd10umd64.dll
RAX=0x00007ffb33d6e89f igd10umd64.dll
RBX=0x0000000000000001 is an unknown value
RCX=0x000002719434106c points into unknown readable memory: 40 8a 58 34
RDX=0x000000000000003c is an unknown value
RSP=0x000000e456bf9710 is pointing into the stack for thread: 0x00000271e86fb5f0
RBP=0x00000271943451fc points into unknown readable memory: f8 58 59 34
RSI=0x000000e456bf97c0 is pointing into the stack for thread: 0x00000271e86fb5f0
RDI=0x000002719434587c points into unknown readable memory: 28 b8 58 34
R8 =0x0 is NULL
R9 =0x000002719434587c points into unknown readable memory: 28 b8 58 34
R10=0x000000e456bf9780 is pointing into the stack for thread: 0x00000271e86fb5f0
R11=0x0000000000000060 is an unknown value
R12=0x000002718eb22a00 points into unknown readable memory: 0x0000000000000000 | 00 00 00 00 00 00 00 00
R13=0x000002718eb2af80 points into unknown readable memory: 0x0400500400000008 | 08 00 00 00 04 50 00 04
R14=0x000002719420008c points into unknown readable memory: b8 23 59 34
R15=0x00000271901d5b30 points into unknown readable memory: 0x0000000000000000 | 00 00 00 00 00 00 00 00


Registers:
RAX=0x00007ffb33d6e89f, RBX=0x0000000000000001, RCX=0x000002719434106c, RDX=0x000000000000003c
RSP=0x000000e456bf9710, RBP=0x00000271943451fc, RSI=0x000000e456bf97c0, RDI=0x000002719434587c
R8 =0x0000000000000000, R9 =0x000002719434587c, R10=0x000000e456bf9780, R11=0x0000000000000060
R12=0x000002718eb22a00, R13=0x000002718eb2af80, R14=0x000002719420008c, R15=0x00000271901d5b30
RIP=0x00007ffb33d708af, EFLAGS=0x0000000000010206

Top of Stack: (sp=0x000000e456bf9710)
0x000000e456bf9710:   0000003c0003116b 0000200300000000
0x000000e456bf9720:   00002682322f63da 0000000000000000
0x000000e456bf9730:   0000000000000000 00007ffb33d706f7
0x000000e456bf9740:   0000000000000000 0000000000000000
0x000000e456bf9750:   0000000000000000 0000000000000000
0x000000e456bf9760:   000000e456bf97f0 00000271943451fc
0x000000e456bf9770:   000002719425f9e8 00007ffb33d71408
0x000000e456bf9780:   0000000000000001 0000000000000000
0x000000e456bf9790:   000002719434587c 00007ffb3bd4f21a
0x000000e456bf97a0:   000002718eb2af80 0000027194344d68
0x000000e456bf97b0:   000000e456bf9828 00007ffb33cf89c5
0x000000e456bf97c0:   0000000000000001 0000000000000000
0x000000e456bf97d0:   000000000021007f 0000000000000000
0x000000e456bf97e0:   000000e456bf9870 00007ffb33cff9da
0x000000e456bf97f0:   0000000000000001 0000027194344d68
0x000000e456bf9800:   0000027194344d68 0000000000000010 

Instructions: (pc=0x00007ffb33d708af)
0x00007ffb33d707af:   8b c6 48 8b 5c 24 50 48 83 c4 20 5f 5e 5d c3 cc
0x00007ffb33d707bf:   cc cc cc cc cc cc cc cc cc cc cc cc cc cc cc cc
0x00007ffb33d707cf:   cc 48 8b 41 10 48 8b 48 20 48 8b 41 10 48 8b 48
0x00007ffb33d707df:   28 48 8b 49 18 48 8b 01 48 ff a0 d0 00 00 00 cc
0x00007ffb33d707ef:   cc cc cc cc cc cc cc cc cc cc cc cc cc cc cc cc
0x00007ffb33d707ff:   cc 48 83 ec 28 48 8b 05 e5 60 90 00 48 33 c4 48
0x00007ffb33d7080f:   89 44 24 10 4c 8b 05 2e 94 80 00 48 8b 05 2f 94
0x00007ffb33d7081f:   80 00 c7 02 01 00 00 00 4c 8b d2 8b 51 7c 48 89
0x00007ffb33d7082f:   44 24 08 81 c2 00 04 00 00 49 8b c0 4c 89 04 24
0x00007ffb33d7083f:   c1 ea 0a 48 c1 e8 20 49 c1 e8 20 33 d0 4c 8b c9
0x00007ffb33d7084f:   48 8b 49 10 8b 41 78 81 e2 ff 03 00 00 0f ba e8
0x00007ffb33d7085f:   0d 41 33 d0 80 3d b6 53 92 00 00 89 44 24 0c 89
0x00007ffb33d7086f:   54 24 04 75 07 81 0c 24 00 00 10 00 48 8b 41 50
0x00007ffb33d7087f:   48 85 c0 74 16 0f b6 48 18 8b 44 24 08 c1 e1 02
0x00007ffb33d7088f:   33 c8 83 e1 04 33 c1 89 44 24 08 41 83 79 3c 10
0x00007ffb33d7089f:   72 36 49 8b 41 30 48 85 c0 74 2d f3 0f 6f 04 24
0x00007ffb33d708af:   f3 0f 7f 00 41 83 41 40 10 41 83 41 3c f0 41 c6
0x00007ffb33d708bf:   41 78 01 49 8b c2 48 8b 4c 24 10 48 33 cc e8 ee
0x00007ffb33d708cf:   36 f6 ff 48 83 c4 28 c3 41 c7 02 04 00 00 00 49
0x00007ffb33d708df:   8b c2 48 8b 4c 24 10 48 33 cc e8 d2 36 f6 ff 48
0x00007ffb33d708ef:   83 c4 28 c3 cc cc cc cc cc cc cc cc cc cc cc cc
0x00007ffb33d708ff:   cc 48 83 ec 28 4c 8b 41 20 41 80 b8 fc 03 00 00
0x00007ffb33d7090f:   00 75 1e 48 8b 41 28 48 89 44 24 30 48 85 c0 74
0x00007ffb33d7091f:   10 49 8b 48 40 48 8d 54 24 30 41 ff 90 c8 00 00
0x00007ffb33d7092f:   00 32 c0 48 83 c4 28 c3 cc cc cc cc cc cc cc cc
0x00007ffb33d7093f:   cc 40 55 56 57 41 56 48 8d ac 24 48 fe ff ff 48
0x00007ffb33d7094f:   81 ec b8 02 00 00 48 8b f9 48 8b 49 18 48 8b f2
0x00007ffb33d7095f:   48 8b 01 48 89 9c 24 f0 02 00 00 bb 01 00 00 00
0x00007ffb33d7096f:   89 1a 33 d2 ff 90 00 01 00 00 48 8b 47 10 45 33
0x00007ffb33d7097f:   f6 83 b8 80 00 00 00 03 0f 85 f1 00 00 00 48 8b
0x00007ffb33d7098f:   4f 18 4c 89 b5 e8 01 00 00 48 8b 01 ff 90 a8 00
0x00007ffb33d7099f:   00 00 44 8b d8 44 39 b7 94 00 00 00 0f 85 8e 00 


Stack slot to memory mapping:
stack at sp + 0 slots: 0x0000003c0003116b is an unknown value
stack at sp + 1 slots: 0x0000200300000000 is an unknown value
stack at sp + 2 slots: 0x00002682322f63da is an unknown value
stack at sp + 3 slots: 0x0 is NULL
stack at sp + 4 slots: 0x0 is NULL
stack at sp + 5 slots: 0x00007ffb33d706f7 igd10umd64.dll
stack at sp + 6 slots: 0x0 is NULL
stack at sp + 7 slots: 0x0 is NULL


---------------  P R O C E S S  ---------------

Threads class SMR info:
_java_thread_list=0x0000027196688e50, length=23, elements={
0x00000271e86fb5f0, 0x00000271e879ea20, 0x000002718a0548b0, 0x000002718a06cb60,
0x000002718a06e5e0, 0x000002718a06eef0, 0x000002718a06f800, 0x000002718a071450,
0x000002718a07fce0, 0x000002718a09ba10, 0x000002718b348be0, 0x000002718b3ce410,
0x000002718b8f32f0, 0x000002718c79f660, 0x000002718c59a410, 0x000002718c6263c0,
0x000002718e510be0, 0x000002718ba129a0, 0x000002718c668380, 0x000002718c6678e0,
0x000002718c66b350, 0x000002718c664910, 0x000002718c663920
}

Java Threads: ( => current thread )
=>0x00000271e86fb5f0 JavaThread "Render thread" [_thread_in_native, id=8640, stack(0x000000e456b00000,0x000000e456c00000)]
  0x00000271e879ea20 JavaThread "Reference Handler" daemon [_thread_blocked, id=2852, stack(0x000000e457200000,0x000000e457300000)]
  0x000002718a0548b0 JavaThread "Finalizer" daemon [_thread_blocked, id=2720, stack(0x000000e457300000,0x000000e457400000)]
  0x000002718a06cb60 JavaThread "Signal Dispatcher" daemon [_thread_blocked, id=8292, stack(0x000000e457400000,0x000000e457500000)]
  0x000002718a06e5e0 JavaThread "Attach Listener" daemon [_thread_blocked, id=5508, stack(0x000000e457500000,0x000000e457600000)]
  0x000002718a06eef0 JavaThread "Service Thread" daemon [_thread_blocked, id=4168, stack(0x000000e457600000,0x000000e457700000)]
  0x000002718a06f800 JavaThread "Monitor Deflation Thread" daemon [_thread_blocked, id=4272, stack(0x000000e457700000,0x000000e457800000)]
  0x000002718a071450 JavaThread "C2 CompilerThread0" daemon [_thread_blocked, id=3532, stack(0x000000e457800000,0x000000e457900000)]
  0x000002718a07fce0 JavaThread "C1 CompilerThread0" daemon [_thread_blocked, id=1864, stack(0x000000e457900000,0x000000e457a00000)]
  0x000002718a09ba10 JavaThread "Sweeper thread" daemon [_thread_blocked, id=2432, stack(0x000000e457a00000,0x000000e457b00000)]
  0x000002718b348be0 JavaThread "Common-Cleaner" daemon [_thread_blocked, id=340, stack(0x000000e457b00000,0x000000e457c00000)]
  0x000002718b3ce410 JavaThread "Notification Thread" daemon [_thread_blocked, id=8656, stack(0x000000e457c00000,0x000000e457d00000)]
  0x000002718b8f32f0 JavaThread "Worker-Bootstrap-1" daemon [_thread_in_Java, id=528, stack(0x000000e458900000,0x000000e458a00000)]
  0x000002718c79f660 JavaThread "Worker-Bootstrap-2" daemon [_thread_in_Java, id=8360, stack(0x000000e458a00000,0x000000e458b00000)]
  0x000002718c59a410 JavaThread "Worker-Bootstrap-3" daemon [_thread_in_Java, id=5532, stack(0x000000e458b00000,0x000000e458c00000)]
  0x000002718c6263c0 JavaThread "Timer hack thread" daemon [_thread_blocked, id=8224, stack(0x000000e458e00000,0x000000e458f00000)]
  0x000002718e510be0 JavaThread "Snooper Timer" daemon [_thread_blocked, id=5080, stack(0x000000e458f00000,0x000000e459000000)]
  0x000002718ba129a0 JavaThread "Sound engine" daemon [_thread_blocked, id=9064, stack(0x000000e45a000000,0x000000e45a100000)]
  0x000002718c668380 JavaThread "Narrator" [_thread_blocked, id=6912, stack(0x000000e45a200000,0x000000e45a300000)]
  0x000002718c6678e0 JavaThread "Worker-Main-4" daemon [_thread_blocked, id=8832, stack(0x000000e45a400000,0x000000e45a500000)]
  0x000002718c66b350 JavaThread "Worker-Main-5" daemon [_thread_blocked, id=6836, stack(0x000000e45a500000,0x000000e45a600000)]
  0x000002718c664910 JavaThread "Worker-Main-6" daemon [_thread_blocked, id=416, stack(0x000000e45a600000,0x000000e45a700000)]
  0x000002718c663920 JavaThread "Worker-Main-7" daemon [_thread_blocked, id=4608, stack(0x000000e45ab00000,0x000000e45ac00000)]

Other Threads:
  0x00000271e879e160 VMThread "VM Thread" [stack: 0x000000e457100000,0x000000e457200000] [id=6148]
  0x000002718a076b70 WatcherThread [stack: 0x000000e457d00000,0x000000e457e00000] [id=1000]
  0x00000271e873b670 GCTaskThread "GC Thread#0" [stack: 0x000000e456c00000,0x000000e456d00000] [id=5852]
  0x000002718bd19640 GCTaskThread "GC Thread#1" [stack: 0x000000e458300000,0x000000e458400000] [id=8752]
  0x000002718bd2cdf0 GCTaskThread "GC Thread#2" [stack: 0x000000e458400000,0x000000e458500000] [id=5840]
  0x000002718bd37b30 GCTaskThread "GC Thread#3" [stack: 0x000000e458500000,0x000000e458600000] [id=4104]
  0x00000271e873f460 ConcurrentGCThread "G1 Main Marker" [stack: 0x000000e456d00000,0x000000e456e00000] [id=7560]
  0x00000271e8741e00 ConcurrentGCThread "G1 Conc#0" [stack: 0x000000e456e00000,0x000000e456f00000] [id=8112]
  0x00000271e8769980 ConcurrentGCThread "G1 Refine#0" [stack: 0x000000e456f00000,0x000000e457000000] [id=6680]
  0x000002718bd2d100 ConcurrentGCThread "G1 Refine#1" [stack: 0x000000e458600000,0x000000e458700000] [id=8144]
  0x000002718c077e10 ConcurrentGCThread "G1 Refine#2" [stack: 0x000000e458c00000,0x000000e458d00000] [id=5540]
  0x000002718cc12600 ConcurrentGCThread "G1 Refine#3" [stack: 0x000000e458d00000,0x000000e458e00000] [id=8484]
  0x00000271e876a310 ConcurrentGCThread "G1 Service" [stack: 0x000000e457000000,0x000000e457100000] [id=7816]

Threads with active compile tasks:

VM state: not at safepoint (normal execution)

VM Mutex/Monitor currently owned by a thread: None

Heap address: 0x0000000713000000, size: 3792 MB, Compressed Oops mode: Zero based, Oop shift amount: 3

CDS archive(s) mapped at: [0x0000000800000000-0x0000000800bb0000-0x0000000800bb0000), size 12255232, SharedBaseAddress: 0x0000000800000000, ArchiveRelocationMode: 0.
Compressed class space mapped at: 0x0000000800c00000-0x0000000840c00000, reserved size: 1073741824
Narrow klass base: 0x0000000800000000, Narrow klass shift: 3, Narrow klass range: 0x100000000

GC Precious Log:
 CPUs: 4 total, 4 available
 Memory: 8073M
 Large Page Support: Disabled
 NUMA Support: Disabled
 Compressed Oops: Enabled (Zero based)
 Heap Region Size: 16M
 Heap Min Capacity: 144M
 Heap Initial Capacity: 144M
 Heap Max Capacity: 3792M
 Pre-touch: Disabled
 Parallel Workers: 4
 Concurrent Workers: 1
 Concurrent Refinement Workers: 4
 Periodic GC: Disabled

Heap:
 garbage-first heap   total 1998848K, used 311750K [0x0000000713000000, 0x0000000800000000)
  region size 16384K, 8 young (131072K), 1 survivors (16384K)
 Metaspace       used 55046K, committed 55488K, reserved 1097728K
  class space    used 7489K, committed 7680K, reserved 1048576K

Heap Regions: E=young(eden), S=young(survivor), O=old, HS=humongous(starts), HC=humongous(continues), CS=collection set, F=free, OA=open archive, CA=closed archive, TAMS=top-at-mark-start (previous, next)
|   0|0x0000000713000000, 0x0000000714000000, 0x0000000714000000|100%| O|  |TAMS 0x0000000714000000, 0x0000000713000000| Untracked 
|   1|0x0000000714000000, 0x0000000715000000, 0x0000000715000000|100%| O|  |TAMS 0x0000000715000000, 0x0000000714000000| Untracked 
|   2|0x0000000715000000, 0x0000000716000000, 0x0000000716000000|100%|HS|  |TAMS 0x0000000716000000, 0x0000000715000000| Complete 
|   3|0x0000000716000000, 0x0000000717000000, 0x0000000717000000|100%| O|  |TAMS 0x0000000717000000, 0x0000000716000000| Untracked 
|   4|0x0000000717000000, 0x0000000718000000, 0x0000000718000000|100%| O|  |TAMS 0x0000000718000000, 0x0000000717000000| Untracked 
|   5|0x0000000718000000, 0x0000000718275e00, 0x0000000719000000| 15%| O|  |TAMS 0x0000000718275e00, 0x0000000718000000| Untracked 
|   6|0x0000000719000000, 0x000000071a000000, 0x000000071a000000|100%| O|  |TAMS 0x0000000719000000, 0x0000000719000000| Untracked 
|   7|0x000000071a000000, 0x000000071adb8c00, 0x000000071b000000| 85%| O|  |TAMS 0x000000071a000000, 0x000000071a000000| Untracked 
|   8|0x000000071b000000, 0x000000071b000000, 0x000000071c000000|  0%| F|  |TAMS 0x000000071b000000, 0x000000071b000000| Untracked 
|   9|0x000000071c000000, 0x000000071c000000, 0x000000071d000000|  0%| F|  |TAMS 0x000000071c000000, 0x000000071c000000| Untracked 
|  10|0x000000071d000000, 0x000000071d000000, 0x000000071e000000|  0%| F|  |TAMS 0x000000071d000000, 0x000000071d000000| Untracked 
|  11|0x000000071e000000, 0x000000071e000000, 0x000000071f000000|  0%| F|  |TAMS 0x000000071e000000, 0x000000071e000000| Untracked 
|  12|0x000000071f000000, 0x000000071f000000, 0x0000000720000000|  0%| F|  |TAMS 0x000000071f000000, 0x000000071f000000| Untracked 
|  13|0x0000000720000000, 0x0000000720000000, 0x0000000721000000|  0%| F|  |TAMS 0x0000000720000000, 0x0000000720000000| Untracked 
|  14|0x0000000721000000, 0x0000000721000000, 0x0000000722000000|  0%| F|  |TAMS 0x0000000721000000, 0x0000000721000000| Untracked 
|  15|0x0000000722000000, 0x0000000722000000, 0x0000000723000000|  0%| F|  |TAMS 0x0000000722000000, 0x0000000722000000| Untracked 
|  16|0x0000000723000000, 0x0000000723000000, 0x0000000724000000|  0%| F|  |TAMS 0x0000000723000000, 0x0000000723000000| Untracked 
|  17|0x0000000724000000, 0x0000000724000000, 0x0000000725000000|  0%| F|  |TAMS 0x0000000724000000, 0x0000000724000000| Untracked 
|  18|0x0000000725000000, 0x0000000725000000, 0x0000000726000000|  0%| F|  |TAMS 0x0000000725000000, 0x0000000725000000| Untracked 
|  19|0x0000000726000000, 0x0000000726000000, 0x0000000727000000|  0%| F|  |TAMS 0x0000000726000000, 0x0000000726000000| Untracked 
|  20|0x0000000727000000, 0x0000000727000000, 0x0000000728000000|  0%| F|  |TAMS 0x0000000727000000, 0x0000000727000000| Untracked 
|  21|0x0000000728000000, 0x0000000728000000, 0x0000000729000000|  0%| F|  |TAMS 0x0000000728000000, 0x0000000728000000| Untracked 
|  22|0x0000000729000000, 0x0000000729000000, 0x000000072a000000|  0%| F|  |TAMS 0x0000000729000000, 0x0000000729000000| Untracked 
|  23|0x000000072a000000, 0x000000072a000000, 0x000000072b000000|  0%| F|  |TAMS 0x000000072a000000, 0x000000072a000000| Untracked 
|  24|0x000000072b000000, 0x000000072b000000, 0x000000072c000000|  0%| F|  |TAMS 0x000000072b000000, 0x000000072b000000| Untracked 
|  25|0x000000072c000000, 0x000000072c000000, 0x000000072d000000|  0%| F|  |TAMS 0x000000072c000000, 0x000000072c000000| Untracked 
|  26|0x000000072d000000, 0x000000072d000000, 0x000000072e000000|  0%| F|  |TAMS 0x000000072d000000, 0x000000072d000000| Untracked 
|  27|0x000000072e000000, 0x000000072e000000, 0x000000072f000000|  0%| F|  |TAMS 0x000000072e000000, 0x000000072e000000| Untracked 
|  28|0x000000072f000000, 0x000000072f000000, 0x0000000730000000|  0%| F|  |TAMS 0x000000072f000000, 0x000000072f000000| Untracked 
|  29|0x0000000730000000, 0x0000000730000000, 0x0000000731000000|  0%| F|  |TAMS 0x0000000730000000, 0x0000000730000000| Untracked 
|  30|0x0000000731000000, 0x0000000731000000, 0x0000000732000000|  0%| F|  |TAMS 0x0000000731000000, 0x0000000731000000| Untracked 
|  31|0x0000000732000000, 0x0000000732000000, 0x0000000733000000|  0%| F|  |TAMS 0x0000000732000000, 0x0000000732000000| Untracked 
|  32|0x0000000733000000, 0x0000000733000000, 0x0000000734000000|  0%| F|  |TAMS 0x0000000733000000, 0x0000000733000000| Untracked 
|  33|0x0000000734000000, 0x0000000734000000, 0x0000000735000000|  0%| F|  |TAMS 0x0000000734000000, 0x0000000734000000| Untracked 
|  34|0x0000000735000000, 0x0000000735000000, 0x0000000736000000|  0%| F|  |TAMS 0x0000000735000000, 0x0000000735000000| Untracked 
|  35|0x0000000736000000, 0x0000000736000000, 0x0000000737000000|  0%| F|  |TAMS 0x0000000736000000, 0x0000000736000000| Untracked 
|  36|0x0000000737000000, 0x0000000737000000, 0x0000000738000000|  0%| F|  |TAMS 0x0000000737000000, 0x0000000737000000| Untracked 
|  37|0x0000000738000000, 0x0000000738000000, 0x0000000739000000|  0%| F|  |TAMS 0x0000000738000000, 0x0000000738000000| Untracked 
|  38|0x0000000739000000, 0x0000000739000000, 0x000000073a000000|  0%| F|  |TAMS 0x0000000739000000, 0x0000000739000000| Untracked 
|  39|0x000000073a000000, 0x000000073a000000, 0x000000073b000000|  0%| F|  |TAMS 0x000000073a000000, 0x000000073a000000| Untracked 
|  40|0x000000073b000000, 0x000000073b000000, 0x000000073c000000|  0%| F|  |TAMS 0x000000073b000000, 0x000000073b000000| Untracked 
|  41|0x000000073c000000, 0x000000073c000000, 0x000000073d000000|  0%| F|  |TAMS 0x000000073c000000, 0x000000073c000000| Untracked 
|  42|0x000000073d000000, 0x000000073d000000, 0x000000073e000000|  0%| F|  |TAMS 0x000000073d000000, 0x000000073d000000| Untracked 
|  43|0x000000073e000000, 0x000000073e000000, 0x000000073f000000|  0%| F|  |TAMS 0x000000073e000000, 0x000000073e000000| Untracked 
|  44|0x000000073f000000, 0x000000073f000000, 0x0000000740000000|  0%| F|  |TAMS 0x000000073f000000, 0x000000073f000000| Untracked 
|  45|0x0000000740000000, 0x0000000740000000, 0x0000000741000000|  0%| F|  |TAMS 0x0000000740000000, 0x0000000740000000| Untracked 
|  46|0x0000000741000000, 0x0000000741000000, 0x0000000742000000|  0%| F|  |TAMS 0x0000000741000000, 0x0000000741000000| Untracked 
|  47|0x0000000742000000, 0x0000000742000000, 0x0000000743000000|  0%| F|  |TAMS 0x0000000742000000, 0x0000000742000000| Untracked 
|  48|0x0000000743000000, 0x0000000743000000, 0x0000000744000000|  0%| F|  |TAMS 0x0000000743000000, 0x0000000743000000| Untracked 
|  49|0x0000000744000000, 0x0000000744000000, 0x0000000745000000|  0%| F|  |TAMS 0x0000000744000000, 0x0000000744000000| Untracked 
|  50|0x0000000745000000, 0x0000000745000000, 0x0000000746000000|  0%| F|  |TAMS 0x0000000745000000, 0x0000000745000000| Untracked 
|  51|0x0000000746000000, 0x0000000746000000, 0x0000000747000000|  0%| F|  |TAMS 0x0000000746000000, 0x0000000746000000| Untracked 
|  52|0x0000000747000000, 0x0000000747000000, 0x0000000748000000|  0%| F|  |TAMS 0x0000000747000000, 0x0000000747000000| Untracked 
|  53|0x0000000748000000, 0x0000000748000000, 0x0000000749000000|  0%| F|  |TAMS 0x0000000748000000, 0x0000000748000000| Untracked 
|  54|0x0000000749000000, 0x0000000749000000, 0x000000074a000000|  0%| F|  |TAMS 0x0000000749000000, 0x0000000749000000| Untracked 
|  55|0x000000074a000000, 0x000000074a000000, 0x000000074b000000|  0%| F|  |TAMS 0x000000074a000000, 0x000000074a000000| Untracked 
|  56|0x000000074b000000, 0x000000074b000000, 0x000000074c000000|  0%| F|  |TAMS 0x000000074b000000, 0x000000074b000000| Untracked 
|  57|0x000000074c000000, 0x000000074c000000, 0x000000074d000000|  0%| F|  |TAMS 0x000000074c000000, 0x000000074c000000| Untracked 
|  58|0x000000074d000000, 0x000000074d000000, 0x000000074e000000|  0%| F|  |TAMS 0x000000074d000000, 0x000000074d000000| Untracked 
|  59|0x000000074e000000, 0x000000074e000000, 0x000000074f000000|  0%| F|  |TAMS 0x000000074e000000, 0x000000074e000000| Untracked 
|  60|0x000000074f000000, 0x000000074f000000, 0x0000000750000000|  0%| F|  |TAMS 0x000000074f000000, 0x000000074f000000| Untracked 
|  61|0x0000000750000000, 0x0000000750000000, 0x0000000751000000|  0%| F|  |TAMS 0x0000000750000000, 0x0000000750000000| Untracked 
|  62|0x0000000751000000, 0x0000000751000000, 0x0000000752000000|  0%| F|  |TAMS 0x0000000751000000, 0x0000000751000000| Untracked 
|  63|0x0000000752000000, 0x0000000752000000, 0x0000000753000000|  0%| F|  |TAMS 0x0000000752000000, 0x0000000752000000| Untracked 
|  64|0x0000000753000000, 0x0000000753000000, 0x0000000754000000|  0%| F|  |TAMS 0x0000000753000000, 0x0000000753000000| Untracked 
|  65|0x0000000754000000, 0x0000000754000000, 0x0000000755000000|  0%| F|  |TAMS 0x0000000754000000, 0x0000000754000000| Untracked 
|  66|0x0000000755000000, 0x0000000755000000, 0x0000000756000000|  0%| F|  |TAMS 0x0000000755000000, 0x0000000755000000| Untracked 
|  67|0x0000000756000000, 0x0000000756000000, 0x0000000757000000|  0%| F|  |TAMS 0x0000000756000000, 0x0000000756000000| Untracked 
|  68|0x0000000757000000, 0x0000000757000000, 0x0000000758000000|  0%| F|  |TAMS 0x0000000757000000, 0x0000000757000000| Untracked 
|  69|0x0000000758000000, 0x0000000758000000, 0x0000000759000000|  0%| F|  |TAMS 0x0000000758000000, 0x0000000758000000| Untracked 
|  70|0x0000000759000000, 0x0000000759000000, 0x000000075a000000|  0%| F|  |TAMS 0x0000000759000000, 0x0000000759000000| Untracked 
|  71|0x000000075a000000, 0x000000075a000000, 0x000000075b000000|  0%| F|  |TAMS 0x000000075a000000, 0x000000075a000000| Untracked 
|  72|0x000000075b000000, 0x000000075b000000, 0x000000075c000000|  0%| F|  |TAMS 0x000000075b000000, 0x000000075b000000| Untracked 
|  73|0x000000075c000000, 0x000000075c000000, 0x000000075d000000|  0%| F|  |TAMS 0x000000075c000000, 0x000000075c000000| Untracked 
|  74|0x000000075d000000, 0x000000075d000000, 0x000000075e000000|  0%| F|  |TAMS 0x000000075d000000, 0x000000075d000000| Untracked 
|  75|0x000000075e000000, 0x000000075e000000, 0x000000075f000000|  0%| F|  |TAMS 0x000000075e000000, 0x000000075e000000| Untracked 
|  76|0x000000075f000000, 0x000000075f000000, 0x0000000760000000|  0%| F|  |TAMS 0x000000075f000000, 0x000000075f000000| Untracked 
|  77|0x0000000760000000, 0x0000000760000000, 0x0000000761000000|  0%| F|  |TAMS 0x0000000760000000, 0x0000000760000000| Untracked 
|  78|0x0000000761000000, 0x0000000761000000, 0x0000000762000000|  0%| F|  |TAMS 0x0000000761000000, 0x0000000761000000| Untracked 
|  79|0x0000000762000000, 0x0000000762000000, 0x0000000763000000|  0%| F|  |TAMS 0x0000000762000000, 0x0000000762000000| Untracked 
|  80|0x0000000763000000, 0x0000000763000000, 0x0000000764000000|  0%| F|  |TAMS 0x0000000763000000, 0x0000000763000000| Untracked 
|  81|0x0000000764000000, 0x0000000764000000, 0x0000000765000000|  0%| F|  |TAMS 0x0000000764000000, 0x0000000764000000| Untracked 
|  82|0x0000000765000000, 0x0000000765000000, 0x0000000766000000|  0%| F|  |TAMS 0x0000000765000000, 0x0000000765000000| Untracked 
|  83|0x0000000766000000, 0x0000000766000000, 0x0000000767000000|  0%| F|  |TAMS 0x0000000766000000, 0x0000000766000000| Untracked 
|  84|0x0000000767000000, 0x0000000767000000, 0x0000000768000000|  0%| F|  |TAMS 0x0000000767000000, 0x0000000767000000| Untracked 
|  85|0x0000000768000000, 0x0000000768000000, 0x0000000769000000|  0%| F|  |TAMS 0x0000000768000000, 0x0000000768000000| Untracked 
|  86|0x0000000769000000, 0x0000000769000000, 0x000000076a000000|  0%| F|  |TAMS 0x0000000769000000, 0x0000000769000000| Untracked 
|  87|0x000000076a000000, 0x000000076a000000, 0x000000076b000000|  0%| F|  |TAMS 0x000000076a000000, 0x000000076a000000| Untracked 
|  88|0x000000076b000000, 0x000000076b000000, 0x000000076c000000|  0%| F|  |TAMS 0x000000076b000000, 0x000000076b000000| Untracked 
|  89|0x000000076c000000, 0x000000076c000000, 0x000000076d000000|  0%| F|  |TAMS 0x000000076c000000, 0x000000076c000000| Untracked 
|  90|0x000000076d000000, 0x000000076d000000, 0x000000076e000000|  0%| F|  |TAMS 0x000000076d000000, 0x000000076d000000| Untracked 
|  91|0x000000076e000000, 0x000000076e000000, 0x000000076f000000|  0%| F|  |TAMS 0x000000076e000000, 0x000000076e000000| Untracked 
|  92|0x000000076f000000, 0x000000076f000000, 0x0000000770000000|  0%| F|  |TAMS 0x000000076f000000, 0x000000076f000000| Untracked 
|  93|0x0000000770000000, 0x0000000770000000, 0x0000000771000000|  0%| F|  |TAMS 0x0000000770000000, 0x0000000770000000| Untracked 
|  94|0x0000000771000000, 0x0000000771000000, 0x0000000772000000|  0%| F|  |TAMS 0x0000000771000000, 0x0000000771000000| Untracked 
|  95|0x0000000772000000, 0x0000000772000000, 0x0000000773000000|  0%| F|  |TAMS 0x0000000772000000, 0x0000000772000000| Untracked 
|  96|0x0000000773000000, 0x0000000773000000, 0x0000000774000000|  0%| F|  |TAMS 0x0000000773000000, 0x0000000773000000| Untracked 
|  97|0x0000000774000000, 0x0000000774000000, 0x0000000775000000|  0%| F|  |TAMS 0x0000000774000000, 0x0000000774000000| Untracked 
|  98|0x0000000775000000, 0x0000000775000000, 0x0000000776000000|  0%| F|  |TAMS 0x0000000775000000, 0x0000000775000000| Untracked 
|  99|0x0000000776000000, 0x0000000776000000, 0x0000000777000000|  0%| F|  |TAMS 0x0000000776000000, 0x0000000776000000| Untracked 
| 100|0x0000000777000000, 0x0000000777000000, 0x0000000778000000|  0%| F|  |TAMS 0x0000000777000000, 0x0000000777000000| Untracked 
| 101|0x0000000778000000, 0x0000000778000000, 0x0000000779000000|  0%| F|  |TAMS 0x0000000778000000, 0x0000000778000000| Untracked 
| 102|0x0000000779000000, 0x0000000779000000, 0x000000077a000000|  0%| F|  |TAMS 0x0000000779000000, 0x0000000779000000| Untracked 
| 103|0x000000077a000000, 0x000000077a000000, 0x000000077b000000|  0%| F|  |TAMS 0x000000077a000000, 0x000000077a000000| Untracked 
| 104|0x000000077b000000, 0x000000077b000000, 0x000000077c000000|  0%| F|  |TAMS 0x000000077b000000, 0x000000077b000000| Untracked 
| 105|0x000000077c000000, 0x000000077c000000, 0x000000077d000000|  0%| F|  |TAMS 0x000000077c000000, 0x000000077c000000| Untracked 
| 106|0x000000077d000000, 0x000000077d000000, 0x000000077e000000|  0%| F|  |TAMS 0x000000077d000000, 0x000000077d000000| Untracked 
| 107|0x000000077e000000, 0x000000077e048480, 0x000000077f000000|  1%| S|CS|TAMS 0x000000077e000000, 0x000000077e000000| Complete 
| 108|0x000000077f000000, 0x000000077f000000, 0x0000000780000000|  0%| F|  |TAMS 0x000000077f000000, 0x000000077f000000| Untracked 
| 109|0x0000000780000000, 0x0000000780000000, 0x0000000781000000|  0%| F|  |TAMS 0x0000000780000000, 0x0000000780000000| Untracked 
| 110|0x0000000781000000, 0x0000000781000000, 0x0000000782000000|  0%| F|  |TAMS 0x0000000781000000, 0x0000000781000000| Untracked 
| 114|0x0000000785000000, 0x0000000785000000, 0x0000000786000000|  0%| F|  |TAMS 0x0000000785000000, 0x0000000785000000| Untracked 
| 119|0x000000078a000000, 0x000000078a000000, 0x000000078b000000|  0%| F|  |TAMS 0x000000078a000000, 0x000000078a000000| Untracked 
| 120|0x000000078b000000, 0x000000078b000000, 0x000000078c000000|  0%| F|  |TAMS 0x000000078b000000, 0x000000078b000000| Untracked 
| 121|0x000000078c000000, 0x000000078c4ae110, 0x000000078d000000| 29%| E|  |TAMS 0x000000078c000000, 0x000000078c000000| Complete 
| 122|0x000000078d000000, 0x000000078e000000, 0x000000078e000000|100%| E|CS|TAMS 0x000000078d000000, 0x000000078d000000| Complete 
| 231|0x00000007fa000000, 0x00000007fb000000, 0x00000007fb000000|100%| O|  |TAMS 0x00000007fb000000, 0x00000007fa000000| Untracked 
| 232|0x00000007fb000000, 0x00000007fc000000, 0x00000007fc000000|100%| O|  |TAMS 0x00000007fc000000, 0x00000007fb000000| Untracked 
| 233|0x00000007fc000000, 0x00000007fd000000, 0x00000007fd000000|100%| O|  |TAMS 0x00000007fd000000, 0x00000007fc000000| Untracked 
| 234|0x00000007fd000000, 0x00000007fe000000, 0x00000007fe000000|100%| O|  |TAMS 0x00000007fe000000, 0x00000007fd000000| Untracked 
| 235|0x00000007fe000000, 0x00000007ff000000, 0x00000007ff000000|100%| O|  |TAMS 0x00000007ff000000, 0x00000007fe000000| Untracked 
| 236|0x00000007ff000000, 0x0000000800000000, 0x0000000800000000|100%| O|  |TAMS 0x0000000800000000, 0x00000007ff000000| Untracked 

Card table byte_map: [0x00000271ff5b0000,0x00000271ffd20000] _byte_map_base: 0x00000271fbd18000

Marking Bits (Prev, Next): (CMBitMap*) 0x00000271e873cc80, (CMBitMap*) 0x00000271e873ccc0
 Prev Bits: [0x0000027180770000, 0x00000271842b0000)
 Next Bits: [0x00000271842b0000, 0x0000027187df0000)

Polling page: 0x00000271e7ea0000

Metaspace:

Usage:
  Non-class:     46.44 MB used.
      Class:      7.31 MB used.
       Both:     53.76 MB used.

Virtual space:
  Non-class space:       48.00 MB reserved,      46.69 MB ( 97%) committed,  6 nodes.
      Class space:        1.00 GB reserved,       7.50 MB ( <1%) committed,  1 nodes.
              Both:        1.05 GB reserved,      54.19 MB (  5%) committed. 

Chunk freelists:
   Non-Class:  1.17 MB
       Class:  520.00 KB
        Both:  1.68 MB

MaxMetaspaceSize: 17179869184.00 GB
CompressedClassSpaceSize: 1.00 GB
 - commit_granule_bytes: 65536.
 - commit_granule_words: 8192.
 - virtual_space_node_default_size: 1048576.
 - enlarge_chunks_in_place: 1.
 - new_chunks_are_fully_committed: 0.
 - uncommit_free_chunks: 1.
 - use_allocation_guard: 0.
 - handle_deallocations: 1.


Internal statistics:

num_allocs_failed_limit: 15.
num_arena_births: 532.
num_arena_deaths: 0.
num_vsnodes_births: 7.
num_vsnodes_deaths: 0.
num_space_committed: 864.
num_space_uncommitted: 0.
num_chunks_returned_to_freelist: 15.
num_chunks_taken_from_freelist: 2390.
num_chunk_merges: 15.
num_chunk_splits: 1604.
num_chunks_enlarged: 1237.
num_purges: 0.

CodeHeap 'non-profiled nmethods': size=120000Kb used=5785Kb max_used=5785Kb free=114214Kb
 bounds [0x00000271f7910000, 0x00000271f7ec0000, 0x00000271fee40000]
CodeHeap 'profiled nmethods': size=120000Kb used=10469Kb max_used=11020Kb free=109531Kb
 bounds [0x00000271f03e0000, 0x00000271f0eb0000, 0x00000271f7910000]
CodeHeap 'non-nmethods': size=5760Kb used=2027Kb max_used=2094Kb free=3732Kb
 bounds [0x00000271efe40000, 0x00000271f00b0000, 0x00000271f03e0000]
 total_blobs=7749 nmethods=6182 adapters=1478
 compilation: enabled
              stopped_count=0, restarted_count=0
 full_count=0

Compilation events (20 events):
Event: 45.402 Thread 0x000002718a07fce0 8048       3       java.lang.Long::valueOf (40 bytes)
Event: 45.402 Thread 0x000002718a07fce0 nmethod 8048 0x00000271f08d4790 code [0x00000271f08d4960, 0x00000271f08d4cb8]
Event: 45.402 Thread 0x000002718a07fce0 8049       3       it.unimi.dsi.fastutil.longs.Long2ObjectMap::get (6 bytes)
Event: 45.403 Thread 0x000002718a07fce0 nmethod 8049 0x00000271f0b14310 code [0x00000271f0b144c0, 0x00000271f0b14668]
Event: 45.661 Thread 0x000002718a07fce0 8050       3       it.unimi.dsi.fastutil.ints.AbstractIntSortedSet::<init> (5 bytes)
Event: 45.661 Thread 0x000002718a07fce0 nmethod 8050 0x00000271f0490510 code [0x00000271f04906c0, 0x00000271f0490938]
Event: 45.869 Thread 0x000002718a07fce0 8051       3       it.unimi.dsi.fastutil.ints.IntAVLTreeSet::firstInt (23 bytes)
Event: 45.869 Thread 0x000002718a07fce0 nmethod 8051 0x00000271f0490010 code [0x00000271f04901c0, 0x00000271f04903e8]
Event: 45.870 Thread 0x000002718a07fce0 8052       3       com.mojang.datafixers.DataFixerUpper::getRule (62 bytes)
Event: 45.870 Thread 0x000002718a07fce0 nmethod 8052 0x00000271f04a9390 code [0x00000271f04a9600, 0x00000271f04aa138]
Event: 45.871 Thread 0x000002718a07fce0 8053       3       com.mojang.datafixers.DataFixerUpper::getLowestFixSameVersion (44 bytes)
Event: 45.871 Thread 0x000002718a07fce0 nmethod 8053 0x00000271f048f790 code [0x00000271f048f980, 0x00000271f048fe58]
Event: 45.871 Thread 0x000002718a07fce0 8054       3       com.mojang.datafixers.DataFixerUpper$$Lambda$917/0x0000000800f2b830::<init> (20 bytes)
Event: 45.871 Thread 0x000002718a07fce0 nmethod 8054 0x00000271f0b13e90 code [0x00000271f0b14040, 0x00000271f0b14218]
Event: 46.158 Thread 0x000002718a07fce0 8055       3       java.util.concurrent.CompletableFuture$UniExceptionally::tryFire (82 bytes)
Event: 46.159 Thread 0x000002718a07fce0 nmethod 8055 0x00000271f05c6510 code [0x00000271f05c66e0, 0x00000271f05c6af8]
Event: 46.159 Thread 0x000002718a07fce0 8056   !   3       java.util.concurrent.CompletableFuture::uniExceptionally (76 bytes)
Event: 46.163 Thread 0x000002718a07fce0 nmethod 8056 0x00000271f070f610 code [0x00000271f070fac0, 0x00000271f0712078]
Event: 46.163 Thread 0x000002718a07fce0 8057       3       java.util.concurrent.CompletableFuture::internalComplete (10 bytes)
Event: 46.164 Thread 0x000002718a07fce0 nmethod 8057 0x00000271f0952010 code [0x00000271f0952260, 0x00000271f0952cb8]

GC Heap History (20 events):
Event: 46.923 GC heap before
{Heap before GC invocations=189 (full 0):
 garbage-first heap   total 1998848K, used 327905K [0x0000000713000000, 0x0000000800000000)
  region size 16384K, 8 young (131072K), 1 survivors (16384K)
 Metaspace       used 55045K, committed 55488K, reserved 1097728K
  class space    used 7489K, committed 7680K, reserved 1048576K
}
Event: 46.924 GC heap after
{Heap after GC invocations=190 (full 0):
 garbage-first heap   total 1998848K, used 213244K [0x0000000713000000, 0x0000000800000000)
  region size 16384K, 1 young (16384K), 1 survivors (16384K)
 Metaspace       used 55045K, committed 55488K, reserved 1097728K
  class space    used 7489K, committed 7680K, reserved 1048576K
}
Event: 47.022 GC heap before
{Heap before GC invocations=190 (full 0):
 garbage-first heap   total 1998848K, used 327932K [0x0000000713000000, 0x0000000800000000)
  region size 16384K, 8 young (131072K), 1 survivors (16384K)
 Metaspace       used 55045K, committed 55488K, reserved 1097728K
  class space    used 7489K, committed 7680K, reserved 1048576K
}
Event: 47.023 GC heap after
{Heap after GC invocations=191 (full 0):
 garbage-first heap   total 1998848K, used 213263K [0x0000000713000000, 0x0000000800000000)
  region size 16384K, 1 young (16384K), 1 survivors (16384K)
 Metaspace       used 55045K, committed 55488K, reserved 1097728K
  class space    used 7489K, committed 7680K, reserved 1048576K
}
Event: 47.092 GC heap before
{Heap before GC invocations=191 (full 0):
 garbage-first heap   total 1998848K, used 327951K [0x0000000713000000, 0x0000000800000000)
  region size 16384K, 8 young (131072K), 1 survivors (16384K)
 Metaspace       used 55045K, committed 55488K, reserved 1097728K
  class space    used 7489K, committed 7680K, reserved 1048576K
}
Event: 47.093 GC heap after
{Heap after GC invocations=192 (full 0):
 garbage-first heap   total 1998848K, used 213279K [0x0000000713000000, 0x0000000800000000)
  region size 16384K, 1 young (16384K), 1 survivors (16384K)
 Metaspace       used 55045K, committed 55488K, reserved 1097728K
  class space    used 7489K, committed 7680K, reserved 1048576K
}
Event: 47.147 GC heap before
{Heap before GC invocations=192 (full 0):
 garbage-first heap   total 1998848K, used 327967K [0x0000000713000000, 0x0000000800000000)
  region size 16384K, 8 young (131072K), 1 survivors (16384K)
 Metaspace       used 55045K, committed 55488K, reserved 1097728K
  class space    used 7489K, committed 7680K, reserved 1048576K
}
Event: 47.148 GC heap after
{Heap after GC invocations=193 (full 0):
 garbage-first heap   total 1998848K, used 213302K [0x0000000713000000, 0x0000000800000000)
  region size 16384K, 1 young (16384K), 1 survivors (16384K)
 Metaspace       used 55045K, committed 55488K, reserved 1097728K
  class space    used 7489K, committed 7680K, reserved 1048576K
}
Event: 47.202 GC heap before
{Heap before GC invocations=193 (full 0):
 garbage-first heap   total 1998848K, used 327990K [0x0000000713000000, 0x0000000800000000)
  region size 16384K, 8 young (131072K), 1 survivors (16384K)
 Metaspace       used 55045K, committed 55488K, reserved 1097728K
  class space    used 7489K, committed 7680K, reserved 1048576K
}
Event: 47.202 GC heap after
{Heap after GC invocations=194 (full 0):
 garbage-first heap   total 1998848K, used 213290K [0x0000000713000000, 0x0000000800000000)
  region size 16384K, 1 young (16384K), 1 survivors (16384K)
 Metaspace       used 55045K, committed 55488K, reserved 1097728K
  class space    used 7489K, committed 7680K, reserved 1048576K
}
Event: 47.286 GC heap before
{Heap before GC invocations=194 (full 0):
 garbage-first heap   total 1998848K, used 327978K [0x0000000713000000, 0x0000000800000000)
  region size 16384K, 8 young (131072K), 1 survivors (16384K)
 Metaspace       used 55045K, committed 55488K, reserved 1097728K
  class space    used 7489K, committed 7680K, reserved 1048576K
}
Event: 47.287 GC heap after
{Heap after GC invocations=195 (full 0):
 garbage-first heap   total 1998848K, used 213310K [0x0000000713000000, 0x0000000800000000)
  region size 16384K, 1 young (16384K), 1 survivors (16384K)
 Metaspace       used 55045K, committed 55488K, reserved 1097728K
  class space    used 7489K, committed 7680K, reserved 1048576K
}
Event: 47.391 GC heap before
{Heap before GC invocations=195 (full 0):
 garbage-first heap   total 1998848K, used 327998K [0x0000000713000000, 0x0000000800000000)
  region size 16384K, 8 young (131072K), 1 survivors (16384K)
 Metaspace       used 55045K, committed 55488K, reserved 1097728K
  class space    used 7489K, committed 7680K, reserved 1048576K
}
Event: 47.392 GC heap after
{Heap after GC invocations=196 (full 0):
 garbage-first heap   total 1998848K, used 213334K [0x0000000713000000, 0x0000000800000000)
  region size 16384K, 1 young (16384K), 1 survivors (16384K)
 Metaspace       used 55045K, committed 55488K, reserved 1097728K
  class space    used 7489K, committed 7680K, reserved 1048576K
}
Event: 47.488 GC heap before
{Heap before GC invocations=196 (full 0):
 garbage-first heap   total 1998848K, used 328022K [0x0000000713000000, 0x0000000800000000)
  region size 16384K, 8 young (131072K), 1 survivors (16384K)
 Metaspace       used 55045K, committed 55488K, reserved 1097728K
  class space    used 7489K, committed 7680K, reserved 1048576K
}
Event: 47.489 GC heap after
{Heap after GC invocations=197 (full 0):
 garbage-first heap   total 1998848K, used 213329K [0x0000000713000000, 0x0000000800000000)
  region size 16384K, 1 young (16384K), 1 survivors (16384K)
 Metaspace       used 55045K, committed 55488K, reserved 1097728K
  class space    used 7489K, committed 7680K, reserved 1048576K
}
Event: 47.630 GC heap before
{Heap before GC invocations=197 (full 0):
 garbage-first heap   total 1998848K, used 328017K [0x0000000713000000, 0x0000000800000000)
  region size 16384K, 8 young (131072K), 1 survivors (16384K)
 Metaspace       used 55045K, committed 55488K, reserved 1097728K
  class space    used 7489K, committed 7680K, reserved 1048576K
}
Event: 47.631 GC heap after
{Heap after GC invocations=198 (full 0):
 garbage-first heap   total 1998848K, used 213337K [0x0000000713000000, 0x0000000800000000)
  region size 16384K, 1 young (16384K), 1 survivors (16384K)
 Metaspace       used 55045K, committed 55488K, reserved 1097728K
  class space    used 7489K, committed 7680K, reserved 1048576K
}
Event: 47.762 GC heap before
{Heap before GC invocations=198 (full 0):
 garbage-first heap   total 1998848K, used 328025K [0x0000000713000000, 0x0000000800000000)
  region size 16384K, 8 young (131072K), 1 survivors (16384K)
 Metaspace       used 55045K, committed 55488K, reserved 1097728K
  class space    used 7489K, committed 7680K, reserved 1048576K
}
Event: 47.763 GC heap after
{Heap after GC invocations=199 (full 0):
 garbage-first heap   total 1998848K, used 213391K [0x0000000713000000, 0x0000000800000000)
  region size 16384K, 1 young (16384K), 1 survivors (16384K)
 Metaspace       used 55045K, committed 55488K, reserved 1097728K
  class space    used 7489K, committed 7680K, reserved 1048576K
}

Deoptimization events (20 events):
Event: 37.469 Thread 0x000002718c664910 Uncommon trap: trap_request=0xffffff45 fr.pc=0x00000271f795eae8 relative=0x00000000000002c8
Event: 37.469 Thread 0x000002718c664910 Uncommon trap: reason=unstable_if action=reinterpret pc=0x00000271f795eae8 method=java.util.HashMap$KeySpliterator.forEachRemaining(Ljava/util/function/Consumer;)V @ 31 c2
Event: 37.469 Thread 0x000002718c664910 DEOPT PACKING pc=0x00000271f795eae8 sp=0x000000e45a6fe980
Event: 37.469 Thread 0x000002718c664910 DEOPT UNPACKING pc=0x00000271efe8d72e sp=0x000000e45a6fe930 mode 2
Event: 38.584 Thread 0x000002718c66b350 Uncommon trap: trap_request=0xffffff45 fr.pc=0x00000271f7e7cb14 relative=0x0000000000000994
Event: 38.585 Thread 0x000002718c66b350 Uncommon trap: reason=unstable_if action=reinterpret pc=0x00000271f7e7cb14 method=ejz$b.a(Lejz$a;)Z @ 32 c2
Event: 38.585 Thread 0x000002718c66b350 DEOPT PACKING pc=0x00000271f7e7cb14 sp=0x000000e45a5fe610
Event: 38.585 Thread 0x000002718c66b350 DEOPT UNPACKING pc=0x00000271efe8d72e sp=0x000000e45a5fe5a8 mode 2
Event: 38.602 Thread 0x000002718c6678e0 Uncommon trap: trap_request=0xffffff45 fr.pc=0x00000271f7e144bc relative=0x000000000000079c
Event: 38.602 Thread 0x000002718c6678e0 Uncommon trap: reason=unstable_if action=reinterpret pc=0x00000271f7e144bc method=com.google.gson.stream.JsonReader.doPeek()I @ 430 c2
Event: 38.602 Thread 0x000002718c6678e0 DEOPT PACKING pc=0x00000271f7e144bc sp=0x000000e45a4fe820
Event: 38.602 Thread 0x000002718c6678e0 DEOPT UNPACKING pc=0x00000271efe8d72e sp=0x000000e45a4fe7d8 mode 2
Event: 38.880 Thread 0x000002718c663920 DEOPT PACKING pc=0x00000271f0bf5a92 sp=0x000000e45abfed00
Event: 38.880 Thread 0x000002718c663920 DEOPT UNPACKING pc=0x00000271efe8dece sp=0x000000e45abfe200 mode 0
Event: 38.888 Thread 0x000002718c6678e0 DEOPT PACKING pc=0x00000271f0bf5a92 sp=0x000000e45a4fe620
Event: 38.888 Thread 0x000002718c6678e0 DEOPT UNPACKING pc=0x00000271efe8dece sp=0x000000e45a4fdb10 mode 0
Event: 39.063 Thread 0x000002718c663920 Uncommon trap: trap_request=0xffffff45 fr.pc=0x00000271f7b8b104 relative=0x00000000000001e4
Event: 39.063 Thread 0x000002718c663920 Uncommon trap: reason=unstable_if action=reinterpret pc=0x00000271f7b8b104 method=java.util.concurrent.CompletableFuture.postComplete()V @ 13 c2
Event: 39.063 Thread 0x000002718c663920 DEOPT PACKING pc=0x00000271f7b8b104 sp=0x000000e45abff080
Event: 39.063 Thread 0x000002718c663920 DEOPT UNPACKING pc=0x00000271efe8d72e sp=0x000000e45abff020 mode 2

Classes unloaded (0 events):
No events

Classes redefined (0 events):
No events

Internal exceptions (20 events):
Event: 24.213 Thread 0x00000271e86fb5f0 Exception <a 'java/lang/NoSuchMethodError'{0x000000078a027b48}: 'float java.lang.invoke.DirectMethodHandle$Holder.invokeStatic(java.lang.Object)'> (0x000000078a027b48) 
thrown [t:\workspace\open\src\hotspot\share\interpreter\linkResolver.cpp, line 790]
Event: 24.214 Thread 0x00000271e86fb5f0 Exception <a 'java/lang/NoSuchMethodError'{0x000000078a02b1e0}: 'float java.lang.invoke.DirectMethodHandle$Holder.invokeStaticInit(java.lang.Object)'> (0x000000078a02b1e0) 
thrown [t:\workspace\open\src\hotspot\share\interpreter\linkResolver.cpp, line 790]
Event: 24.315 Thread 0x00000271e86fb5f0 Exception <a 'java/lang/NoSuchMethodError'{0x000000078a8546b0}: 'int java.lang.invoke.DirectMethodHandle$Holder.invokeStatic(java.lang.Object, java.lang.Object, int)'> (0x000000078a8546b0) 
thrown [t:\workspace\open\src\hotspot\share\interpreter\linkResolver.cpp, line 790]
Event: 24.317 Thread 0x00000271e86fb5f0 Exception <a 'java/lang/NoSuchMethodError'{0x000000078a861cf8}: 'int java.lang.invoke.DirectMethodHandle$Holder.invokeStatic(java.lang.Object, java.lang.Object, java.lang.Object, int)'> (0x000000078a861cf8) 
thrown [t:\workspace\open\src\hotspot\share\interpreter\linkResolver.cpp, line 790]
Event: 24.744 Thread 0x00000271e86fb5f0 Exception <a 'java/lang/NoSuchMethodError'{0x000000078930d010}: 'double java.lang.invoke.DirectMethodHandle$Holder.invokeStatic(java.lang.Object, java.lang.Object)'> (0x000000078930d010) 
thrown [t:\workspace\open\src\hotspot\share\interpreter\linkResolver.cpp, line 790]
Event: 24.744 Thread 0x00000271e86fb5f0 Exception <a 'java/lang/NoSuchMethodError'{0x00000007893fde10}: 'double java.lang.invoke.DirectMethodHandle$Holder.invokeStaticInit(java.lang.Object, java.lang.Object)'> (0x00000007893fde10) 
thrown [t:\workspace\open\src\hotspot\share\interpreter\linkResolver.cpp, line 790]
Event: 25.487 Thread 0x00000271e86fb5f0 Exception <a 'java/lang/NoSuchMethodError'{0x000000078cff9458}: 'int java.lang.invoke.DirectMethodHandle$Holder.invokeVirtual(java.lang.Object, java.lang.Object, java.lang.Object)'> (0x000000078cff9458) 
thrown [t:\workspace\open\src\hotspot\share\interpreter\linkResolver.cpp, line 790]
Event: 25.753 Thread 0x00000271e86fb5f0 Exception <a 'java/lang/NoSuchMethodError'{0x00000007405056e0}: 'java.lang.Object java.lang.invoke.DirectMethodHandle$Holder.invokeVirtual(java.lang.Object, java.lang.Object, java.lang.Object, java.lang.Object)'> (0x00000007405056e0) 
thrown [t:\workspace\open\src\hotspot\share\interpreter\linkResolver.cpp, line 790]
Event: 27.187 Thread 0x00000271e86fb5f0 Exception <a 'java/lang/NoSuchMethodError'{0x000000078505a410}: 'void java.lang.invoke.DirectMethodHandle$Holder.invokeStaticInit(java.lang.Object, java.lang.Object, java.lang.Object, int, int)'> (0x000000078505a410) 
thrown [t:\workspace\open\src\hotspot\share\interpreter\linkResolver.cpp, line 790]
Event: 27.357 Thread 0x00000271e86fb5f0 Exception <a 'java/lang/NoSuchMethodError'{0x000000073fd10f70}: 'void java.lang.invoke.DirectMethodHandle$Holder.invokeInterface(java.lang.Object, java.lang.Object)'> (0x000000073fd10f70) 
thrown [t:\workspace\open\src\hotspot\share\interpreter\linkResolver.cpp, line 790]
Event: 27.440 Thread 0x00000271e86fb5f0 Exception <a 'java/lang/NoSuchMethodError'{0x000000078b20fd08}: 'void java.lang.invoke.DirectMethodHandle$Holder.invokeSpecialIFC(java.lang.Object, java.lang.Object, java.lang.Object, java.lang.Object)'> (0x000000078b20fd08) 
thrown [t:\workspace\open\src\hotspot\share\interpreter\linkResolver.cpp, line 790]
Event: 27.444 Thread 0x00000271e86fb5f0 Exception <a 'java/lang/NoSuchMethodError'{0x000000078b22fb20}: 'void java.lang.invoke.DirectMethodHandle$Holder.invokeSpecial(java.lang.Object, java.lang.Object, java.lang.Object, java.lang.Object, java.lang.Object)'> (0x000000078b22fb20) 
thrown [t:\workspace\open\src\hotspot\share\interpreter\linkResolver.cpp, line 790]
Event: 27.657 Thread 0x00000271e86fb5f0 Exception <a 'java/lang/IncompatibleClassChangeError'{0x000000078cd3fb80}: Found class java.lang.Object, but interface was expected> (0x000000078cd3fb80) 
thrown [t:\workspace\open\src\hotspot\share\interpreter\linkResolver.cpp, line 857]
Event: 27.993 Thread 0x000002718c66b350 Exception <a 'java/lang/NoSuchMethodError'{0x00000007858231d0}: 'void java.lang.invoke.DirectMethodHandle$Holder.invokeStatic(java.lang.Object, java.lang.Object, int)'> (0x00000007858231d0) 
thrown [t:\workspace\open\src\hotspot\share\interpreter\linkResolver.cpp, line 790]
Event: 28.532 Thread 0x000002718c664910 Exception <a 'java/lang/NoSuchMethodError'{0x000000078bd6d5b0}: 'void java.lang.invoke.DirectMethodHandle$Holder.invokeSpecial(java.lang.Object, java.lang.Object, java.lang.Object, java.lang.Object, java.lang.Object, java.lang.Object, java.lang.Object, java.lang.Object)'> (0x000000078bd6d5b0) 
thrown [t:\workspace\open\src\hotspot\share\interpreter\linkResolver.cpp, line 790]
Event: 28.751 Thread 0x000002718c6678e0 Exception <a 'java/lang/NoSuchMethodError'{0x000000078ad09f88}: 'int java.lang.invoke.DirectMethodHandle$Holder.invokeSpecialIFC(java.lang.Object, java.lang.Object, java.lang.Object, java.lang.Object, java.lang.Object)'> (0x000000078ad09f88) 
thrown [t:\workspace\open\src\hotspot\share\interpreter\linkResolver.cpp, line 790]
Event: 28.942 Thread 0x000002718c664910 Exception <a 'java/lang/NoSuchMethodError'{0x000000078b55b888}: 'void java.lang.invoke.DirectMethodHandle$Holder.invokeSpecial(java.lang.Object, java.lang.Object, int, java.lang.Object)'> (0x000000078b55b888) 
thrown [t:\workspace\open\src\hotspot\share\interpreter\linkResolver.cpp, line 790]
Event: 36.306 Thread 0x000002718c664910 Exception <a 'java/lang/NoSuchMethodError'{0x000000078d00d858}: 'void java.lang.invoke.DirectMethodHandle$Holder.invokeSpecial(java.lang.Object, java.lang.Object, java.lang.Object, java.lang.Object, java.lang.Object, java.lang.Object)'> (0x000000078d00d858) 
thrown [t:\workspace\open\src\hotspot\share\interpreter\linkResolver.cpp, line 790]
Event: 37.579 Thread 0x000002718c663920 Exception <a 'java/lang/NoSuchMethodError'{0x000000076a8afe60}: 'void java.lang.invoke.DirectMethodHandle$Holder.invokeVirtual(java.lang.Object, java.lang.Object, long, int)'> (0x000000076a8afe60) 
thrown [t:\workspace\open\src\hotspot\share\interpreter\linkResolver.cpp, line 790]
Event: 37.865 Thread 0x000002718c6678e0 Exception <a 'java/lang/NoSuchMethodError'{0x00000007805fb0f8}: 'java.lang.Object java.lang.invoke.Invokers$Holder.linkToTargetMethod(java.lang.Object, int, java.lang.Object, java.lang.Object, java.lang.Object, java.lang.Object)'> (0x00000007805fb0f8) 
thrown [t:\workspace\open\src\hotspot\share\interpreter\linkResolver.cpp, line 790]

Events (20 events):
Event: 46.923 Executing  VM operation: G1CollectForAllocation
Event: 46.924 Executing  VM operation: G1CollectForAllocation done
Event: 47.022 Executing  VM operation: G1CollectForAllocation
Event: 47.023 Executing  VM operation: G1CollectForAllocation done
Event: 47.092 Executing  VM operation: G1CollectForAllocation
Event: 47.093 Executing  VM operation: G1CollectForAllocation done
Event: 47.147 Executing  VM operation: G1CollectForAllocation
Event: 47.148 Executing  VM operation: G1CollectForAllocation done
Event: 47.202 Executing  VM operation: G1CollectForAllocation
Event: 47.203 Executing  VM operation: G1CollectForAllocation done
Event: 47.286 Executing  VM operation: G1CollectForAllocation
Event: 47.287 Executing  VM operation: G1CollectForAllocation done
Event: 47.391 Executing  VM operation: G1CollectForAllocation
Event: 47.392 Executing  VM operation: G1CollectForAllocation done
Event: 47.488 Executing  VM operation: G1CollectForAllocation
Event: 47.489 Executing  VM operation: G1CollectForAllocation done
Event: 47.630 Executing  VM operation: G1CollectForAllocation
Event: 47.631 Executing  VM operation: G1CollectForAllocation done
Event: 47.762 Executing  VM operation: G1CollectForAllocation
Event: 47.763 Executing  VM operation: G1CollectForAllocation done


Dynamic libraries:
0x00007ff6ca100000 - 0x00007ff6ca110000 	C:\Program Files\Java\jdk-16.0.1\bin\java.exe
0x00007ffb3c1b0000 - 0x00007ffb3c37f000 	C:\windows\SYSTEM32\ntdll.dll
0x00007ffb3bf40000 - 0x00007ffb3bfed000 	C:\windows\System32\KERNEL32.DLL
0x00007ffb39080000 - 0x00007ffb3929e000 	C:\windows\System32\KERNELBASE.dll
0x00007ffb392a0000 - 0x00007ffb39394000 	C:\windows\System32\ucrtbase.dll
0x00007ffb2e6b0000 - 0x00007ffb2e6c8000 	C:\Program Files\Java\jdk-16.0.1\bin\jli.dll
0x00007ffb2c060000 - 0x00007ffb2c079000 	C:\Program Files\Java\jdk-16.0.1\bin\VCRUNTIME140.dll
0x00007ffb39dd0000 - 0x00007ffb39e76000 	C:\windows\System32\ADVAPI32.dll
0x00007ffb3a270000 - 0x00007ffb3a30e000 	C:\windows\System32\msvcrt.dll
0x00007ffb3bea0000 - 0x00007ffb3befb000 	C:\windows\System32\sechost.dll
0x00007ffb3bff0000 - 0x00007ffb3c10d000 	C:\windows\System32\RPCRT4.dll
0x00007ffb3bd30000 - 0x00007ffb3be96000 	C:\windows\System32\USER32.dll
0x00007ffb386f0000 - 0x00007ffb3870e000 	C:\windows\System32\win32u.dll
0x00007ffb32200000 - 0x00007ffb3247a000 	C:\windows\WinSxS\amd64_microsoft.windows.common-controls_6595b64144ccf1df_6.0.14393.4169_none_7de0bbf28341b1f2\COMCTL32.dll
0x00007ffb3bf00000 - 0x00007ffb3bf34000 	C:\windows\System32\GDI32.dll
0x00007ffb3ba60000 - 0x00007ffb3bd26000 	C:\windows\System32\combase.dll
0x00007ffb387c0000 - 0x00007ffb38944000 	C:\windows\System32\gdi32full.dll
0x00007ffb38680000 - 0x00007ffb386ec000 	C:\windows\System32\bcryptPrimitives.dll
0x00007ffb37580000 - 0x00007ffb3758a000 	C:\windows\SYSTEM32\VERSION.dll
0x00007ffb39b80000 - 0x00007ffb39bae000 	C:\windows\System32\IMM32.DLL
0x00007ffb37590000 - 0x00007ffb375c1000 	C:\windows\system32\nvinitx.dll
0x000000000f000000 - 0x000000000f006000 	C:\Program Files\NVIDIA Corporation\CoProcManager\_etoured.dll
0x00007ffb35b00000 - 0x00007ffb35b32000 	C:\Program Files\NVIDIA Corporation\CoProcManager\nvd3d9wrapx.dll
0x00007ffb39750000 - 0x00007ffb39b79000 	C:\windows\System32\SETUPAPI.dll
0x00007ffb39030000 - 0x00007ffb39072000 	C:\windows\System32\cfgmgr32.dll
0x00007ffb35a00000 - 0x00007ffb35a22000 	C:\Program Files\NVIDIA Corporation\CoProcManager\nvdxgiwrapx.dll
0x00007ffb2ef40000 - 0x00007ffb2ef4c000 	C:\Program Files\Java\jdk-16.0.1\bin\vcruntime140_1.dll
0x00007ffb20030000 - 0x00007ffb200c1000 	C:\Program Files\Java\jdk-16.0.1\bin\msvcp140.dll
0x00007ffb1ac80000 - 0x00007ffb1b82b000 	C:\Program Files\Java\jdk-16.0.1\bin\server\jvm.dll
0x00007ffb3a0a0000 - 0x00007ffb3a0a8000 	C:\windows\System32\PSAPI.DLL
0x00007ffb36b00000 - 0x00007ffb36b23000 	C:\windows\SYSTEM32\WINMM.dll
0x00007ffb2e6a0000 - 0x00007ffb2e6a9000 	C:\windows\SYSTEM32\WSOCK32.dll
0x00007ffb39d60000 - 0x00007ffb39dca000 	C:\windows\System32\WS2_32.dll
0x00000271e6400000 - 0x00000271e642b000 	C:\windows\SYSTEM32\WINMMBASE.dll
0x00007ffb38600000 - 0x00007ffb3860f000 	C:\windows\System32\kernel.appcore.dll
0x00007ffb2dec0000 - 0x00007ffb2deca000 	C:\Program Files\Java\jdk-16.0.1\bin\jimage.dll
0x00007ffb2e410000 - 0x00007ffb2e5a2000 	C:\windows\SYSTEM32\DBGHELP.DLL
0x00007ffb2b860000 - 0x00007ffb2b889000 	C:\windows\SYSTEM32\dbgcore.DLL
0x00007ffb29d20000 - 0x00007ffb29d2e000 	C:\Program Files\Java\jdk-16.0.1\bin\instrument.dll
0x00007ffb2b7d0000 - 0x00007ffb2b7f5000 	C:\Program Files\Java\jdk-16.0.1\bin\java.dll
0x00007ffb3a310000 - 0x00007ffb3b815000 	C:\windows\System32\SHELL32.dll
0x000002718ac00000 - 0x000002718b2d3000 	C:\windows\System32\windows.storage.dll
0x00007ffb38610000 - 0x00007ffb3865c000 	C:\windows\System32\powrprof.dll
0x00007ffb39ea0000 - 0x00007ffb39ef2000 	C:\windows\System32\shlwapi.dll
0x00007ffb39440000 - 0x00007ffb394e8000 	C:\windows\System32\shcore.dll
0x00007ffb38660000 - 0x00007ffb38674000 	C:\windows\System32\profapi.dll
0x00007ffb2b790000 - 0x00007ffb2b7a8000 	C:\Program Files\Java\jdk-16.0.1\bin\zip.dll
0x00007ffb2b890000 - 0x00007ffb2b8a9000 	C:\Program Files\Java\jdk-16.0.1\bin\net.dll
0x00007ffb2f960000 - 0x00007ffb2fa2d000 	C:\windows\SYSTEM32\WINHTTP.dll
0x00007ffb37f20000 - 0x00007ffb37f7d000 	C:\windows\system32\mswsock.dll
0x00007ffb2b7b0000 - 0x00007ffb2b7c3000 	C:\Program Files\Java\jdk-16.0.1\bin\nio.dll
0x00007ffb2c120000 - 0x00007ffb2c129000 	C:\Program Files\Java\jdk-16.0.1\bin\management.dll
0x00007ffb2b5e0000 - 0x00007ffb2b5eb000 	C:\Program Files\Java\jdk-16.0.1\bin\management_ext.dll
0x00007ffb2a360000 - 0x00007ffb2a376000 	C:\windows\system32\napinsp.dll
0x00007ffb2a380000 - 0x00007ffb2a39a000 	C:\windows\system32\pnrpnsp.dll
0x00007ffb36340000 - 0x00007ffb36358000 	C:\windows\system32\NLAapi.dll
0x00007ffb37c90000 - 0x00007ffb37d32000 	C:\windows\SYSTEM32\DNSAPI.dll
0x00007ffb3b820000 - 0x00007ffb3b828000 	C:\windows\System32\NSI.dll
0x00007ffb37c50000 - 0x00007ffb37c88000 	C:\windows\SYSTEM32\IPHLPAPI.DLL
0x00007ffb2a800000 - 0x00007ffb2a80e000 	C:\windows\System32\winrnr.dll
0x00007ffb2a3d0000 - 0x00007ffb2a3e5000 	C:\windows\System32\wshbth.dll
0x00007ffb2de70000 - 0x00007ffb2de7a000 	C:\Windows\System32\rasadhlp.dll
0x00007ffb2feb0000 - 0x00007ffb2ff1a000 	C:\windows\System32\fwpuclnt.dll
0x00007ffb381d0000 - 0x00007ffb381fb000 	C:\windows\SYSTEM32\bcrypt.dll
0x00007ffb380c0000 - 0x00007ffb380d7000 	C:\windows\SYSTEM32\CRYPTSP.dll
0x00007ffb37ad0000 - 0x00007ffb37b03000 	C:\windows\system32\rsaenh.dll
0x00007ffb37d50000 - 0x00007ffb37d70000 	C:\windows\SYSTEM32\USERENV.dll
0x00007ffb380e0000 - 0x00007ffb380eb000 	C:\windows\SYSTEM32\CRYPTBASE.dll
0x00007ffb32f60000 - 0x00007ffb32f76000 	C:\windows\SYSTEM32\dhcpcsvc6.DLL
0x00007ffb33090000 - 0x00007ffb330aa000 	C:\windows\SYSTEM32\dhcpcsvc.DLL
0x00007ffb2b5d0000 - 0x00007ffb2b5de000 	C:\Program Files\Java\jdk-16.0.1\bin\sunmscapi.dll
0x00007ffb39550000 - 0x00007ffb39743000 	C:\windows\System32\CRYPT32.dll
0x00007ffb385f0000 - 0x00007ffb38600000 	C:\windows\System32\MSASN1.dll
0x00007ffb381a0000 - 0x00007ffb381c6000 	C:\windows\SYSTEM32\ncrypt.dll
0x00007ffb38160000 - 0x00007ffb3819b000 	C:\windows\SYSTEM32\NTASN1.dll
0x00007ffb2c260000 - 0x00007ffb2c423000 	C:\windows\system32\urlmon.dll
0x00007ffb30130000 - 0x00007ffb303e2000 	C:\windows\SYSTEM32\iertutil.dll
0x00007ffb2c210000 - 0x00007ffb2c236000 	C:\windows\SYSTEM32\srvcli.dll
0x00007ffb37d40000 - 0x00007ffb37d4d000 	C:\windows\SYSTEM32\netutils.dll
0x00007ffb1e480000 - 0x00007ffb1e4f2000 	G:\360驱动大师目录\versions\1.16.5\natives-windows-x86_64\lwjgl.dll
0x00007ffb1ee10000 - 0x00007ffb1ee6e000 	G:\360驱动大师目录\versions\1.16.5\natives-windows-x86_64\glfw.dll
0x00007ffb1c2f0000 - 0x00007ffb1c541000 	G:\360驱动大师目录\versions\1.16.5\natives-windows-x86_64\jemalloc.dll
0x00007ffb36db0000 - 0x00007ffb36e45000 	C:\windows\system32\uxtheme.dll
0x00007ffb22730000 - 0x00007ffb22770000 	C:\windows\SYSTEM32\dinput8.dll
0x00007ffb29d10000 - 0x00007ffb29d1e000 	C:\windows\SYSTEM32\xinput1_4.dll
0x00007ffb372d0000 - 0x00007ffb372f8000 	C:\windows\SYSTEM32\DEVOBJ.dll
0x00007ffb36230000 - 0x00007ffb36256000 	C:\windows\SYSTEM32\dwmapi.dll
0x00007ffb3a0b0000 - 0x00007ffb3a20b000 	C:\windows\System32\MSCTF.dll
0x00007ffb3b9a0000 - 0x00007ffb3ba60000 	C:\windows\System32\OLEAUT32.dll
0x00007ffb393a0000 - 0x00007ffb3943c000 	C:\windows\System32\msvcp_win.dll
0x00007ffb37540000 - 0x00007ffb3754c000 	C:\windows\SYSTEM32\HID.DLL
0x00007ffb394f0000 - 0x00007ffb39545000 	C:\windows\System32\WINTRUST.dll
0x00007ffb1c720000 - 0x00007ffb1c843000 	C:\windows\SYSTEM32\opengl32.dll
0x00007ffb22970000 - 0x00007ffb2299d000 	C:\windows\SYSTEM32\GLU32.dll
0x00007ffb2a560000 - 0x00007ffb2a657000 	C:\windows\SYSTEM32\DDRAW.dll
0x00007ffb35e50000 - 0x00007ffb35e58000 	C:\windows\SYSTEM32\DCIMAN32.dll
0x0000000063dd0000 - 0x0000000065b19000 	C:\windows\SYSTEM32\nvoglv64.DLL
0x00007ffb35fd0000 - 0x00007ffb35fe3000 	C:\windows\SYSTEM32\WTSAPI32.dll
0x00007ffb37300000 - 0x00007ffb37332000 	C:\windows\SYSTEM32\ntmarta.dll
0x00007ffb37810000 - 0x00007ffb37866000 	C:\windows\SYSTEM32\WINSTA.dll
0x00007ffb33a90000 - 0x00007ffb346e0000 	C:\windows\system32\igd10umd64.dll
0x00007ffb1c6c0000 - 0x00007ffb1c718000 	G:\360驱动大师目录\versions\1.16.5\natives-windows-x86_64\lwjgl_opengl.dll
0x00007ffb1c640000 - 0x00007ffb1c6bf000 	G:\360驱动大师目录\versions\1.16.5\natives-windows-x86_64\lwjgl_stb.dll
0x00007ffb324c0000 - 0x00007ffb32551000 	C:\windows\SYSTEM32\mscms.dll
0x00007ffb1f870000 - 0x00007ffb1f8b2000 	C:\windows\SYSTEM32\icm32.dll
0x00007ffb28bf0000 - 0x00007ffb28c00000 	C:\Program Files\Java\jdk-16.0.1\bin\verify.dll
0x00007ffb1e430000 - 0x00007ffb1e472000 	C:\Users\rongya\AppData\Local\Temp\jna--925353410\jna15775138555915115533.dll
0x00007ffb27ff0000 - 0x00007ffb2800a000 	G:\360驱动大师目录\versions\1.16.5\natives-windows-x86_64\SAPIWrapper_x64.dll
0x00007ffb39f60000 - 0x00007ffb3a099000 	C:\windows\System32\ole32.dll
0x00007ffb3c110000 - 0x00007ffb3c1af000 	C:\windows\System32\clbcatq.dll
0x00007ffb1bb20000 - 0x00007ffb1bca3000 	C:\windows\System32\Speech\Common\sapi.dll
0x00007ffb1fb80000 - 0x00007ffb1fb9c000 	C:\windows\SYSTEM32\MSACM32.dll
0x00007ffb27bd0000 - 0x00007ffb27bda000 	C:\windows\SYSTEM32\msdmo.dll
0x00007ffb32980000 - 0x00007ffb329ef000 	C:\windows\System32\MMDevApi.dll
0x00007ffb35ff0000 - 0x00007ffb36175000 	C:\windows\System32\PROPSYS.dll

dbghelp: loaded successfully - version: 4.0.5 - missing functions: none
symbol engine: initialized successfully - sym options: 0x614 - pdb path: .;C:\Program Files\Java\jdk-16.0.1\bin;C:\windows\SYSTEM32;C:\windows\WinSxS\amd64_microsoft.windows.common-controls_6595b64144ccf1df_6.0.14393.4169_none_7de0bbf28341b1f2;C:\Program Files\NVIDIA Corporation\CoProcManager;C:\Program Files\Java\jdk-16.0.1\bin\server;G:\360驱动大师目录\versions\1.16.5\natives-windows-;G:\360驱动大师目录\versions\1.16.5\natives-wi;G:\360驱动大师目录\versions\1.16.5\nati;G:\360驱动大师目录\versions\1.16.;G:\360驱动大师目录\versions\1.16.5\natives-windows-x86_64;C:\Users\rongya\App;C:\Users\rongya\AppData\Local\Temp\jna--925353410;C:\

VM Arguments:
jvm_args: -Dfile.encoding=GB18030 -Dminecraft.client.jar=G:\360驱动大师目录\versions\1.16.5\1.16.5.jar -XX:+UnlockExperimentalVMOptions -XX:+UseG1GC -XX:G1NewSizePercent=20 -XX:G1ReservePercent=20 -XX:MaxGCPauseMillis=50 -XX:G1HeapRegionSize=16m -XX:-UseAdaptiveSizePolicy -XX:-OmitStackTraceInFastThrow -XX:-DontCompileHugeMethods -Xmn128m -Xmx3788m --illegal-access=permit -Dfml.ignoreInvalidMinecraftCertificates=true -Dfml.ignorePatchDiscrepancies=true -Djava.rmi.server.useCodebaseOnly=true -Dcom.sun.jndi.rmi.object.trustURLCodebase=false -Dcom.sun.jndi.cosnaming.object.trustURLCodebase=false -Dlog4j2.formatMsgNoLookups=true -Dlog4j.configurationFile=G:\360驱动大师目录\versions\1.16.5\log4j2.xml -XX:HeapDumpPath=MojangTricksIntelDriversForPerformance_javaw.exe_minecraft.exe.heapdump -Djava.library.path=G:\360驱动大师目录\versions\1.16.5\natives-windows-x86_64 -Dminecraft.launcher.brand=HMCL -Dminecraft.launcher.version=3.5.2.218 -javaagent:C:\Users\rongya\AppData\Roaming\.hmcl\log4j-patch-agent-1.0.jar=false 
java_command: net.minecraft.client.main.Main --username z/？ --version 1.16.5 --gameDir G:\360驱动大师目录 --assetsDir G:\360驱动大师目录\assets --assetIndex 1.16 --uuid 9105b5188c88378ea5a65d8919c78a4e --accessToken 00056099b04547c69da499672840ab4f --userType mojang --versionType HMCL 3.5.2.218 --width 854 --height 480
java_class_path (initial): G:\360驱动大师目录\libraries\com\mojang\patchy\1.3.9\patchy-1.3.9.jar;G:\360驱动大师目录\libraries\oshi-project\oshi-core\1.1\oshi-core-1.1.jar;G:\360驱动大师目录\libraries\net\java\dev\jna\jna\4.4.0\jna-4.4.0.jar;G:\360驱动大师目录\libraries\net\java\dev\jna\platform\3.4.0\platform-3.4.0.jar;G:\360驱动大师目录\libraries\com\ibm\icu\icu4j\66.1\icu4j-66.1.jar;G:\360驱动大师目录\libraries\com\mojang\javabridge\1.0.22\javabridge-1.0.22.jar;G:\360驱动大师目录\libraries\net\sf\jopt-simple\jopt-simple\5.0.3\jopt-simple-5.0.3.jar;G:\360驱动大师目录\libraries\io\netty\netty-all\4.1.25.Final\netty-all-4.1.25.Final.jar;G:\360驱动大师目录\libraries\com\google\guava\guava\21.0\guava-21.0.jar;G:\360驱动大师目录\libraries\org\apache\commons\commons-lang3\3.5\commons-lang3-3.5.jar;G:\360驱动大师目录\libraries\commons-io\commons-io\2.5\commons-io-2.5.jar;G:\360驱动大师目录\libraries\commons-codec\commons-codec\1.10\commons-codec-1.10.jar;G:\360驱动大师目录\libraries\net\java\jinput\jinput\2.0.5\jinput-2.0.5.jar;G:\360驱动大师目录\libraries\net\java\jutils\jutils\1.0.0\jutils-1.0.0.jar;G:\360驱动大师目录\libraries\com\mojang\brigadier\1.0.17\brigadier-1.0.17.jar;G:\360驱动大师目录\libraries\com\mojang\datafixerupper\4.0.26\datafixerupper-4.0.26.jar;G:\360驱动大师目录\libraries\com\google\code\gson\gson\2.8.0\gson-2.8.0.jar;G:\360驱动大师目录\libraries\com\mojang\authlib\2.1.28\authlib-2.1.28.jar;G:\360驱动大师目录\libraries\org\apache\commons\commons-compress\1.8.1\commons-compress-1.8.1.jar;G:\360驱动大师目录\libraries\org\apache\httpcomponents\httpclient\4.3.3\httpclient-4.3.3.jar;G:\360驱动大师目录\libraries\commons-logging\commons-logging\1.1.3\commons-logging-1.1.3.jar;G:\360驱动大师目录\libraries\org\apache\httpcomponents\httpcore\4.3.2\httpcore-4.3.2.jar;G:\360驱动大师目录\libraries\it\unimi\dsi\fastutil\8.2.1\fastutil-8.2.1.jar;G:\360驱动大师目录\libraries\org\apache\logging\log4j\log4j-api\2.8.1\log4j-api-2.8.1.jar;G:\360驱动大师目录\libraries\o
Launcher Type: SUN_STANDARD

[Global flags]
     intx CICompilerCount                          = 3                                         {product} {ergonomic}
     uint ConcGCThreads                            = 1                                         {product} {ergonomic}
     bool DontCompileHugeMethods                   = false                                     {product} {command line}
     uint G1ConcRefinementThreads                  = 4                                         {product} {ergonomic}
   size_t G1HeapRegionSize                         = 16777216                                  {product} {command line}
    uintx G1NewSizePercent                         = 20                                   {experimental} {command line}
    uintx G1ReservePercent                         = 20                                        {product} {command line}
    uintx GCDrainStackTargetSize                   = 64                                        {product} {ergonomic}
    ccstr HeapDumpPath                             = MojangTricksIntelDriversForPerformance_javaw.exe_minecraft.exe.heapdump         {manageable} {command line}
   size_t InitialHeapSize                          = 150994944                                 {product} {ergonomic}
   size_t MarkStackSize                            = 4194304                                   {product} {ergonomic}
    uintx MaxGCPauseMillis                         = 50                                        {product} {command line}
   size_t MaxHeapSize                              = 3976200192                                {product} {command line, ergonomic}
   size_t MaxNewSize                               = 134217728                                 {product} {command line}
   size_t MinHeapDeltaBytes                        = 16777216                                  {product} {ergonomic}
   size_t MinHeapSize                              = 150994944                                 {product} {ergonomic}
   size_t NewSize                                  = 134217728                                 {product} {command line}
    uintx NonNMethodCodeHeapSize                   = 5832780                                {pd product} {ergonomic}
    uintx NonProfiledCodeHeapSize                  = 122912730                              {pd product} {ergonomic}
     bool OmitStackTraceInFastThrow                = false                                     {product} {command line}
    uintx ProfiledCodeHeapSize                     = 122912730                              {pd product} {ergonomic}
    uintx ReservedCodeCacheSize                    = 251658240                              {pd product} {ergonomic}
     bool SegmentedCodeCache                       = true                                      {product} {ergonomic}
   size_t SoftMaxHeapSize                          = 3976200192                             {manageable} {ergonomic}
     bool UnlockExperimentalVMOptions              = true                                 {experimental} {command line}
     bool UseAOT                                   = false                                {experimental} {ergonomic}
     bool UseAdaptiveSizePolicy                    = false                                     {product} {command line}
     bool UseCompressedClassPointers               = true                           {product lp64_product} {ergonomic}
     bool UseCompressedOops                        = true                           {product lp64_product} {ergonomic}
     bool UseFastUnorderedTimeStamps               = true                                 {experimental} {ergonomic}
     bool UseG1GC                                  = true                                      {product} {command line}
     bool UseLargePagesIndividualAllocation        = false                                  {pd product} {ergonomic}

Logging:
Log output configuration:
 #0: stdout all=warning uptime,level,tags
 #1: stderr all=off uptime,level,tags

Environment Variables:
PATH=C:\Program Files (x86)\NVIDIA Corporation\PhysX\Common;C:\Program Files\Common Files\Oracle\Java\javapath;C:\Program Files (x86)\Common Files\Oracle\Java\javapath;C:\windows\system32;C:\windows;C:\windows\System32\Wbem;C:\windows\System32\WindowsPowerShell\v1.0\;C:\Users\rongya\AppData\Local\Microsoft\WindowsApps;
USERNAME=rongya
OS=Windows_NT
PROCESSOR_IDENTIFIER=Intel64 Family 6 Model 42 Stepping 7, GenuineIntel



---------------  S Y S T E M  ---------------

OS:
 Windows 10 , 64 bit Build 14393 (10.0.14393.4651)
OS uptime: 0 days 2:12 hours

CPU: total 4 (initial active 4) (2 cores per cpu, 2 threads per core) family 6 model 42 stepping 7 microcode 0x2f, cx8, cmov, fxsr, ht, mmx, sse, sse2, sse3, ssse3, sse4.1, sse4.2, popcnt, tsc, tscinvbit, avx, aes, clmul, vzeroupper, clflush

Memory: 4k page, system-wide physical 8073M (3769M free)
TotalPageFile size 11017M (AvailPageFile size 5329M)
current process WorkingSet (physical memory assigned to process): 1277M, peak: 1306M
current process commit charge ("private bytes"): 2478M, peak: 2504M

vm_info: Java HotSpot(TM) 64-Bit Server VM (16.0.1+9-24) for windows-amd64 JRE (16.0.1+9-24), built on Mar 26 2021 19:31:42 by "mach5one" with MS VC++ 16.7 (VS2019)

END.
